Results generated by fwts: Version V16.01.00 (2016-01-13 08:23:12).

Some of this work - Copyright (c) 1999 - 2016, Intel Corp. All rights reserved.
Some of this work - Copyright (c) 2010 - 2016, Canonical.

This test run on 09/02/16 at 13:06:10 on host Linux ubuntu 4.2.0-18-generic
#22~14.04.1-Ubuntu SMP Fri Nov 6 22:20:11 UTC 2015 x86_64.

Command: "fwts --force-clean --skip-test=s3 --batch --uefitests
--show-progress-dialog --log-type plaintext".
Running tests: version bios_info oops klog mtrr acpiinfo uefirtauthvar
uefibootpath securebootcert uefirtmisc uefirtvariable uefirttime csm maxreadreq
crs aspm dmicheck microcode msr nx cpufreq maxfreq virt pnp pciirq mpcheck
hda_audio ebda bios32 apicedge xenv xsdt wmi wdat wakealarm waet uefi tpm2 tcpa
syntaxcheck stao srat spmi spcr slit slic sbst rsdt rsdp pcc osilinux method
msdm mchi mcfg madt lpit iort hpet hest gtdt fpdt fan fadt facs erst ecdt dmar
dbg2 dbgp cstates csrt cpep checksum autobrightness boot bgrt bert aspt asf
apicinstance acpitables.

version: Gather kernel system information.
--------------------------------------------------------------------------------
Test 1 of 4: Gather kernel signature.
Signature: Ubuntu 4.2.0-18.22~14.04.1-generic 4.2.3

Test 2 of 4: Gather kernel system information.
Kernel Version: Linux version 4.2.0-18-generic (buildd@lgw01-55) (gcc version
4.8.2 (Ubuntu 4.8.2-19ubuntu1) ) #22~14.04.1-Ubuntu SMP Fri Nov 6 22:20:11 UTC
2015

Test 3 of 4: Gather kernel boot command line.
Kernel boot command line: BOOT_IMAGE=/casper/vmlinuz boot=casper ip=frommedia
persistent noprompt splash quiet FWTS_AUTO_SHUTDOWN=1 --

Test 4 of 4: Gather ACPI driver version.
ACPI Version: 20150619

================================================================================
0 passed, 0 failed, 0 warning, 0 aborted, 0 skipped, 4 info only.
================================================================================

bios_info: Gather BIOS DMI information.
--------------------------------------------------------------------------------
Test 1 of 1: Gather BIOS DMI information
BIOS Vendor       : Dell Inc.
BIOS Version      : A12
BIOS Release Date : 10/25/2013
Board Name        : 0010T1
Board Serial #    : <removed>
Board Version     : A00
Board Asset Tag   : 
Chassis Serial #  : <removed>
Chassis Type      : 8
Chassis Vendor    : Dell Inc.
Chassis Version   : A12
Chassic Asset Tag : 
Product Name      : Inspiron 3521
Product Serial #  : <removed>
Product UUID      : <removed>
Product Version   : A12
System Vendor     : Dell Inc.

================================================================================
0 passed, 0 failed, 0 warning, 0 aborted, 0 skipped, 1 info only.
================================================================================

oops: Scan kernel log for Oopses.
--------------------------------------------------------------------------------
Test 1 of 1: Kernel log oops check.
PASSED: Test 1, Found no oopses in kernel log.
PASSED: Test 1, Found no WARN_ON warnings in kernel log.

================================================================================
2 passed, 0 failed, 0 warning, 0 aborted, 0 skipped, 0 info only.
================================================================================

klog: Scan kernel log for errors and warnings.
--------------------------------------------------------------------------------
Test 1 of 1: Kernel log error check.
Kernel message: [ 0.037411] ENERGY_PERF_BIAS: Set to 'normal', was 'performance'

ADVICE: This is not exactly a failure but a warning from the kernel. The
MSR_IA32_ENERGY_PERF_BIAS was initialized and defaulted to a high performance
bias setting. The kernel has detected this and changed it down to a 'normal'
bias setting.

Kernel message: [ 0.160405] ACPI Exception: AE_NOT_FOUND, While evaluating Sleep
State [\_S1_] (20150619/hwxface-580)

ADVICE: The exception comes from kernel cannot find _S1 namespace object that
contains the register values for the sleep state when kernel would like to setup
all the sleep state information. This means that the kernel does not know how to
enter the S1 sleep state, however, it should not be a problem if the S1 sleep
state isn't supported intentionally.

Kernel message: [ 0.160411] ACPI Exception: AE_NOT_FOUND, While evaluating Sleep
State [\_S2_] (20150619/hwxface-580)

ADVICE: The exception comes from kernel cannot find _S2 namespace object that
contains the register values for the sleep state when kernel would like to setup
all the sleep state information. This means that the kernel does not know how to
enter the S2 sleep state, however, it should not be a problem if the S2 sleep
state isn't supported intentionally.

FAILED [HIGH] KlogOscInvalidUuid: Test 1, HIGH Kernel message: [ 0.307651]
\_SB_.PCI0:_OSC invalid UUID

ADVICE: The _OSC method indicates it has been passed an invalid UUID, see
section 6.2.10 _OSC (Operating System Capabilities) of the ACPI specification
for more details. Note that it has been observed on some systems that this error
is returned because the _OSC has evaluated incorrectly and it returns with an
incorrect error setting the OSC invalid UUID error bit.

FAILED [HIGH] KlogAcpiBadAmlCode: Test 1, HIGH Kernel message: [ 29.262046] ACPI
Warning: SystemIO range 0x0000000000000428-0x000000000000042F conflicts with
OpRegion 0x0000000000000400-0x000000000000047F (\PMIO) (20150619/utaddress-254)

ADVICE: ACPI AML intepreter has found some non-conforming AML code. This should
be investigated and fixed.

FAILED [HIGH] KlogAcpiBadAmlCode: Test 1, HIGH Kernel message: [ 29.262060] ACPI
Warning: SystemIO range 0x0000000000000540-0x000000000000054F conflicts with
OpRegion 0x0000000000000500-0x0000000000000563 (\GPIO) (20150619/utaddress-254)

ADVICE: ACPI AML intepreter has found some non-conforming AML code. This should
be investigated and fixed.

FAILED [HIGH] KlogAcpiBadAmlCode: Test 1, HIGH Kernel message: [ 29.262068] ACPI
Warning: SystemIO range 0x0000000000000530-0x000000000000053F conflicts with
OpRegion 0x0000000000000500-0x0000000000000563 (\GPIO) (20150619/utaddress-254)

ADVICE: ACPI AML intepreter has found some non-conforming AML code. This should
be investigated and fixed.

FAILED [HIGH] KlogAcpiBadAmlCode: Test 1, HIGH Kernel message: [ 29.262116] ACPI
Warning: SystemIO range 0x0000000000000500-0x000000000000052F conflicts with
OpRegion 0x0000000000000500-0x0000000000000563 (\GPIO) (20150619/utaddress-254)

ADVICE: ACPI AML intepreter has found some non-conforming AML code. This should
be investigated and fixed.

FAILED [LOW] KlogAcpiSystemIOConflictLpcIchWatchDogTimer: Test 1, LOW Kernel
message: [ 29.262123] lpc_ich: Resource conflict(s) found affecting gpio_ich

ADVICE: A resource conflict has occurred between ACPI OperationRegions and the
same I/O region used by the lpc_ich driver for the General Purpose I/O (GPIO)
region. Sometimes this GPIO region is used by the firmware for rfkill or LED
controls or very rarely for the Embedded Controller System Control Interrupt.
This may require deeper inspection to check if the conflict will lead to any
real issues. However, in the vast majority of cases this warning can be ignored
as no harm will occur.

Found 6 unique errors in kernel log.

================================================================================
0 passed, 6 failed, 0 warning, 0 aborted, 0 skipped, 0 info only.
================================================================================

mtrr: MTRR tests.
--------------------------------------------------------------------------------
MTRR overview
-------------
Reg 0: 0x0000000000000000 - 0x0000000080000000 (  2048 MB)   Write-Back
Reg 1: 0x0000000080000000 - 0x00000000a0000000 (   512 MB)   Write-Back
Reg 2: 0x00000000a0000000 - 0x00000000a8000000 (   128 MB)   Write-Back
Reg 3: 0x00000000a8000000 - 0x00000000aa000000 (    32 MB)   Write-Back
Reg 4: 0x00000000aa000000 - 0x00000000ab000000 (    16 MB)   Write-Back
Reg 5: 0x00000000ffa00000 - 0x00000000ffc00000 (     2 MB)   Write-Protect
Reg 6: 0x00000000ffc00000 - 0x0000000100000000 (     4 MB)   Write-Protect
Reg 7: 0x0000000100000000 - 0x0000000200000000 (  4096 MB)   Write-Back
Reg 8: 0x0000000200000000 - 0x0000000400000000 (  8192 MB)   Write-Back
Reg 9: 0x000000034f600000 - 0x000000034f800000 (     2 MB)   Uncached

Test 1 of 3: Validate the kernel MTRR IOMEM setup.
PASSED: Test 1, Memory ranges seem to have correct attributes.

Test 2 of 3: Validate the MTRR setup across all processors.
PASSED: Test 2, All processors have the a consistent MTRR setup.

Test 3 of 3: Test for AMD MtrrFixDramModEn being cleared by the BIOS.
SKIPPED: Test 3, CPU is not an AMD, cannot test.

================================================================================
2 passed, 0 failed, 0 warning, 0 aborted, 1 skipped, 0 info only.
================================================================================

acpiinfo: General ACPI information test.
--------------------------------------------------------------------------------
Test 1 of 3: Determine Kernel ACPI version.
Kernel ACPICA driver version: 20150619, supports ACPI 5.0

Test 2 of 3: Determine machine's ACPI version.
FADT X_FIRMWARE_CTRL 64 bit pointer was zero, falling back to using
FIRMWARE_CTRL 32 bit pointer.
FACP ACPI Version: 5.0 

Test 3 of 3: Determine AML compiler.
Determine the compiler used to generate the ACPI AML in the DSDT and SSDT.
Table DSDT, OEM DELL , created with ASL (Unknown (ASL )) compiler.
Table SSDT0, OEM COMPAL, created with ACPI (Unknown (ACPI)) compiler.
Table SSDT1, OEM COMPAL, created with ACPI (Unknown (ACPI)) compiler.
Table SSDT2, OEM COMPAL, created with ACPI (Unknown (ACPI)) compiler.

================================================================================
0 passed, 0 failed, 0 warning, 0 aborted, 0 skipped, 3 info only.
================================================================================

uefirtauthvar: Authenticated variable tests.
--------------------------------------------------------------------------------
Test 1 of 12: Create authenticated variable test.
FAILED [HIGH] UEFICreateAuthVar: Test 1, Failed to create authenticated variable
with UEFI runtime service.
Return status: EFI_SECURITY_VIOLATION. The function was not performed due to a
security violation.

Test 2 of 12: Authenticated variable test with the same authenticated variable.
SKIPPED: Test 2, The test variable, AuthVarCreate, doesn't exist, skip the test.

Test 3 of 12: Authenticated variable test with another valid authenticated
variable.
SKIPPED: Test 3, The test variable, AuthVarCreate, doesn't exist, skip the test.

Test 4 of 12: Append authenticated variable test.
SKIPPED: Test 4, The test variable, AuthVarCreate, doesn't exist, skip the test.

Test 5 of 12: Update authenticated variable test.
SKIPPED: Test 5, The test data, AuthVarAppend, doesn't exist, skip the test.

Test 6 of 12: Authenticated variable test with old authenticated variable.
SKIPPED: Test 6, The test variable, AuthVarUpdate, doesn't exist, skip the test.

Test 7 of 12: Delete authenticated variable test.
SKIPPED: Test 7, The test data, AuthVarCreate, doesn't exist, skip the test.

Test 8 of 12: Authenticated variable test with invalid modified data.
PASSED: Test 8, Set authenticated variable test with invalid modified data
passed.

Test 9 of 12: Authenticated variable test with invalid modified timestamp.
PASSED: Test 9, Set authenticated variable test with invalid modified timestamp
passed.

Test 10 of 12: Authenticated variable test with different guid.
PASSED: Test 10, Set authenticated variable test with different guid passed.

Test 11 of 12: Authenticated variable test with invalid attributes.
PASSED: Test 11, Set authenticated variable test with invalid attributes passed.

Test 12 of 12: Set and delete authenticated variable created by different key
test.
FAILED [HIGH] UEFISetAuthVarDiff: Test 12, Failed to set authenticated variable
with UEFI runtime service.
Return status: EFI_SECURITY_VIOLATION. The function was not performed due to a
security violation.

================================================================================
4 passed, 2 failed, 0 warning, 0 aborted, 6 skipped, 0 info only.
================================================================================

uefibootpath: Sanity check for UEFI Boot Path Boot####.
--------------------------------------------------------------------------------
Test 1 of 1: Test UEFI Boot Path Boot####.
Name: Boot0000
Info: USB Storage Device
FAILED [MEDIUM] UEFIBiosBootDevPathLength: Test 1, The length of BIOS Boot
Specification Device Path is 9 bytes is not matching with adding the length of
Description String 13 bytes.
Name: Boot0001
Info: EFI USB1 PATH1 (SanDisk Cruzer Glide)
PASSED: Test 1, Check bootpath Boot0001 test passed.
Name: Boot0005
Info: Network
FAILED [MEDIUM] UEFIBiosBootDevPathLength: Test 1, The length of BIOS Boot
Specification Device Path is 9 bytes is not matching with adding the length of
Description String 13 bytes.
Name: Boot0006
Info: CD/DVD/CD-RW Drive
FAILED [MEDIUM] UEFIBiosBootDevPathLength: Test 1, The length of BIOS Boot
Specification Device Path is 9 bytes is not matching with adding the length of
Description String 13 bytes.
Name: Boot0007
Info: Hard Drive
FAILED [MEDIUM] UEFIBiosBootDevPathLength: Test 1, The length of BIOS Boot
Specification Device Path is 9 bytes is not matching with adding the length of
Description String 13 bytes.
Name: Boot2001
Info: EFI USB Device
PASSED: Test 1, Check bootpath Boot2001 test passed.

================================================================================
2 passed, 4 failed, 0 warning, 0 aborted, 0 skipped, 0 info only.
================================================================================

securebootcert: UEFI secure boot test.
--------------------------------------------------------------------------------
Test 1 of 1: UEFI secure boot test.
The KEK variable check.
  GUID: 8BE4DF61-93CA-11D2-AA0D-00E098032B8C
  Attr: 0x27 (NonVolatile,BootServ,RunTime,TimeBaseAuthenicatedWrite).
SKIPPED: Test 1, Cannot determine system, stop checking the Master CA
certificate.

The SecureBoot variable check.
  GUID: 8BE4DF61-93CA-11D2-AA0D-00E098032B8C
  Attr: 0x17 (NonVolatile,BootServ,RunTime,AuthenicatedWrite).
  Value: 0x00 (Secure Boot Mode Off).
PASSED: Test 1, Secure boot relative variable SecureBoot check passed.

The SetupMode variable check.
  GUID: 8BE4DF61-93CA-11D2-AA0D-00E098032B8C
  Attr: 0x17 (NonVolatile,BootServ,RunTime,AuthenicatedWrite).
  Value: 0x00 (User Mode).
PASSED: Test 1, Secure boot relative variable SetupMode check passed.

The db variable check.
  GUID: D719B2CB-3D3A-4596-A3BC-DAD00E67656F
  Attr: 0x27 (NonVolatile,BootServ,RunTime,TimeBaseAuthenicatedWrite).
Check Microsoft UEFI CA certificate presence in db
PASSED: Test 1, MS UEFI CA 2011 key check passed.


================================================================================
3 passed, 0 failed, 0 warning, 0 aborted, 1 skipped, 0 info only.
================================================================================

uefirtmisc: UEFI miscellaneous runtime service interface tests.
--------------------------------------------------------------------------------
Test 1 of 3: Test for UEFI miscellaneous runtime service interfaces.
Testing UEFI runtime service GetNextHighMonotonicCount interface.
PASSED: Test 1, UEFI runtime service GetNextHighMonotonicCount interface test
passed.
Testing UEFI runtime service QueryCapsuleCapabilities interface.
PASSED: Test 1, UEFI runtime service QueryCapsuleCapabilities interface test
with flag value 0x0 passed.
PASSED: Test 1, UEFI runtime service QueryCapsuleCapabilities interface test
with flag value 0x10000 passed.
PASSED: Test 1, UEFI runtime service QueryCapsuleCapabilities interface test
with flag value 0x30000 passed.
PASSED: Test 1, UEFI runtime service QueryCapsuleCapabilities interface test
with flag value 0x50000 passed.
PASSED: Test 1, UEFI runtime service QueryCapsuleCapabilities interface test
with flag value 0x70000 passed.

Test 2 of 3: Stress test for UEFI miscellaneous runtime service interfaces.
Stress testing for UEFI runtime service GetNextHighMonotonicCount interface.
PASSED: Test 2, UEFI runtime service GetNextHighMonotonicCount interface stress
test passed.
Stress testing UEFI runtime service QueryCapsuleCapabilities interface.
PASSED: Test 2, UEFI runtime service QueryCapsuleCapabilities interface stress
test with flag value 0x0 passed.
PASSED: Test 2, UEFI runtime service QueryCapsuleCapabilities interface stress
test with flag value 0x10000 passed.
PASSED: Test 2, UEFI runtime service QueryCapsuleCapabilities interface stress
test with flag value 0x30000 passed.
PASSED: Test 2, UEFI runtime service QueryCapsuleCapabilities interface stress
test with flag value 0x50000 passed.
PASSED: Test 2, UEFI runtime service QueryCapsuleCapabilities interface stress
test with flag value 0x70000 passed.

Test 3 of 3: Test GetNextHighMonotonicCount with invalid NULL parameter.
PASSED: Test 3, Test with invalid NULL parameter returned EFI_INVALID_PARAMETER
as expected.

================================================================================
13 passed, 0 failed, 0 warning, 0 aborted, 0 skipped, 0 info only.
================================================================================

uefirtvariable: UEFI Runtime service variable interface tests.
--------------------------------------------------------------------------------
Test 1 of 8: Test UEFI RT service get variable interface.
PASSED: Test 1, UEFI runtime service GetVariable interface test passed.

Test 2 of 8: Test UEFI RT service get next variable name interface.
The runtime service GetNextVariableName interface function test.
PASSED: Test 2, The runtime service GetNextVariableName interface function test
passed.
Check the GetNextVariableName returned value of VariableNameSize is equal to the
length of VariableName.
PASSED: Test 2, Check the GetNextVariableName returned value of VariableNameSize
is equal to the length of VariableName passed.
Test GetNextVariableName interface returns unique variables.
PASSED: Test 2, Test GetNextVariableName interface returns unique variables
passed.
The GetNextVariableName interface conformance tests.
PASSED: Test 2, The runtime service GetNextVariableName interface conformance
tests passed.

Test 3 of 8: Test UEFI RT service set variable interface.
Testing SetVariable on two different GUIDs and the same variable name.
PASSED: Test 3, SetVariable on two different GUIDs and the same variable name
passed.
Testing SetVariable on the same and different variable data.
PASSED: Test 3, SetVariable on the same and different variable data passed.
Testing SetVariable on similar variable name.
PASSED: Test 3, SetVariable on similar variable name passed.
Testing SetVariable on DataSize is 0.
PASSED: Test 3, SetVariable on DataSize is 0 passed.
Testing SetVariable on Attributes is 0.
PASSED: Test 3, SetVariable on Attributes is 0 passed.
Testing SetVariable on Invalid Attributes.
PASSED: Test 3, SetVariable on Invalid Attributes passed.
Testing SetVariable with both Authenticated Attributes set.
PASSED: Test 3, Testing SetVariable with both Authenticated Attributes set
passed.

Test 4 of 8: Test UEFI RT service query variable info interface.
PASSED: Test 4, UEFI runtime service query variable info interface test passed.

Test 5 of 8: Test UEFI RT service variable interface stress test.
Testing GetVariable on getting the variable 1024 times.
PASSED: Test 5, GetVariable on getting the variable multiple times passed.
Testing GetNextVariableName on getting the variable multiple times.
PASSED: Test 5, GetNextVariableName on getting the next variable name multiple
times passed.

Test 6 of 8: Test UEFI RT service set variable interface stress test.
Testing SetVariable on setting the variable with the same data 40 times.
PASSED: Test 6, SetVariable on setting the variable with the same data multiple
times passed.
Testing SetVariable on setting the variable with different data 40 times.
PASSED: Test 6, Testing SetVariable on setting the variable with different data
multiple times passed.
Testing SetVariable on setting the variable with different name 40 times.
PASSED: Test 6, Testing SetVariable on setting the variable with different name
multiple times passed.
Testing SetVariable on setting the variable with different name and data 40
times.
PASSED: Test 6, Testing SetVariable on setting the variable with different name
and data multiple times passed.

Test 7 of 8: Test UEFI RT service query variable info interface stress test.
Testing QueryVariableInfo on querying the variable 1024 times.
PASSED: Test 7, UEFI runtime service query variable info interface stress test
passed.

Test 8 of 8: Test UEFI RT service get variable interface, invalid parameters.
Testing GetVariable with NULL variable name.
PASSED: Test 8, GetVariable with NULL variable name returned error
EFI_INVALID_PARAMETER as expected.
Testing GetVariable with NULL vendor GUID.
PASSED: Test 8, GetVariable with NULL vendor GUID returned error
EFI_INVALID_PARAMETER as expected.
Testing GetVariable with NULL datasize.
PASSED: Test 8, GetVariable with NULL datasize returned error
EFI_INVALID_PARAMETER as expected.
Testing GetVariable with NULL data.
PASSED: Test 8, GetVariable with NULL data returned error EFI_INVALID_PARAMETER
as expected.
Testing GetVariable with NULL variable name, vendor GUID, datasize and data.
PASSED: Test 8, GetVariable with NULL variable name, vendor GUID, datasize and
data returned error EFI_INVALID_PARAMETER as expected.

================================================================================
25 passed, 0 failed, 0 warning, 0 aborted, 0 skipped, 0 info only.
================================================================================

uefirttime: UEFI Runtime service time interface tests.
--------------------------------------------------------------------------------
Test 1 of 35: Test UEFI RT service get time interface.
PASSED: Test 1, UEFI runtime service GetTime interface test passed.

Test 2 of 35: Test UEFI RT service get time interface, NULL time parameter.
PASSED: Test 2, UEFI runtime service GetTime interface test passed, returned
EFI_INVALID_PARAMETER as expected.

Test 3 of 35: Test UEFI RT service get time interface, NULL time and NULL
capabilties parameters.
PASSED: Test 3, UEFI runtime service GetTime interface test passed, returned
EFI_INVALID_PARAMETER as expected.

Test 4 of 35: Test UEFI RT service set time interface.
PASSED: Test 4, UEFI runtime service SetTime interface test passed.

Test 5 of 35: Test UEFI RT service set time interface, invalid year 1899.
PASSED: Test 5, UEFI runtime service SetTime interface test passed, returned
EFI_INVALID_PARAMETER as expected.

Test 6 of 35: Test UEFI RT service set time interface, invalid year 10000.
PASSED: Test 6, UEFI runtime service SetTime interface test passed, returned
EFI_INVALID_PARAMETER as expected.

Test 7 of 35: Test UEFI RT service set time interface, invalid month 0.
PASSED: Test 7, UEFI runtime service SetTime interface test passed, returned
EFI_INVALID_PARAMETER as expected.

Test 8 of 35: Test UEFI RT service set time interface, invalid month 13.
PASSED: Test 8, UEFI runtime service SetTime interface test passed, returned
EFI_INVALID_PARAMETER as expected.

Test 9 of 35: Test UEFI RT service set time interface, invalid day 0.
PASSED: Test 9, UEFI runtime service SetTime interface test passed, returned
EFI_INVALID_PARAMETER as expected.

Test 10 of 35: Test UEFI RT service set time interface, invalid day 32.
PASSED: Test 10, UEFI runtime service SetTime interface test passed, returned
EFI_INVALID_PARAMETER as expected.

Test 11 of 35: Test UEFI RT service set time interface, invalid hour 24.
PASSED: Test 11, UEFI runtime service SetTime interface test passed, returned
EFI_INVALID_PARAMETER as expected.

Test 12 of 35: Test UEFI RT service set time interface, invalid minute 60.
PASSED: Test 12, UEFI runtime service SetTime interface test passed, returned
EFI_INVALID_PARAMETER as expected.

Test 13 of 35: Test UEFI RT service set time interface, invalid second 60.
PASSED: Test 13, UEFI runtime service SetTime interface test passed, returned
EFI_INVALID_PARAMETER as expected.

Test 14 of 35: Test UEFI RT service set time interface, invalid nanosecond
1000000000.
PASSED: Test 14, UEFI runtime service SetTime interface test passed, returned
EFI_INVALID_PARAMETER as expected.

Test 15 of 35: Test UEFI RT service set time interface, invalid timezone -1441.
PASSED: Test 15, UEFI runtime service SetTime interface test passed, returned
EFI_INVALID_PARAMETER as expected.

Test 16 of 35: Test UEFI RT service set time interface, invalid timezone 1441.
PASSED: Test 16, UEFI runtime service SetTime interface test passed, returned
EFI_INVALID_PARAMETER as expected.

Test 17 of 35: Test UEFI RT service get wakeup time interface.
FAILED [HIGH] UEFIRuntimeGetWakeupTime: Test 17, Failed to get wakeup time with
UEFI runtime service.
Return status: EFI_DEVICE_ERROR. The physical device reported an error while
attempting the operation.

Test 18 of 35: Test UEFI RT service get wakeup time interface, NULL enabled
parameter.
PASSED: Test 18, UEFI runtime service GetTimeWakeupTime interface test passed,
returned EFI_INVALID_PARAMETER or EFI_UNSUPPORTED as expected.

Test 19 of 35: Test UEFI RT service get wakeup time interface, NULL pending
parameter.
PASSED: Test 19, UEFI runtime service GetTimeWakeupTime interface test passed,
returned EFI_INVALID_PARAMETER or EFI_UNSUPPORTED as expected.

Test 20 of 35: Test UEFI RT service get wakeup time interface, NULL time
parameter.
PASSED: Test 20, UEFI runtime service GetTimeWakeupTime interface test passed,
returned EFI_INVALID_PARAMETER or EFI_UNSUPPORTED as expected.

Test 21 of 35: Test UEFI RT service get wakeup time interface, NULL enabled,
pending and time parameters.
PASSED: Test 21, UEFI runtime service GetTimeWakeupTime interface test passed,
returned EFI_INVALID_PARAMETER or EFI_UNSUPPORTED as expected.

Test 22 of 35: Test UEFI RT service set wakeup time interface.
FAILED [HIGH] UEFIRuntimeGetWakeupTime: Test 22, Failed to get wakeup time with
UEFI runtime service.
Return status: EFI_DEVICE_ERROR. The physical device reported an error while
attempting the operation.

Test 23 of 35: Test UEFI RT service set wakeup time interface, NULL time
parameter.
PASSED: Test 23, UEFI runtime service SetTimeWakeupTime interface test passed,
returned EFI_INVALID_PARAMETER as expected.

Test 24 of 35: Test UEFI RT service set wakeup time interface, invalid year
1899.
FAILED [HIGH] UEFIRuntimeGetWakeupTime: Test 24, Failed to get wakeup time with
UEFI runtime service.
Return status: EFI_DEVICE_ERROR. The physical device reported an error while
attempting the operation.

Test 25 of 35: Test UEFI RT service set wakeup time interface, invalid year
10000.
FAILED [HIGH] UEFIRuntimeGetWakeupTime: Test 25, Failed to get wakeup time with
UEFI runtime service.
Return status: EFI_DEVICE_ERROR. The physical device reported an error while
attempting the operation.

Test 26 of 35: Test UEFI RT service set wakeup time interface, invalid month 0.
FAILED [HIGH] UEFIRuntimeGetWakeupTime: Test 26, Failed to get wakeup time with
UEFI runtime service.
Return status: EFI_DEVICE_ERROR. The physical device reported an error while
attempting the operation.

Test 27 of 35: Test UEFI RT service set wakeup time interface, invalid month 13.
FAILED [HIGH] UEFIRuntimeGetWakeupTime: Test 27, Failed to get wakeup time with
UEFI runtime service.
Return status: EFI_DEVICE_ERROR. The physical device reported an error while
attempting the operation.

Test 28 of 35: Test UEFI RT service set wakeup time interface, invalid day 0.
FAILED [HIGH] UEFIRuntimeGetWakeupTime: Test 28, Failed to get wakeup time with
UEFI runtime service.
Return status: EFI_DEVICE_ERROR. The physical device reported an error while
attempting the operation.

Test 29 of 35: Test UEFI RT service set wakeup time interface, invalid day 32.
FAILED [HIGH] UEFIRuntimeGetWakeupTime: Test 29, Failed to get wakeup time with
UEFI runtime service.
Return status: EFI_DEVICE_ERROR. The physical device reported an error while
attempting the operation.

Test 30 of 35: Test UEFI RT service set wakeup time interface, invalid hour 24.
FAILED [HIGH] UEFIRuntimeGetWakeupTime: Test 30, Failed to get wakeup time with
UEFI runtime service.
Return status: EFI_DEVICE_ERROR. The physical device reported an error while
attempting the operation.

Test 31 of 35: Test UEFI RT service set wakeup time interface, invalid minute
60.
FAILED [HIGH] UEFIRuntimeGetWakeupTime: Test 31, Failed to get wakeup time with
UEFI runtime service.
Return status: EFI_DEVICE_ERROR. The physical device reported an error while
attempting the operation.

Test 32 of 35: Test UEFI RT service set wakeup time interface, invalid second
60.
FAILED [HIGH] UEFIRuntimeGetWakeupTime: Test 32, Failed to get wakeup time with
UEFI runtime service.
Return status: EFI_DEVICE_ERROR. The physical device reported an error while
attempting the operation.

Test 33 of 35: Test UEFI RT service set wakeup time interface, invalid
nanosecond 1000000000.
FAILED [HIGH] UEFIRuntimeGetWakeupTime: Test 33, Failed to get wakeup time with
UEFI runtime service.
Return status: EFI_DEVICE_ERROR. The physical device reported an error while
attempting the operation.

Test 34 of 35: Test UEFI RT service set wakeup time interface, invalid timezone
-1441.
FAILED [HIGH] UEFIRuntimeGetWakeupTime: Test 34, Failed to get wakeup time with
UEFI runtime service.
Return status: EFI_DEVICE_ERROR. The physical device reported an error while
attempting the operation.

Test 35 of 35: Test UEFI RT service set wakeup time interface, invalid timezone
1441.
FAILED [HIGH] UEFIRuntimeGetWakeupTime: Test 35, Failed to get wakeup time with
UEFI runtime service.
Return status: EFI_DEVICE_ERROR. The physical device reported an error while
attempting the operation.

================================================================================
21 passed, 14 failed, 0 warning, 0 aborted, 0 skipped, 0 info only.
================================================================================

csm: UEFI Compatibility Support Module test.
--------------------------------------------------------------------------------
Test 1 of 1: UEFI Compatibility Support Module test.
Checking for UEFI Compatibility Support Module (CSM)
Int 10h jumps to 0xc0014 in option ROM at: 0xc0000..0xcf200
CSM: UEFI firmware seems to have CSM support with Int 10h support.

================================================================================
0 passed, 0 failed, 0 warning, 0 aborted, 0 skipped, 1 info only.
================================================================================

maxreadreq: Test firmware has set PCI Express MaxReadReq to a higher value on
non-motherboard devices.
--------------------------------------------------------------------------------
Test 1 of 1: Test firmware settings MaxReadReq for PCI Express devices.
PASSED: Test 1, All devices have MaxReadReq set > 128.

================================================================================
1 passed, 0 failed, 0 warning, 0 aborted, 0 skipped, 0 info only.
================================================================================

crs: Test PCI host bridge configuration using _CRS.
--------------------------------------------------------------------------------
Test 1 of 1: Test PCI host bridge configuration using _CRS.
PASSED: Test 1, The kernel has detected a BIOS newer than the end of 2007 (10/25
/2013) and has assumed that your BIOS can correctly specify the host bridge MMIO
aperture using _CRS. If this does not work correctly you can override this by
booting with "pci=nocrs".

================================================================================
1 passed, 0 failed, 0 warning, 0 aborted, 0 skipped, 0 info only.
================================================================================

aspm: PCIe ASPM test.
--------------------------------------------------------------------------------
Test 1 of 2: PCIe ASPM ACPI test.
PCIe ASPM is not controlled by Linux kernel.

ADVICE: BIOS reports that Linux kernel should not modify ASPM settings that BIOS
configured. It can be intentional because hardware vendors identified some
capability bugs between the motherboard and the add-on cards.


Test 2 of 2: PCIe ASPM registers test.
WARNING: Test 2, RP 00h:1Ch.00h L0s not enabled.

ADVICE: The ASPM L0s low power Link state is optimized for short entry and exit
latencies, while providing substantial power savings. Disabling L0s of a PCIe
device may increases power consumption, and will impact the battery life of a
mobile system.

FAILED [MEDIUM] PCIEASPM_Unmatched: Test 2, PCIe ASPM setting was not matched.
RP 00h:1Ch.00h has ASPM = 02h.
Device 01h:00h.00h has ASPM = 03h.

ADVICE: ASPM control registers between root port and device must match in order
for ASPM to be active. Unmatched configuration indicates software did not
configure ASPM correctly and the system is not saving power at its full
potential.

PASSED: Test 2, PCIe ASPM setting matched was matched.

================================================================================
1 passed, 1 failed, 1 warning, 0 aborted, 0 skipped, 0 info only.
================================================================================

dmicheck: DMI/SMBIOS table tests.
--------------------------------------------------------------------------------
Test 1 of 3: Find and test SMBIOS Table Entry Points.
This test tries to find and sanity check the SMBIOS data structures.
PASSED: Test 1, Found SMBIOS Table Entry Point at 0xaaebef98
SMBIOS Entry Point Structure:
  Anchor String          : _SM_
  Checksum               : 0x83
  Entry Point Length     : 0x1f
  Major Version          : 0x02
  Minor Version          : 0x07
  Maximum Struct Size    : 0xf7
  Entry Point Revision   : 0x00
  Formatted Area         : 0x00 0x00 0x00 0x00 0x00
  Intermediate Anchor    : _DMI_
  Intermediate Checksum  : 0x68
  Structure Table Length : 0x0c30
  Structure Table Address: 0xaaebc000
  # of SMBIOS Structures : 0x0048
  SBMIOS BCD Revision    : 27

PASSED: Test 1, SMBIOS Table Entry Point Checksum is valid.
PASSED: Test 1, SMBIOS Table Entry Point Length is valid.
PASSED: Test 1, SMBIOS Table Entry Intermediate Anchor String _DMI_ is valid.
PASSED: Test 1, SMBIOS Table Entry Point Intermediate Checksum is valid.
PASSED: Test 1, SMBIOS Table Entry Structure Table Address and Length looks
valid.

Test 2 of 3: Test DMI/SMBIOS tables for errors.
PASSED: Test 2, Entry @ 0xaaebc000 'BIOS Information (Type 0)'
PASSED: Test 2, Entry @ 0xaaebc032 'System Information (Type 1)'
PASSED: Test 2, Entry @ 0xaaebc08c 'Base Board Information (Type 2)'
PASSED: Test 2, Entry @ 0xaaebc0ea 'Chassis Information (Type 3)'
FAILED [LOW] DMISerialNumber: Test 2, String index 0x03 in table entry
'Processor Information (Type 4)' @ 0xaaebc118, field 'Serial Number', offset
0x20 has a default value 'To Be Filled By O.E.M.' and probably has not been
updated by the BIOS vendor.

ADVICE: The DMI table contains data which is clearly been left in a default
setting and not been configured for this machine. Somebody has probably
forgotten to define this field and it basically means this field is effectively
useless, however the kernel does not use this data so the issue is fairly low.

FAILED [LOW] DMISerialNumber: Test 2, String index 0x05 in table entry
'Processor Information (Type 4)' @ 0xaaebc118, field 'Asset Tag', offset 0x21
has a default value 'To Be Filled By O.E.M.' and probably has not been updated
by the BIOS vendor.

ADVICE: The DMI table contains data which is clearly been left in a default
setting and not been configured for this machine. Somebody has probably
forgotten to define this field and it basically means this field is effectively
useless, however the kernel does not use this data so the issue is fairly low.

FAILED [LOW] DMISerialNumber: Test 2, String index 0x06 in table entry
'Processor Information (Type 4)' @ 0xaaebc118, field 'Part Number', offset 0x22
has a default value 'To Be Filled By O.E.M.' and probably has not been updated
by the BIOS vendor.

ADVICE: The DMI table contains data which is clearly been left in a default
setting and not been configured for this machine. Somebody has probably
forgotten to define this field and it basically means this field is effectively
useless, however the kernel does not use this data so the issue is fairly low.


ADVICE: It may be worth checking against section 7.5 of the System Management
BIOS (SMBIOS) Reference Specification (see http://www.dmtf.org/standards
/smbios).

PASSED: Test 2, Entry @ 0xaaebc1cb 'Memory Controller Information (Type 5)'
PASSED: Test 2, Entry @ 0xaaebc1e1 'Memory Module Information (Type 6)'
PASSED: Test 2, Entry @ 0xaaebc1f5 'Memory Module Information (Type 6)'
PASSED: Test 2, Entry @ 0xaaebc209 'Cache Information (Type 7)'
PASSED: Test 2, Entry @ 0xaaebc226 'Cache Information (Type 7)'
PASSED: Test 2, Entry @ 0xaaebc243 'Cache Information (Type 7)'
PASSED: Test 2, Entry @ 0xaaebc260 'Cache Information (Type 7)'
PASSED: Test 2, Entry @ 0xaaebc27d 'Port Connector Information (Type 8)'
PASSED: Test 2, Entry @ 0xaaebc295 'Port Connector Information (Type 8)'
PASSED: Test 2, Entry @ 0xaaebc2aa 'Port Connector Information (Type 8)'
PASSED: Test 2, Entry @ 0xaaebc2bf 'Port Connector Information (Type 8)'
PASSED: Test 2, Entry @ 0xaaebc2d2 'Port Connector Information (Type 8)'
PASSED: Test 2, Entry @ 0xaaebc2e5 'Port Connector Information (Type 8)'
PASSED: Test 2, Entry @ 0xaaebc2f8 'Port Connector Information (Type 8)'
PASSED: Test 2, Entry @ 0xaaebc30b 'Port Connector Information (Type 8)'
PASSED: Test 2, Entry @ 0xaaebc322 'Port Connector Information (Type 8)'
PASSED: Test 2, Entry @ 0xaaebc345 'Port Connector Information (Type 8)'
PASSED: Test 2, Entry @ 0xaaebc35b 'Port Connector Information (Type 8)'
PASSED: Test 2, Entry @ 0xaaebc36e 'System Slot Information (Type 9)'
PASSED: Test 2, Entry @ 0xaaebc385 'System Slot Information (Type 9)'
PASSED: Test 2, Entry @ 0xaaebc39c 'System Slot Information (Type 9)'
PASSED: Test 2, Entry @ 0xaaebc3b3 'System Slot Information (Type 9)'
PASSED: Test 2, Entry @ 0xaaebc3ca 'System Slot Information (Type 9)'
PASSED: Test 2, Entry @ 0xaaebc3e1 'System Slot Information (Type 9)'
PASSED: Test 2, Entry @ 0xaaebc3f8 'System Slot Information (Type 9)'
PASSED: Test 2, Entry @ 0xaaebc40f 'System Slot Information (Type 9)'
PASSED: Test 2, Entry @ 0xaaebc426 'On Board Devices (Type 10)'
PASSED: Test 2, Entry @ 0xaaebc44d 'OEM Strings (Type 11)'
PASSED: Test 2, Entry @ 0xaaebc521 'System Configuration Options (Type 12)'
PASSED: Test 2, Entry @ 0xaaebc5cf 'BIOS Language Information (Type 13)'
PASSED: Test 2, Entry @ 0xaaebc604 'Physical Memory Array (Type 16)'
FAILED [LOW] DMISerialNumber: Test 2, String index 0x02 in table entry 'Memory
Device (Type 17)' @ 0xaaebc61d, field 'Manufacturer', offset 0x17 has a default
value 'Unknown' and probably has not been updated by the BIOS vendor.

ADVICE: The DMI table contains data which is clearly been left in a default
setting and not been configured for this machine. Somebody has probably
forgotten to define this field and it basically means this field is effectively
useless, however the kernel does not use this data so the issue is fairly low.

FAILED [LOW] DMISerialNumber: Test 2, String index 0x04 in table entry 'Memory
Device (Type 17)' @ 0xaaebc61d, field 'Asset Tag', offset 0x19 has a default
value 'Unknown' and probably has not been updated by the BIOS vendor.

ADVICE: The DMI table contains data which is clearly been left in a default
setting and not been configured for this machine. Somebody has probably
forgotten to define this field and it basically means this field is effectively
useless, however the kernel does not use this data so the issue is fairly low.


ADVICE: It may be worth checking against section 7.18 of the System Management
BIOS (SMBIOS) Reference Specification (see http://www.dmtf.org/standards
/smbios).

FAILED [LOW] DMISerialNumber: Test 2, String index 0x04 in table entry 'Memory
Device (Type 17)' @ 0xaaebc673, field 'Asset Tag', offset 0x19 has a default
value 'Unknown' and probably has not been updated by the BIOS vendor.

ADVICE: The DMI table contains data which is clearly been left in a default
setting and not been configured for this machine. Somebody has probably
forgotten to define this field and it basically means this field is effectively
useless, however the kernel does not use this data so the issue is fairly low.


ADVICE: It may be worth checking against section 7.18 of the System Management
BIOS (SMBIOS) Reference Specification (see http://www.dmtf.org/standards
/smbios).

PASSED: Test 2, Entry @ 0xaaebc6cf '32-bit Memory Error Information (Type 18)'
PASSED: Test 2, Entry @ 0xaaebc6e8 '32-bit Memory Error Information (Type 18)'
PASSED: Test 2, Entry @ 0xaaebc701 '32-bit Memory Error Information (Type 18)'
PASSED: Test 2, Entry @ 0xaaebc71a 'Memory Array Mapped Address (Type 19)'
PASSED: Test 2, Entry @ 0xaaebc73b 'Memory Device Mapped Address (Type 20)'
PASSED: Test 2, Entry @ 0xaaebc760 'Memory Device Mapped Address (Type 20)'
PASSED: Test 2, Entry @ 0xaaebc785 'Built-in Pointing Device (Type 21)'
FAILED [LOW] DMIStringIndexOutOfRange: Test 2, Out of range string index 0x06
while accessing entry 'Portable Battery (Type 22)' @ 0xaaebc78e, field 'Device
Chemistry', offset 0x09

ADVICE: DMI strings are stored in a manner that uses a special index to fetch
the Nth string from the data. For this particular DMI string the index given is
not in range which means this particular entry is broken. The Linux kernel does
not use this string, so this error will not cause any system errors.


ADVICE: It may be worth checking against section 7.23 of the System Management
BIOS (SMBIOS) Reference Specification (see http://www.dmtf.org/standards
/smbios).

PASSED: Test 2, Entry @ 0xaaebc7d8 'Voltage Probe (Type 26)'
PASSED: Test 2, Entry @ 0xaaebc7fd 'Cooling Device (Type 27)'
PASSED: Test 2, Entry @ 0xaaebc80d 'Temperature Probe (Type 28)'
PASSED: Test 2, Entry @ 0xaaebc836 'Electrical Current Probe (Type 29)'
PASSED: Test 2, Entry @ 0xaaebc868 'System Boot Information (Type 32)'
PASSED: Test 2, Entry @ 0xaaebc87e 'IPMI Device Information (Type 38)'
PASSED: Test 2, Entry @ 0xaaebc892 'Additional Information (Type 40)'
PASSED: Test 2, Entry @ 0xaaebc8cc 'Onboard Device (Type 41)'
PASSED: Test 2, Entry @ 0xaaebc8f6 'Unknown (Type 128)'
PASSED: Test 2, Entry @ 0xaaebc915 'Unknown (Type 129)'
PASSED: Test 2, Entry @ 0xaaebc936 'Unknown (Type 130)'
PASSED: Test 2, Entry @ 0xaaebc94c 'Unknown (Type 136)'
PASSED: Test 2, Entry @ 0xaaebc954 'Unknown (Type 176)'
PASSED: Test 2, Entry @ 0xaaebc95b 'Unknown (Type 177)'
PASSED: Test 2, Entry @ 0xaaebc969 'Unknown (Type 202)'
PASSED: Test 2, Entry @ 0xaaebc988 'Unknown (Type 208)'
PASSED: Test 2, Entry @ 0xaaebc994 'Unknown (Type 212)'
PASSED: Test 2, Entry @ 0xaaebc9a7 'Unknown (Type 216)'
PASSED: Test 2, Entry @ 0xaaebc9c2 'Unknown (Type 217)'
PASSED: Test 2, Entry @ 0xaaebc9dd 'Unknown (Type 218)'
PASSED: Test 2, Entry @ 0xaaebcad4 'Unknown (Type 218)'
PASSED: Test 2, Entry @ 0xaaebcbcb 'Unknown (Type 219)'
PASSED: Test 2, Entry @ 0xaaebcbeb 'Unknown (Type 220)'
PASSED: Test 2, Entry @ 0xaaebcc03 'Unknown (Type 221)'
PASSED: Test 2, Entry @ 0xaaebcc18 'Unknown (Type 222)'
PASSED: Test 2, Entry @ 0xaaebcc2a 'End of Table (Type 127)'

Test 3 of 3: Test DMI/SMBIOS3 tables for errors.
SKIPPED: Test 3, Cannot find SMBIOS30 table entry, skip the test.

================================================================================
74 passed, 7 failed, 0 warning, 0 aborted, 1 skipped, 0 info only.
================================================================================

microcode: Test if system is using latest microcode.
--------------------------------------------------------------------------------
Test 1 of 1: Test for most recent microcode being loaded.
This test verifies if the firmware has put a recent revision of the microcode
into the processor at boot time. Recent microcode is important to have all the
required features and errata updates for the processor.
The kernel did not report that CPU 0 has had a microcode update. The current
firmware is revision 0x17 and probably has not been updated.
The kernel did not report that CPU 1 has had a microcode update. The current
firmware is revision 0x17 and probably has not been updated.
The kernel did not report that CPU 2 has had a microcode update. The current
firmware is revision 0x17 and probably has not been updated.
The kernel did not report that CPU 3 has had a microcode update. The current
firmware is revision 0x17 and probably has not been updated.
SKIPPED: Test 1, Could not determine from kernel log if latest microcode has
been loaded.

================================================================================
0 passed, 0 failed, 0 warning, 0 aborted, 1 skipped, 0 info only.
================================================================================

msr: MSR register tests.
--------------------------------------------------------------------------------
Test 1 of 5: Test CPU generic MSRs.
PASSED: Test 1, MSR 0x00000001 P5_MC_TYPE is consistent across 4 CPUs.
PASSED: Test 1, MSR 0x00000006 MONITOR_FILTER_SIZE is consistent across 4 CPUs.
PASSED: Test 1, MSR 0x00000017 PLATFORM_ID is consistent across 4 CPUs.
PASSED: Test 1, MSR 0x0000002a EBL_CR_POWERON is consistent across 4 CPUs.
PASSED: Test 1, MSR 0x0000001b APIC_BASE is consistent across 4 CPUs.
PASSED: Test 1, MSR 0x0000003a FEATURE_CONTROL is consistent across 4 CPUs.
PASSED: Test 1, MSR 0x0000008b BIOS_SIGN_ID is consistent across 4 CPUs.
PASSED: Test 1, MSR 0x000000fe MTRRCAP is consistent across 4 CPUs.
PASSED: Test 1, MSR 0x00000174 SYSENTER_CS is consistent across 4 CPUs.
PASSED: Test 1, MSR 0x00000175 SYSENTER_ESP is consistent across 4 CPUs.
PASSED: Test 1, MSR 0x00000176 SYSENTER_EIP is consistent across 4 CPUs.
PASSED: Test 1, MSR 0x00000179 MCG_CAP is consistent across 4 CPUs.
PASSED: Test 1, MSR 0x0000017a MCG_STATUS is consistent across 4 CPUs.
PASSED: Test 1, MSR 0x0000019a CLOCK_MODULATION is consistent across 4 CPUs.
PASSED: Test 1, MSR 0x0000019b THERM_INTERRUPT is consistent across 4 CPUs.
PASSED: Test 1, MSR 0x000001a0 MISC_ENABLE is consistent across 4 CPUs.
PASSED: Test 1, MSR 0x000001b2 PACKAGE_THERM_INTERRUPT is consistent across 4
CPUs.
PASSED: Test 1, MSR 0x000001f2 SMRR_PHYSBASE is consistent across 4 CPUs.
PASSED: Test 1, MSR 0x000001f3 SMRR_PHYSMASK is consistent across 4 CPUs.
PASSED: Test 1, MSR 0x00000200 MTRR_PHYSBASE0 is consistent across 4 CPUs.
PASSED: Test 1, MSR 0x00000201 MTRR_PHYSMASK0 is consistent across 4 CPUs.
PASSED: Test 1, MSR 0x00000202 MTRR_PHYSBASE1 is consistent across 4 CPUs.
PASSED: Test 1, MSR 0x00000203 MTRR_PHYSMASK1 is consistent across 4 CPUs.
PASSED: Test 1, MSR 0x00000204 MTRR_PHYSBASE2 is consistent across 4 CPUs.
PASSED: Test 1, MSR 0x00000205 MTRR_PHYSMASK2 is consistent across 4 CPUs.
PASSED: Test 1, MSR 0x00000206 MTRR_PHYSBASE3 is consistent across 4 CPUs.
PASSED: Test 1, MSR 0x00000207 MTRR_PHYSMASK3 is consistent across 4 CPUs.
PASSED: Test 1, MSR 0x00000208 MTRR_PHYSBASE4 is consistent across 4 CPUs.
PASSED: Test 1, MSR 0x00000209 MTRR_PHYSMASK4 is consistent across 4 CPUs.
PASSED: Test 1, MSR 0x0000020a MTRR_PHYSBASE5 is consistent across 4 CPUs.
PASSED: Test 1, MSR 0x0000020b MTRR_PHYSMASK5 is consistent across 4 CPUs.
PASSED: Test 1, MSR 0x0000020c MTRR_PHYSBASE6 is consistent across 4 CPUs.
PASSED: Test 1, MSR 0x0000020d MTRR_PHYSMASK6 is consistent across 4 CPUs.
PASSED: Test 1, MSR 0x0000020e MTRR_PHYSBASE7 is consistent across 4 CPUs.
PASSED: Test 1, MSR 0x0000020f MTRR_PHYSMASK7 is consistent across 4 CPUs.
PASSED: Test 1, MSR 0x00000210 MTRR_PHYSBASE8 is consistent across 4 CPUs.
PASSED: Test 1, MSR 0x00000211 MTRR_PHYSMASK8 is consistent across 4 CPUs.
PASSED: Test 1, MSR 0x00000212 MTRR_PHYSBASE9 is consistent across 4 CPUs.
PASSED: Test 1, MSR 0x00000213 MTRR_PHYSMASK9 is consistent across 4 CPUs.
PASSED: Test 1, MSR 0x00000250 MTRR_FIX64K_000 is consistent across 4 CPUs.
PASSED: Test 1, MSR 0x00000258 MTRR_FIX16K_800 is consistent across 4 CPUs.
PASSED: Test 1, MSR 0x00000259 MTRR_FIX16K_a00 is consistent across 4 CPUs.
PASSED: Test 1, MSR 0x00000268 MTRR_FIX4K_C000 is consistent across 4 CPUs.
PASSED: Test 1, MSR 0x00000269 MTRR_FIX4K_C800 is consistent across 4 CPUs.
PASSED: Test 1, MSR 0x0000026a MTRR_FIX4K_D000 is consistent across 4 CPUs.
PASSED: Test 1, MSR 0x0000026b MTRR_FIX4K_D800 is consistent across 4 CPUs.
PASSED: Test 1, MSR 0x0000026c MTRR_FIX4K_E000 is consistent across 4 CPUs.
PASSED: Test 1, MSR 0x0000026d MTRR_FIX4K_E800 is consistent across 4 CPUs.
PASSED: Test 1, MSR 0x0000026e MTRR_FIX4K_F000 is consistent across 4 CPUs.
PASSED: Test 1, MSR 0x0000026f MTRR_FIX4K_F800 is consistent across 4 CPUs.
PASSED: Test 1, MSR 0x00000277 PAT is consistent across 4 CPUs.
PASSED: Test 1, MSR 0x00000280 MC0_CTL2 is consistent across 4 CPUs.
PASSED: Test 1, MSR 0x00000281 MC1_CTL2 is consistent across 4 CPUs.
PASSED: Test 1, MSR 0x00000282 MC2_CTL2 is consistent across 4 CPUs.
PASSED: Test 1, MSR 0x00000283 MC3_CTL2 is consistent across 4 CPUs.
PASSED: Test 1, MSR 0x00000284 MC4_CTL2 is consistent across 4 CPUs.
PASSED: Test 1, MSR 0x00000285 MC5_CTL2 is consistent across 4 CPUs.
PASSED: Test 1, MSR 0x00000286 MC6_CTL2 is consistent across 4 CPUs.
PASSED: Test 1, MSR 0x000002ff MTRR_DEF_TYPE is consistent across 4 CPUs.
PASSED: Test 1, MSR 0x000003f1 PEBS_ENABLE is consistent across 4 CPUs.
PASSED: Test 1, MSR 0x00000480 VMX_BASIC is consistent across 4 CPUs.
PASSED: Test 1, MSR 0x00000481 VMX_PINPASED_CTLS is consistent across 4 CPUs.
PASSED: Test 1, MSR 0x00000482 VMX_PROCBASED_CTLS is consistent across 4 CPUs.
PASSED: Test 1, MSR 0x00000483 VMX_EXIT_CTLS is consistent across 4 CPUs.
PASSED: Test 1, MSR 0x00000484 VMX_ENTRY_CTLS is consistent across 4 CPUs.
PASSED: Test 1, MSR 0x00000485 VMX_MISC is consistent across 4 CPUs.
PASSED: Test 1, MSR 0x00000486 VMX_CR0_FIXED0 is consistent across 4 CPUs.
PASSED: Test 1, MSR 0x00000487 VMX_CR0_FIXED1 is consistent across 4 CPUs.
PASSED: Test 1, MSR 0x00000488 VMX_CR4_FIXED0 is consistent across 4 CPUs.
PASSED: Test 1, MSR 0x00000489 VMX_CR4_FIXED1 is consistent across 4 CPUs.
PASSED: Test 1, MSR 0x0000048a VMX_VMX_VMCS_ENUM is consistent across 4 CPUs.
PASSED: Test 1, MSR 0x0000048b VMX_PROCBASED_CTLS2 is consistent across 4 CPUs.
PASSED: Test 1, MSR 0x0000048c VMX_EPT_VPID_CAP is consistent across 4 CPUs.
PASSED: Test 1, MSR 0x0000048d VMX_TRUE_PINBASED_CTLS is consistent across 4
CPUs.
PASSED: Test 1, MSR 0x0000048e VMX_TRUE_PROCBASED_CTLS is consistent across 4
CPUs.
PASSED: Test 1, MSR 0x0000048f VMX_TRUE_EXIT_CTLS is consistent across 4 CPUs.
PASSED: Test 1, MSR 0x00000490 VMX_TRUE_ENTRY_CTLS is consistent across 4 CPUs.
PASSED: Test 1, MSR 0xc0000080 EFER is consistent across 4 CPUs.
PASSED: Test 1, MSR 0xc0000081 STAR is consistent across 4 CPUs.
PASSED: Test 1, MSR 0xc0000082 LSTAR is consistent across 4 CPUs.
PASSED: Test 1, MSR 0xc0000084 FMASK is consistent across 4 CPUs.
PASSED: Test 1, MSR 0xc0000102 KERNEL_GS_BASE is consistent across 4 CPUs.

Test 2 of 5: Test CPU specific model MSRs.
CPU family: 0x6, model: 0x3a (Ivybridge)
PASSED: Test 2, MSR 0x000000ce MSR_PLATFORM_INFO is consistent across 4 CPUs.
PASSED: Test 2, MSR 0x000000e2 MSR_PKG_CST_CONFIG_CONTROL is consistent across 4
CPUs.
PASSED: Test 2, MSR 0x00000648 MSR_CONFIG_TDP_NOMINAL is consistent across 4
CPUs.
PASSED: Test 2, MSR 0x00000649 MSR_CONFIG_TDP_LEVEL1 is consistent across 4
CPUs.
PASSED: Test 2, MSR 0x0000064a MSR_CONFIG_TDP_LEVEL2 is consistent across 4
CPUs.
PASSED: Test 2, MSR 0x0000064b MSR_CONFIG_TDP_CONTROL is consistent across 4
CPUs.
PASSED: Test 2, MSR 0x0000064c MSR_TURBO_ACTIVATION_RATIO is consistent across 4
CPUs.

Test 3 of 5: Test all P State Ratios.
PASSED: Test 3, MSR 0x000000ce Minimum P-State is consistent across 4 CPUs.
PASSED: Test 3, MSR 0x000000ce Maximum P-State is consistent across 4 CPUs.

Test 4 of 5: Test C1 and C3 autodemotion.
PASSED: Test 4, MSR 0x000000e2 C1 and C3 Autodemotion is consistent across 4
CPUs.
C1 and C3 Autodemotion enabled.

Test 5 of 5: Test SMRR MSR registers.
PASSED: Test 5, MSR 0x000001f2 SMRR_PHYSBASE is consistent across 4 CPUs.
PASSED: Test 5, MSR 0x000001f2 SMRR_TYPE is consistent across 4 CPUs.
PASSED: Test 5, MSR 0x000001f3 SMRR_PHYSMASK is consistent across 4 CPUs.
PASSED: Test 5, MSR 0x000001f3 SMRR_VALID is consistent across 4 CPUs.

================================================================================
96 passed, 0 failed, 0 warning, 0 aborted, 0 skipped, 0 info only.
================================================================================

nx: Test if CPU NX is disabled by the BIOS.
--------------------------------------------------------------------------------
Test 1 of 3: Test CPU NX capability.
PASSED: Test 1, CPU has NX flags, BIOS is not disabling it.

Test 2 of 3: Test all CPUs have same BIOS set NX flag.
This test verifies that all CPUs have the same NX flag setting. Although rare,
BIOS may set the NX flag differently per CPU. 
PASSED: Test 2, All 4 CPUs have the same NX flag set.

Test 3 of 3: Test all CPUs have same msr setting in MSR 0x1a0.
This test verifies that all CPUs have the same NX flag setting by examining the
per CPU MSR register 0x1a0.
PASSED: Test 3, All 4 CPUs have the NX flag in MSR 0x1a0 set.

================================================================================
3 passed, 0 failed, 0 warning, 0 aborted, 0 skipped, 0 info only.
================================================================================

cpufreq: CPU frequency scaling tests.
--------------------------------------------------------------------------------
WARNING: Test 1, Cannot set CPU 0 governor to userspace.
Failed to intialise cpufreq to set CPU speed
Test 1 of 7: CPU frequency table consistency
PASSED: Test 1, CPU frequency tables are consistent

Test 2 of 7: CPU frequency table duplicates
PASSED: Test 2, No duplicates in CPU frequency table

Test 3 of 7: CPU frequency firmware limits
PASSED: Test 3, No BIOS limits imposed

Test 4 of 7: CPU frequency claimed maximum
WARNING: Test 4, cpu 0 has claimed frequency of 2700000, higher than max freq of
0
WARNING: Test 4, cpu 1 has claimed frequency of 2700000, higher than max freq of
0
WARNING: Test 4, cpu 2 has claimed frequency of 2700000, higher than max freq of
0
WARNING: Test 4, cpu 3 has claimed frequency of 2700000, higher than max freq of
0
FAILED [MEDIUM] CPUFreqClaimedMax: Test 4, CPU max frequency is unreachable

Test 5 of 7: CPU frequency SW_ANY control
SKIPPED: Test 5, Can't set CPU frequencies

Test 6 of 7: CPU frequency SW_ALL control
SKIPPED: Test 6, Can't set CPU frequencies

Test 7 of 7: CPU frequency performance tests.
FAILED [MEDIUM] CPUFreqSetFailed: Test 7, Can't set CPU frequencies

================================================================================
3 passed, 2 failed, 4 warnings, 0 aborted, 2 skipped, 0 info only.
================================================================================

maxfreq: Test max CPU frequencies against max scaling frequency.
--------------------------------------------------------------------------------
Test 1 of 1: Maximum CPU frequency test.
This test checks the maximum CPU frequency as detected by the kernel for each
CPU against maxiumum frequency as specified by the BIOS frequency scaling
settings.
PASSED: Test 1, 4 CPUs passed the maximum frequency check.

================================================================================
1 passed, 0 failed, 0 warning, 0 aborted, 0 skipped, 0 info only.
================================================================================

virt: CPU Virtualisation Configuration test.
--------------------------------------------------------------------------------
Test 1 of 1: CPU Virtualisation Configuration test.
Check VT/VMX Virtualization extensions are set up correctly.
PASSED: Test 1, Virtualization extensions supported and enabled by BIOS.

================================================================================
1 passed, 0 failed, 0 warning, 0 aborted, 0 skipped, 0 info only.
================================================================================

pnp: BIOS Support Installation structure test.
--------------------------------------------------------------------------------
Test 1 of 1: PnP BIOS Support Installation structure test.
This test tries to find and sanity check the Plug and Play BIOS Support
Installation Check structure. 

Found PnP Installation Check structure at 0x000fe0f0
  Signature                          : $PnP
  Version                            : 0x10 (1.0)
  Length                             : 0x0021 bytes
  Control Field                      : 0x0000 (Not supported)
  Event Notification Flag Address    : 0x00000000 (undefined)
  Real Mode 16 bit Code Address      : 0xe9bf:01d8
  Real Mode 16 bit Data Address      : 0x0040:0000
  16 bit Protected Mode Code Address : 0x000fb77b
  16 bit Protected Mode Data Address : 0x00000400
  OEM Device Identifier              : 0x8224744e (SST2482)

PASSED: Test 1, Version 1.0 detected.
PASSED: Test 1, PnP Installation Check structure is the correct length of 33
bytes.

================================================================================
2 passed, 0 failed, 0 warning, 0 aborted, 0 skipped, 0 info only.
================================================================================

pciirq: PCI IRQ Routing Table test.
--------------------------------------------------------------------------------
Test 1 of 1: PCI IRQ Routing Table test.
This test tries to find and sanity check the PCI IRQ Routing Table, as defined
by http://www.microsoft.com/taiwan/whdc/archive/pciirq.mspx and described in
pages 233-238 of PCI System Architecture, Fourth Edition, Mindshare, Inc.
(1999). NOTE: The PCI IRQ Routing Table only really knows about ISA IRQs and is
generally not used with APIC. 

Found PCI IRQ Routing Table at 0x000fe4d0
  Signature             : $PIR
  Version               : 0x0100 (1.0)
  Table Size            : 0x0100 bytes (14 slot entries)
  PCI Router ID         : 00:1f.0
  PCI Exclusive IRQs    : 0x0000 (none)
  Compatible PCI Router : 8086:122e
  Miniport Data         : 0x00000000 (none)
  Reserved              : 0x00,0x00,0x00,0x00,0x00,0x00,0x00,0x00,0x00,0x00,0x00
  Checksum              : 0xe5

Bus:Dev Slot  INTA#   INTB#   INTC#   INTD#
 00:01   00  60/deb8 61/deb8 62/deb8 63/deb8 
 00:02   00  60/deb8                         
 00:04   00  60/deb8 61/deb8 62/deb8 63/deb8 
 00:06   00  63/deb8 60/deb8 61/deb8 62/deb8 
 01:00   00  60/deb8 61/deb8 62/deb8 63/deb8 
 02:00   00  61/deb8 62/deb8 63/deb8 60/deb8 
 00:16   00  60/deb8 61/deb8 62/deb8 63/deb8 
 00:18   00  68/deb8                         
 00:19   00  68/deb8                         
 00:1a   00  60/deb8 69/deb8 63/deb8 62/deb8 
 00:1b   00  6a/deb8                         
 00:1c   00  61/deb8 60/deb8 62/deb8 63/deb8 
 00:1d   00  6b/deb8 63/deb8 62/deb8 60/deb8 
 00:1f   00  69/deb8 63/deb8 63/deb8 60/deb8 

PASSED: Test 1, The Compatible PCI Interrupt Router is defined.
PASSED: Test 1, Table size was correct for 14 slot entries.
PASSED: Test 1, Reserved region is set to zero.
PASSED: Test 1, All 14 slots have sane looking link and IRQ bitmaps.

================================================================================
4 passed, 0 failed, 0 warning, 0 aborted, 0 skipped, 0 info only.
================================================================================

mpcheck: MultiProcessor Tables tests.
--------------------------------------------------------------------------------
The kernel is using the ACPI MADT for SMP configuration information, so the
Multiprocessor Tables are not used by the kernel. Any errors in the tables will
not affect the operation of Linux unless it is booted with ACPI disabled.

NOTE: Since ACPI is being used in preference to the Multiprocessor Tables, any
errors found in the mpcheck tests will be tagged as LOW errors.

Test 1 of 9: Test MP header.
PASSED: Test 1, MP header looks sane.

Test 2 of 9: Test MP CPU entries.
PASSED: Test 2, All 1 CPU entries look sane.

Test 3 of 9: Test MP Bus entries.
PASSED: Test 3, All 4 Bus Entries looked sane.

Test 4 of 9: Test MP IO APIC entries.
PASSED: Test 4, All 1 IO APIC Entries look sane.

Test 5 of 9: Test MP IO Interrupt entries.
PASSED: Test 5, All 67 IO Interrupt Entries look sane.

Test 6 of 9: Test MP Local Interrupt entries.
PASSED: Test 6, All 2 Local Interrupt Entries look sane.

Test 7 of 9: Test MP System Address entries.
PASSED: Test 7, All 3 System Address Space Mapping Entries looks sane.

Test 8 of 9: Test MP Bus Hierarchy entries.
PASSED: Test 8, All 1 Bus Hierarchy Entries look sane.

Test 9 of 9: Test MP Compatible Bus Address Space entries.
PASSED: Test 9, All 2 Compatible Bus Address Space Entries look sane.

================================================================================
9 passed, 0 failed, 0 warning, 0 aborted, 0 skipped, 0 info only.
================================================================================

hda_audio: HDA Audio Pin Configuration test.
--------------------------------------------------------------------------------
Test 1 of 1: HDA Audio Pin Configuration test.
Checking 'hwC0D0':
Vendor Name    : Realtek
Vendor ID      : 0x10ec0282
Subsystem ID   : 0x10280597
Revision ID    : 0x100003
BIOS pin configurations:
  Pin  Setting
  0x0012 0x90a60140
  0x0014 0x90170110
  0x0017 0x40020008
  0x0018 0x411111f0
  0x0019 0x02a11030
  0x001a 0x411111f0
  0x001b 0x411111f0
  0x001d 0x40e00001
  0x001e 0x411111f0
  0x0021 0x02211020
PASSED: Test 1, Default BIOS pin configurations did not have software override.

Checking 'hwC0D3':
Vendor Name    : Intel
Vendor ID      : 0x80862806
Subsystem ID   : 0x80860101
Revision ID    : 0x100000
BIOS pin configurations:
  Pin  Setting
  0x0005 0x18560010
  0x0006 0x58560020
  0x0007 0x58560030
PASSED: Test 1, Default BIOS pin configurations did not have software override.


================================================================================
2 passed, 0 failed, 0 warning, 0 aborted, 0 skipped, 0 info only.
================================================================================

ebda: Test EBDA region is mapped and reserved in memory map table.
--------------------------------------------------------------------------------
Machine is not using traditional BIOS firmware, skipping test.
================================================================================
0 passed, 0 failed, 0 warning, 0 aborted, 1 skipped, 0 info only.
================================================================================

bios32: BIOS32 Service Directory test.
--------------------------------------------------------------------------------
Machine is not using traditional BIOS firmware, skipping test.
================================================================================
0 passed, 0 failed, 0 warning, 0 aborted, 1 skipped, 0 info only.
================================================================================

apicedge: APIC edge/level test.
--------------------------------------------------------------------------------
Test 1 of 1: Legacy and PCI Interrupt Edge/Level trigger tests.
FAILED [MEDIUM] NonLegacyIRQLevelTrig: Test 1, Non-Legacy interrupt 0 is
incorrectly level triggered.
FAILED [MEDIUM] NonLegacyIRQLevelTrig: Test 1, Non-Legacy interrupt 1 is
incorrectly level triggered.
FAILED [MEDIUM] NonLegacyIRQLevelTrig: Test 1, Non-Legacy interrupt 8 is
incorrectly level triggered.
FAILED [MEDIUM] NonLegacyIRQLevelTrig: Test 1, Non-Legacy interrupt 12 is
incorrectly level triggered.

================================================================================
0 passed, 4 failed, 0 warning, 0 aborted, 0 skipped, 0 info only.
================================================================================

xenv: XENV Xen Environment Table tests.
--------------------------------------------------------------------------------
ACPI XENV table does not exist, skipping test
Aborted test, initialisation failed.
================================================================================
0 passed, 0 failed, 0 warning, 1 aborted, 0 skipped, 0 info only.
================================================================================

xsdt: XSDT Extended System Description Table test.
--------------------------------------------------------------------------------
Test 1 of 1: XSDT Extended System Description Table test.
PASSED: Test 1, No issues found in XSDT table.

================================================================================
1 passed, 0 failed, 0 warning, 0 aborted, 0 skipped, 0 info only.
================================================================================

wmi: Extract and analyse Windows Management Instrumentation (WMI).
--------------------------------------------------------------------------------
Test 1 of 1: Windows Management Instrumentation test.

\_SB_.WMID._WDG (1 of 5)
  GUID: 8D9DDCBC-A997-11DA-B012-B622A1EF5492
  WMI Object:
    Flags          : 0x00 (None)
    Object ID      : AA
    Instance       : 0x01

\_SB_.WMID._WDG (2 of 5)
  GUID: A80593CE-A997-11DA-B012-B622A1EF5492
  WMI Method:
    Flags          : 0x02 (Method)
    Object ID      : BA
    Instance       : 0x01
    Driver         : alienware-wmi (Alienware)
PASSED: Test 1, A80593CE-A997-11DA-B012-B622A1EF5492 has associated method
\_SB_.WMID.WMBA

\_SB_.WMID._WDG (3 of 5)
  GUID: 9DBB5994-A997-11DA-B012-B622A1EF5492
  WMI Event:
    Flags          : 0x08 (Event)
    Notification ID: 0xd0
    Reserved       : 0x00
    Instance       : 0x01
    Driver         : dell-wmi (Dell)

\_SB_.WMID._WDG (4 of 5)
  GUID: A3776CE0-1E88-11DB-A98B-0800200C9A66
  WMI Object:
    Flags          : 0x00 (None)
    Object ID      : BC
    Instance       : 0x01

\_SB_.WMID._WDG (5 of 5)
  GUID: 05901221-D566-11D1-B2F0-00A0C9062910
  WMI Object:
    Flags          : 0x00 (None)
    Object ID      : MO
    Instance       : 0x01
PASSED: Test 1, All events associated with \_SB_.WMID._WDG are handled by a
kernel driver.

================================================================================
2 passed, 0 failed, 0 warning, 0 aborted, 0 skipped, 0 info only.
================================================================================

wdat: WDAT Microsoft Hardware Watchdog Action Table test.
--------------------------------------------------------------------------------
ACPI WDAT table does not exist, skipping test
================================================================================
0 passed, 0 failed, 0 warning, 0 aborted, 1 skipped, 0 info only.
================================================================================

wakealarm: ACPI Wakealarm tests.
--------------------------------------------------------------------------------
Test 1 of 4: Test existence of RTC with alarm interface.
PASSED: Test 1, RTC with a RTC alarm ioctl() interface found.

Test 2 of 4: Trigger wakealarm for 1 seconds in the future.
Trigger wakealarm for 1 seconds in the future.
PASSED: Test 2, RTC wakealarm was triggered successfully.

Test 3 of 4: Test if wakealarm is fired.
PASSED: Test 3, RTC wakealarm triggered and fired successfully.

Test 4 of 4: Multiple wakealarm firing tests.
Trigger wakealarm for 1 seconds in the future.
Trigger wakealarm for 2 seconds in the future.
Trigger wakealarm for 3 seconds in the future.
Trigger wakealarm for 4 seconds in the future.
PASSED: Test 4, RTC wakealarm triggered and fired successfully.

================================================================================
4 passed, 0 failed, 0 warning, 0 aborted, 0 skipped, 0 info only.
================================================================================

waet: WAET Windows ACPI Emulated Devices Table test.
--------------------------------------------------------------------------------
ACPI WAET table does not exist, skipping test
================================================================================
0 passed, 0 failed, 0 warning, 0 aborted, 1 skipped, 0 info only.
================================================================================

uefi: UEFI Data Table test.
--------------------------------------------------------------------------------
Test 1 of 1: UEFI Data Table test.
UEFI ACPI Data Table:
  Identifier: 9D4BF935-A674-4710-BA02-BF0AA1758C7B
  DataOffset: 0x0036
  Data:
  0000: 24 42 56 44 54 24 13 10 25 24 13 30 38 24 41 31  $BVDT$..%$.08$A1
  0010: 32 00 00 00 00 00 00 00 00 00 00 00 00 00 00 00  2...............
  0020: 00 00 00 00 00 00 24 56 41 57 30 30 00 00 00 00  ......$VAW00....
  0030: 00 00 00 00 00 00 00 00 00 00 00 00 00 00 00 00  ................
  0040: 24 30 33 2e 37 32 2e 32 34 00 00 00 00 00 00 00  $03.72.24.......
  0050: 00 00 00 00 00 00 00 00 00 00 00 00 00 00 00 00  ................
  0060: 00 00 00 00 00 00 ff ff ff ff ff ff ff ff ff ff  ................
  0070: ff ff ff ff ff ff ff ff ff ff ff ff ff ff ff ff  ................
  0080: ff ff ff ff ff ff ff ff ff ff ff ff ff ff ff ff  ................
  0090: ff ff ff ff ff ff ff ff ff ff ff ff ff ff ff ff  ................
  00a0: ff ff ff ff ff ff ff ff ff ff ff ff ff ff ff ff  ................
  00b0: ff ff ff ff ff ff ff ff ff ff ff ff ff ff ff ff  ................
  00c0: ff ff ff ff ff ff ff ff ff ff ff ff ff ff ff ff  ................
  00d0: ff ff ff ff ff ff ff ff ff ff ff ff ff ff ff ff  ................
  00e0: ff ff ff ff ff ff ff ff ff ff ff ff ff ff ff ff  ................
  00f0: ff ff ff ff ff ff ff ff ff ff ff ff ff ff ff ff  ................
  0100: ff ff ff ff ff ff ff ff ff ff ff ff ff ff ff ff  ................
  0110: ff ff ff ff ff ff ff ff ff ff ff ff ff ff ff ff  ................
  0120: ff ff ff ff ff ff ff ff ff ff ff ff ff ff ff 24  ...............$
  0130: 42 4d 45 24 d0 be 01 00 00 02 00 00 24 00 20 00  BME$........$. .
  0140: 00 00 40 01 00 24 00 ff ff ff ff ff ff ff ff 24  ..@..$.........$
  0150: 5f 4d 53 43 5f 56 45 52 3d dc 05 ff ff ff ff ff  _MSC_VER=.......
  0160: ff ff ff ff ff ff ff ff ff ff ff ff ff ff ff ff  ................
  0170: ff ff ff ff ff ff ff ff ff ff ff ff ff ff ff ff  ................
  0180: ff ff ff ff ff ff ff ff ff ff ff ff ff ff ff ff  ................
  0190: ff ff ff ff ff ff ff ff ff ff ff ff ff ff ff ff  ................
  01a0: ff ff ff ff ff ff ff ff ff ff ff ff ff ff ff ff  ................
  01b0: ff ff ff ff ff ff ff ff ff ff ff ff ff ff ff ff  ................
  01c0: ff ff ff ff ff ff ff ff ff ff ff ff ff ff ff ff  ................
  01d0: ff ff ff ff ff ff ff ff ff ff ff ff ff ff ff ff  ................
  01e0: ff ff ff ff ff ff ff ff ff ff ff ff ff ff ff ff  ................
  01f0: ff ff ff ff ff ff ff ff ff ff ff ff ff ff ff ff  ................
PASSED: Test 1, No issues found in UEFI table.

================================================================================
1 passed, 0 failed, 0 warning, 0 aborted, 0 skipped, 0 info only.
================================================================================

tpm2: TPM2 Trusted Platform Module 2 test.
--------------------------------------------------------------------------------
ACPI TPM2 table does not exist, skipping test
Aborted test, initialisation failed.
================================================================================
0 passed, 0 failed, 0 warning, 1 aborted, 0 skipped, 0 info only.
================================================================================

tcpa: TCPA Trusted Computing Platform Alliance Capabilities Table test.
--------------------------------------------------------------------------------
ACPI TCPA table does not exist, skipping test
Aborted test, initialisation failed.
================================================================================
0 passed, 0 failed, 0 warning, 1 aborted, 0 skipped, 0 info only.
================================================================================

syntaxcheck: Re-assemble DSDT and SSDTs to find syntax errors and warnings.
--------------------------------------------------------------------------------
Test 1 of 1: Disassemble and reassemble DSDT and SSDTs.

Checking ACPI table DSDT (#0)

FAILED [MEDIUM] AMLAsmASL_MSG_TAG_LARGER: Test 1, Assembler warning in line 1449
Line | AML source
--------------------------------------------------------------------------------
01446|                 Add (Subtract (M1MX, M1MN), One, M1LN) /* \_SB_.PCI0._CRS.M1LN */
01447|                 If (LOr (LEqual (MM64, Zero), LLessEqual (OSYS, 0x07D3)))
01448|                 {
01449|                     CreateDWordField (BUF0, \_SB.PCI0._Y0F._LEN, MSLN)  // _LEN: Length
     |                                                              ^
     | Warning 3128: ResourceTag larger than Field    (Size mismatch, Tag: 64 bits, Field: 32 bits)
01450|                     Store (Zero, MSLN) /* \_SB_.PCI0._CRS.MSLN */
01451|                 }
01452|                 Else
================================================================================

ADVICE: (for Warning #3128, ASL_MSG_TAG_LARGER): The resource tag length is
larger than the field length.

FAILED [LOW] AMLAsmUnknown: Test 1, Assembler remark in line 3316
Line | AML source
--------------------------------------------------------------------------------
03313|                 }
03314|             }
03315| 
03316|             Method (WMIK, 2, NotSerialized)
     |                       ^
     | Remark 2146: Method Argument is never used    (Arg0)
03317|             {
03318|             }
03319| 
================================================================================
FAILED [LOW] AMLAsmUnknown: Test 1, Assembler remark in line 3316
Line | AML source
--------------------------------------------------------------------------------
03313|                 }
03314|             }
03315| 
03316|             Method (WMIK, 2, NotSerialized)
     |                       ^
     | Remark 2146: Method Argument is never used    (Arg1)
03317|             {
03318|             }
03319| 
================================================================================
FAILED [LOW] AMLAsmUnknown: Test 1, Assembler remark in line 3370
Line | AML source
--------------------------------------------------------------------------------
03367|                 Return (Zero)
03368|             }
03369| 
03370|             Method (WCAA, 1, NotSerialized)
     |                       ^
     | Remark 2146: Method Argument is never used    (Arg0)
03371|             {
03372|                 Return (Zero)
03373|             }
================================================================================
FAILED [LOW] AMLAsmUnknown: Test 1, Assembler remark in line 3396
Line | AML source
--------------------------------------------------------------------------------
03393|                 Return (Local1)
03394|             }
03395| 
03396|             Method (WSAA, 2, NotSerialized)
     |                       ^
     | Remark 2146: Method Argument is never used    (Arg0)
03397|             {
03398|                 Return (Arg1)
03399|             }
================================================================================
FAILED [LOW] AMLAsmUnknown: Test 1, Assembler remark in line 3401
Line | AML source
--------------------------------------------------------------------------------
03398|                 Return (Arg1)
03399|             }
03400| 
03401|             Method (WMBA, 3, NotSerialized)
     |                       ^
     | Remark 2146: Method Argument is never used    (Arg0)
03402|             {
03403|                 CreateDWordField (Arg2, 0x28, WBUF)
03404|                 Add (WBUF, 0x2C, Local1)
================================================================================
FAILED [LOW] AMLAsmUnknown: Test 1, Assembler remark in line 3401
Line | AML source
--------------------------------------------------------------------------------
03398|                 Return (Arg1)
03399|             }
03400| 
03401|             Method (WMBA, 3, NotSerialized)
     |                       ^
     | Remark 2146: Method Argument is never used    (Arg1)
03402|             {
03403|                 CreateDWordField (Arg2, 0x28, WBUF)
03404|                 Add (WBUF, 0x2C, Local1)
================================================================================
FAILED [MEDIUM] AMLAsmUnknown: Test 1, Assembler warning in line 3612
Line | AML source
--------------------------------------------------------------------------------
03609|         Method (_INI, 0, NotSerialized)  // _INI: Initialize
03610|         {
03611|             Store (0x07D0, OSYS) /* \OSYS */
03612|             If (CondRefOf (\_OSI, Local0))
     |                                       ^
     | Warning 3144: Method Local is set but never used    (Local0)
03613|             {
03614|                 If (_OSI ("Windows 2001"))
03615|                 {
================================================================================
FAILED [LOW] AMLAsmASL_MSG_SERIALIZED_REQUIRED: Test 1, Assembler remark in line
4181
Line | AML source
--------------------------------------------------------------------------------
04178|             Return (Local0)
04179|         }
04180| 
04181|         Method (SPIO, 3, NotSerialized)
     |                   ^
     | Remark 2120: Control Method should be made Serialized    (due to creation of named objects within)
04182|         {
04183|             Name (PBUF, Buffer (0x05)
04184|             {
================================================================================

ADVICE: (for Remark #2120, ASL_MSG_SERIALIZED_REQUIRED): A named object is
created inside a non-serialized method - this method should be serialized. It is
possible that one thread enters the method and blocks and then a second thread
also executes the method, ending up in two attempts to create the object and
causing a failure.

FAILED [LOW] AMLAsmASL_MSG_SERIALIZED_REQUIRED: Test 1, Assembler remark in line
4234
Line | AML source
--------------------------------------------------------------------------------
04231|             Return (PBUF) /* \SPIO.PBUF */
04232|         }
04233| 
04234|         Method (SDMA, 3, NotSerialized)
     |                   ^
     | Remark 2120: Control Method should be made Serialized    (due to creation of named objects within)
04235|         {
04236|             Name (PBUF, Buffer (0x05)
04237|             {
================================================================================

ADVICE: (for Remark #2120, ASL_MSG_SERIALIZED_REQUIRED): A named object is
created inside a non-serialized method - this method should be serialized. It is
possible that one thread enters the method and blocks and then a second thread
also executes the method, ending up in two attempts to create the object and
causing a failure.

Assembler remark in line 4599
Line | AML source
--------------------------------------------------------------------------------
04596|                         Alias (SBV1, SDGV)
04597|                         Method (_DSM, 4, Serialized)  // _DSM: Device-Specific Method
04598|                         {
04599|                             Name (_T_0, Zero)  // _T_x: Emitted by ASL Compiler
     |                                     ^
     | Remark 2011: Use of compiler reserved name    (_T_0)
04600|                             If (LEqual (Arg0, ToUUID ("a5fc708f-8775-4ba6-bd0c-ba90a1ec72f8")))
04601|                             {
04602|                                 While (One)
================================================================================

ADVICE: (for Remark #2011, ASL_MSG_COMPILER_RESERVED): This normally occurs when
disassembled code is being compiled and it contains compiler-emitted names of
the form '_T_x'. This is just a remark generated by the compiler and can
normally be ignored.

Assembler remark in line 4689
Line | AML source
--------------------------------------------------------------------------------
04686|                         Alias (SBV2, SDGV)
04687|                         Method (_DSM, 4, Serialized)  // _DSM: Device-Specific Method
04688|                         {
04689|                             Name (_T_0, Zero)  // _T_x: Emitted by ASL Compiler
     |                                     ^
     | Remark 2011: Use of compiler reserved name    (_T_0)
04690|                             If (LEqual (Arg0, ToUUID ("a5fc708f-8775-4ba6-bd0c-ba90a1ec72f8")))
04691|                             {
04692|                                 While (One)
================================================================================

ADVICE: (for Remark #2011, ASL_MSG_COMPILER_RESERVED): This normally occurs when
disassembled code is being compiled and it contains compiler-emitted names of
the form '_T_x'. This is just a remark generated by the compiler and can
normally be ignored.

Assembler remark in line 4749
Line | AML source
--------------------------------------------------------------------------------
04746|                         Alias (SBV1, SDGV)
04747|                         Method (_DSM, 4, Serialized)  // _DSM: Device-Specific Method
04748|                         {
04749|                             Name (_T_0, Zero)  // _T_x: Emitted by ASL Compiler
     |                                     ^
     | Remark 2011: Use of compiler reserved name    (_T_0)
04750|                             If (LEqual (Arg0, ToUUID ("a5fc708f-8775-4ba6-bd0c-ba90a1ec72f8")))
04751|                             {
04752|                                 While (One)
================================================================================

ADVICE: (for Remark #2011, ASL_MSG_COMPILER_RESERVED): This normally occurs when
disassembled code is being compiled and it contains compiler-emitted names of
the form '_T_x'. This is just a remark generated by the compiler and can
normally be ignored.

Assembler remark in line 4839
Line | AML source
--------------------------------------------------------------------------------
04836|                         Alias (SBV2, SDGV)
04837|                         Method (_DSM, 4, Serialized)  // _DSM: Device-Specific Method
04838|                         {
04839|                             Name (_T_0, Zero)  // _T_x: Emitted by ASL Compiler
     |                                     ^
     | Remark 2011: Use of compiler reserved name    (_T_0)
04840|                             If (LEqual (Arg0, ToUUID ("a5fc708f-8775-4ba6-bd0c-ba90a1ec72f8")))
04841|                             {
04842|                                 While (One)
================================================================================

ADVICE: (for Remark #2011, ASL_MSG_COMPILER_RESERVED): This normally occurs when
disassembled code is being compiled and it contains compiler-emitted names of
the form '_T_x'. This is just a remark generated by the compiler and can
normally be ignored.

Assembler remark in line 5019
Line | AML source
--------------------------------------------------------------------------------
05016|                         Alias (SBV1, SDGV)
05017|                         Method (_DSM, 4, Serialized)  // _DSM: Device-Specific Method
05018|                         {
05019|                             Name (_T_0, Zero)  // _T_x: Emitted by ASL Compiler
     |                                     ^
     | Remark 2011: Use of compiler reserved name    (_T_0)
05020|                             If (LEqual (Arg0, ToUUID ("a5fc708f-8775-4ba6-bd0c-ba90a1ec72f8")))
05021|                             {
05022|                                 While (One)
================================================================================

ADVICE: (for Remark #2011, ASL_MSG_COMPILER_RESERVED): This normally occurs when
disassembled code is being compiled and it contains compiler-emitted names of
the form '_T_x'. This is just a remark generated by the compiler and can
normally be ignored.

Assembler remark in line 5109
Line | AML source
--------------------------------------------------------------------------------
05106|                         Alias (SBV2, SDGV)
05107|                         Method (_DSM, 4, Serialized)  // _DSM: Device-Specific Method
05108|                         {
05109|                             Name (_T_0, Zero)  // _T_x: Emitted by ASL Compiler
     |                                     ^
     | Remark 2011: Use of compiler reserved name    (_T_0)
05110|                             If (LEqual (Arg0, ToUUID ("a5fc708f-8775-4ba6-bd0c-ba90a1ec72f8")))
05111|                             {
05112|                                 While (One)
================================================================================

ADVICE: (for Remark #2011, ASL_MSG_COMPILER_RESERVED): This normally occurs when
disassembled code is being compiled and it contains compiler-emitted names of
the form '_T_x'. This is just a remark generated by the compiler and can
normally be ignored.

FAILED [LOW] AMLAsmUnknown: Test 1, Assembler remark in line 5282
Line | AML source
--------------------------------------------------------------------------------
05279|                 Return (Zero)
05280|             }
05281| 
05282|             Method (POSC, 3, Serialized)
     |                       ^
     | Remark 2146: Method Argument is never used    (Arg0)
05283|             {
05284|                 CreateDWordField (Arg2, Zero, CDW1)
05285|                 CreateDWordField (Arg2, 0x08, CDW3)
================================================================================
Assembler remark in line 6529
Line | AML source
--------------------------------------------------------------------------------
06526|             Name (_ADR, 0x0002FFFF)  // _ADR: Address
06527|             Method (_DSM, 4, Serialized)  // _DSM: Device-Specific Method
06528|             {
06529|                 Name (_T_1, Zero)  // _T_x: Emitted by ASL Compiler
     |                         ^
     | Remark 2011: Use of compiler reserved name    (_T_1)
06530|                 Name (_T_0, Zero)  // _T_x: Emitted by ASL Compiler
06531|                 If (LEqual (Arg0, ToUUID ("bdfaef30-aebb-11de-8a39-0800200c9a66")))
06532|                 {
================================================================================

ADVICE: (for Remark #2011, ASL_MSG_COMPILER_RESERVED): This normally occurs when
disassembled code is being compiled and it contains compiler-emitted names of
the form '_T_x'. This is just a remark generated by the compiler and can
normally be ignored.

Assembler remark in line 6530
Line | AML source
--------------------------------------------------------------------------------
06527|             Method (_DSM, 4, Serialized)  // _DSM: Device-Specific Method
06528|             {
06529|                 Name (_T_1, Zero)  // _T_x: Emitted by ASL Compiler
06530|                 Name (_T_0, Zero)  // _T_x: Emitted by ASL Compiler
     |                         ^
     | Remark 2011: Use of compiler reserved name    (_T_0)
06531|                 If (LEqual (Arg0, ToUUID ("bdfaef30-aebb-11de-8a39-0800200c9a66")))
06532|                 {
06533|                     While (One)
================================================================================

ADVICE: (for Remark #2011, ASL_MSG_COMPILER_RESERVED): This normally occurs when
disassembled code is being compiled and it contains compiler-emitted names of
the form '_T_x'. This is just a remark generated by the compiler and can
normally be ignored.

FAILED [MEDIUM] AMLAsmUnknown: Test 1, Assembler warning in line 6861
Line | AML source
--------------------------------------------------------------------------------
06858|                     Method (_BCM, 1, NotSerialized)  // _BCM: Brightness Control Method
06859|                     {
06860|                         Store (Arg0, BRTL) /* \BRTL */
06861|                         Divide (Arg0, 0x0A, Local0, Local1)
     |                                                 ^
     | Warning 3144: Method Local is set but never used    (Local0)
06862|                         Decrement (Local1)
06863|                         Store (Local1, ^^^^LPCB.EC0.BRTS) /* \_SB_.PCI0.LPCB.EC0_.BRTS */
06864|                     }
================================================================================
FAILED [LOW] AMLAsmASL_MSG_SERIALIZED_REQUIRED: Test 1, Assembler remark in line
7169
Line | AML source
--------------------------------------------------------------------------------
07166|                 }
07167|             }
07168| 
07169|             Method (_DOD, 0, NotSerialized)  // _DOD: Display Output Devices
     |                       ^
     | Remark 2120: Control Method should be made Serialized    (due to creation of named objects within)
07170|             {
07171|                 If (CondRefOf (IDAB))
07172|                 {
================================================================================

ADVICE: (for Remark #2120, ASL_MSG_SERIALIZED_REQUIRED): A named object is
created inside a non-serialized method - this method should be serialized. It is
possible that one thread enters the method and blocks and then a second thread
also executes the method, ending up in two attempts to create the object and
causing a failure.

FAILED [LOW] AMLAsmUnknown: Test 1, Assembler remark in line 9182
Line | AML source
--------------------------------------------------------------------------------
09179|                 Return (Arg1)
09180|             }
09181| 
09182|             Method (TUVR, 1, NotSerialized)
     |                       ^
     | Remark 2146: Method Argument is never used    (Arg0)
09183|             {
09184|                 Return (0x03)
09185|             }
================================================================================
FAILED [LOW] AMLAsmUnknown: Test 1, Assembler remark in line 9255
Line | AML source
--------------------------------------------------------------------------------
09252|                 0x64
09253|             })
09254|             Mutex (CFMX, 0x00)
09255|             Method (CFUN, 4, Serialized)
     |                       ^
     | Remark 2146: Method Argument is never used    (Arg3)
09256|             {
09257|                 Name (ESRC, 0x05)
09258|                 If (LNotEqual (Match (CMFP, MEQ, DerefOf (Index (Arg0, Zero)), MTR, 
================================================================================
FAILED [LOW] AMLAsmUnknown: Test 1, Assembler remark in line 9379
Line | AML source
--------------------------------------------------------------------------------
09376|                 0x82
09377|             })
09378|             Mutex (PFMX, 0x00)
09379|             Method (PFUN, 4, Serialized)
     |                       ^
     | Remark 2146: Method Argument is never used    (Arg3)
09380|             {
09381|                 If (LNotEqual (Match (CMSP, MEQ, DerefOf (Index (Arg0, Zero)), MTR, 
09382|                     Zero, Zero), Ones))
================================================================================
FAILED [LOW] AMLAsmASL_MSG_SERIALIZED_REQUIRED: Test 1, Assembler remark in line
9538
Line | AML source
--------------------------------------------------------------------------------
09535|                 }
09536|             }
09537| 
09538|             Method (_BIF, 0, NotSerialized)  // _BIF: Battery Information
     |                       ^
     | Remark 2120: Control Method should be made Serialized    (due to creation of named objects within)
09539|             {
09540|                 Name (STAT, Package (0x0D)
09541|                 {
================================================================================

ADVICE: (for Remark #2120, ASL_MSG_SERIALIZED_REQUIRED): A named object is
created inside a non-serialized method - this method should be serialized. It is
possible that one thread enters the method and blocks and then a second thread
also executes the method, ending up in two attempts to create the object and
causing a failure.

FAILED [LOW] AMLAsmASL_MSG_SERIALIZED_REQUIRED: Test 1, Assembler remark in line
9665
Line | AML source
--------------------------------------------------------------------------------
09662|                 Return (STAT) /* \_SB_.PCI0.LPCB.BAT1._BIF.STAT */
09663|             }
09664| 
09665|             Method (_BST, 0, NotSerialized)  // _BST: Battery Status
     |                       ^
     | Remark 2120: Control Method should be made Serialized    (due to creation of named objects within)
09666|             {
09667|                 Name (PBST, Package (0x04)
09668|                 {
================================================================================

ADVICE: (for Remark #2120, ASL_MSG_SERIALIZED_REQUIRED): A named object is
created inside a non-serialized method - this method should be serialized. It is
possible that one thread enters the method and blocks and then a second thread
also executes the method, ending up in two attempts to create the object and
causing a failure.

Table DSDT (0) reassembly: Found 0 errors, 3 warnings, 23 remarks.


Checking ACPI table SSDT (#1)

FAILED [LOW] AMLAsmASL_MSG_SERIALIZED_REQUIRED: Test 1, Assembler remark in line
172
Line | AML source
--------------------------------------------------------------------------------
00169|                 Return (PADD) /* \_SB_.PTID.PADD */
00170|             }
00171| 
00172|             Method (RPMD, 0, NotSerialized)
     |                       ^
     | Remark 2120: Control Method should be made Serialized    (due to creation of named objects within)
00173|             {
00174|                 Name (MTMP, Buffer (0x1A) {})
00175|                 Store ("RPMD", Debug)
================================================================================

ADVICE: (for Remark #2120, ASL_MSG_SERIALIZED_REQUIRED): A named object is
created inside a non-serialized method - this method should be serialized. It is
possible that one thread enters the method and blocks and then a second thread
also executes the method, ending up in two attempts to create the object and
causing a failure.

Table SSDT (1) reassembly: Found 0 errors, 0 warnings, 1 remarks.


Checking ACPI table SSDT (#2)

FAILED [HIGH] AMLAsmASL_MSG_SYNTAX: Test 1, Assembler error in line 225
Line | AML source
--------------------------------------------------------------------------------
00222|                 0x0000000C
00223|             }
00224|         })
00225|         Package (0x06)
     |              ^
     | Error 6126: syntax error, unexpected PARSEOP_PACKAGE
00226|         {
00227|             0x80000000, 
00228|             0x80000000, 
================================================================================

ADVICE: (for Error #6126, ASL_MSG_SYNTAX): The disassembled code cannot be
reassembled using the strict IASL compiler as it contains syntax errors.

FAILED [HIGH] AMLAsmASL_MSG_SYNTAX: Test 1, Assembler error in line 245
Line | AML source
--------------------------------------------------------------------------------
00242|             0x80000000
00243|         }
00244| 
00245|         Package (0x06)
     |              ^
     | Error 6126: syntax error, unexpected PARSEOP_PACKAGE
00246|         {
00247|             0x80000000, 
00248|             0x80000000, 
================================================================================

ADVICE: (for Error #6126, ASL_MSG_SYNTAX): The disassembled code cannot be
reassembled using the strict IASL compiler as it contains syntax errors.

FAILED [HIGH] AMLAsmASL_MSG_SYNTAX: Test 1, Assembler error in line 246
Line | AML source
--------------------------------------------------------------------------------
00243|         }
00244| 
00245|         Package (0x06)
00246|         {
     |        ^
     | Error 6126: syntax error, unexpected '{'  
00247|             0x80000000, 
00248|             0x80000000, 
00249|             0x80000000, 
================================================================================

ADVICE: (for Error #6126, ASL_MSG_SYNTAX): The disassembled code cannot be
reassembled using the strict IASL compiler as it contains syntax errors.

FAILED [HIGH] AMLAsmASL_MSG_SYNTAX: Test 1, Assembler error in line 265
Line | AML source
--------------------------------------------------------------------------------
00262|             0x80000000
00263|         }
00264| 
00265|         Package (0x06)
     |              ^
     | Error 6126: syntax error, unexpected PARSEOP_PACKAGE
00266|         {
00267|             0x80000000, 
00268|             0x80000000, 
================================================================================

ADVICE: (for Error #6126, ASL_MSG_SYNTAX): The disassembled code cannot be
reassembled using the strict IASL compiler as it contains syntax errors.

FAILED [HIGH] AMLAsmASL_MSG_SYNTAX: Test 1, Assembler error in line 266
Line | AML source
--------------------------------------------------------------------------------
00263|         }
00264| 
00265|         Package (0x06)
00266|         {
     |        ^
     | Error 6126: syntax error, unexpected '{'  
00267|             0x80000000, 
00268|             0x80000000, 
00269|             0x80000000, 
================================================================================

ADVICE: (for Error #6126, ASL_MSG_SYNTAX): The disassembled code cannot be
reassembled using the strict IASL compiler as it contains syntax errors.

FAILED [HIGH] AMLAsmASL_MSG_SYNTAX: Test 1, Assembler error in line 285
Line | AML source
--------------------------------------------------------------------------------
00282|             0x80000000
00283|         }
00284| 
00285|         Package (0x06)
     |              ^
     | Error 6126: syntax error, unexpected PARSEOP_PACKAGE
00286|         {
00287|             0x80000000, 
00288|             0x80000000, 
================================================================================

ADVICE: (for Error #6126, ASL_MSG_SYNTAX): The disassembled code cannot be
reassembled using the strict IASL compiler as it contains syntax errors.

FAILED [HIGH] AMLAsmASL_MSG_SYNTAX: Test 1, Assembler error in line 286
Line | AML source
--------------------------------------------------------------------------------
00283|         }
00284| 
00285|         Package (0x06)
00286|         {
     |        ^
     | Error 6126: syntax error, unexpected '{'  
00287|             0x80000000, 
00288|             0x80000000, 
00289|             0x80000000, 
================================================================================

ADVICE: (for Error #6126, ASL_MSG_SYNTAX): The disassembled code cannot be
reassembled using the strict IASL compiler as it contains syntax errors.

FAILED [HIGH] AMLAsmASL_MSG_SYNTAX: Test 1, Assembler error in line 305
Line | AML source
--------------------------------------------------------------------------------
00302|             0x80000000
00303|         }
00304| 
00305|         Package (0x06)
     |              ^
     | Error 6126: syntax error, unexpected PARSEOP_PACKAGE
00306|         {
00307|             0x80000000, 
00308|             0x80000000, 
================================================================================

ADVICE: (for Error #6126, ASL_MSG_SYNTAX): The disassembled code cannot be
reassembled using the strict IASL compiler as it contains syntax errors.

FAILED [HIGH] AMLAsmASL_MSG_SYNTAX: Test 1, Assembler error in line 306
Line | AML source
--------------------------------------------------------------------------------
00303|         }
00304| 
00305|         Package (0x06)
00306|         {
     |        ^
     | Error 6126: syntax error, unexpected '{'  
00307|             0x80000000, 
00308|             0x80000000, 
00309|             0x80000000, 
================================================================================

ADVICE: (for Error #6126, ASL_MSG_SYNTAX): The disassembled code cannot be
reassembled using the strict IASL compiler as it contains syntax errors.

FAILED [HIGH] AMLAsmASL_MSG_SYNTAX: Test 1, Assembler error in line 325
Line | AML source
--------------------------------------------------------------------------------
00322|             0x80000000
00323|         }
00324| 
00325|         Package (0x06)
     |              ^
     | Error 6126: syntax error, unexpected PARSEOP_PACKAGE
00326|         {
00327|             0x80000000, 
00328|             0x80000000, 
================================================================================

ADVICE: (for Error #6126, ASL_MSG_SYNTAX): The disassembled code cannot be
reassembled using the strict IASL compiler as it contains syntax errors.

FAILED [HIGH] AMLAsmASL_MSG_SYNTAX: Test 1, Assembler error in line 326
Line | AML source
--------------------------------------------------------------------------------
00323|         }
00324| 
00325|         Package (0x06)
00326|         {
     |        ^
     | Error 6126: syntax error, unexpected '{'  
00327|             0x80000000, 
00328|             0x80000000, 
00329|             0x80000000, 
================================================================================

ADVICE: (for Error #6126, ASL_MSG_SYNTAX): The disassembled code cannot be
reassembled using the strict IASL compiler as it contains syntax errors.

FAILED [HIGH] AMLAsmASL_MSG_SYNTAX: Test 1, Assembler error in line 345
Line | AML source
--------------------------------------------------------------------------------
00342|             0x80000000
00343|         }
00344| 
00345|         Package (0x06)
     |              ^
     | Error 6126: syntax error, unexpected PARSEOP_PACKAGE
00346|         {
00347|             0x80000000, 
00348|             0x80000000, 
================================================================================

ADVICE: (for Error #6126, ASL_MSG_SYNTAX): The disassembled code cannot be
reassembled using the strict IASL compiler as it contains syntax errors.

FAILED [HIGH] AMLAsmASL_MSG_SYNTAX: Test 1, Assembler error in line 346
Line | AML source
--------------------------------------------------------------------------------
00343|         }
00344| 
00345|         Package (0x06)
00346|         {
     |        ^
     | Error 6126: syntax error, unexpected '{'  
00347|             0x80000000, 
00348|             0x80000000, 
00349|             0x80000000, 
================================================================================

ADVICE: (for Error #6126, ASL_MSG_SYNTAX): The disassembled code cannot be
reassembled using the strict IASL compiler as it contains syntax errors.

FAILED [HIGH] AMLAsmASL_MSG_SYNTAX: Test 1, Assembler error in line 365
Line | AML source
--------------------------------------------------------------------------------
00362|             0x80000000
00363|         }
00364| 
00365|         Package (0x06)
     |              ^
     | Error 6126: syntax error, unexpected PARSEOP_PACKAGE
00366|         {
00367|             0x80000000, 
00368|             0x80000000, 
================================================================================

ADVICE: (for Error #6126, ASL_MSG_SYNTAX): The disassembled code cannot be
reassembled using the strict IASL compiler as it contains syntax errors.

FAILED [HIGH] AMLAsmASL_MSG_SYNTAX: Test 1, Assembler error in line 366
Line | AML source
--------------------------------------------------------------------------------
00363|         }
00364| 
00365|         Package (0x06)
00366|         {
     |        ^
     | Error 6126: syntax error, unexpected '{'  
00367|             0x80000000, 
00368|             0x80000000, 
00369|             0x80000000, 
================================================================================

ADVICE: (for Error #6126, ASL_MSG_SYNTAX): The disassembled code cannot be
reassembled using the strict IASL compiler as it contains syntax errors.

FAILED [HIGH] AMLAsmASL_MSG_SYNTAX: Test 1, Assembler error in line 385
Line | AML source
--------------------------------------------------------------------------------
00382|             0x80000000
00383|         }
00384| 
00385|         Name (_PSS, Package (0x0D)  // _PSS: Performance Supported States
     |           ^
     | Error 6126: syntax error, unexpected PARSEOP_NAME
00386|         {
00387|             Package (0x06)
00388|             {
================================================================================

ADVICE: (for Error #6126, ASL_MSG_SYNTAX): The disassembled code cannot be
reassembled using the strict IASL compiler as it contains syntax errors.

FAILED [HIGH] AMLAsmASL_MSG_SYNTAX: Test 1, Assembler error in line 516
Line | AML source
--------------------------------------------------------------------------------
00513|                 0x00000700, 
00514|                 0x00000800
00515|             }
00516|         })
     |         ^
     | Error 6126: syntax error, unexpected ')'  
00517|         Package (0x06)
00518|         {
00519|             0x80000000, 
================================================================================

ADVICE: (for Error #6126, ASL_MSG_SYNTAX): The disassembled code cannot be
reassembled using the strict IASL compiler as it contains syntax errors.

FAILED [HIGH] AMLAsmASL_MSG_SYNTAX: Test 1, Assembler error in line 527
Line | AML source
--------------------------------------------------------------------------------
00524|             0x80000000
00525|         }
00526| 
00527|         Package (0x06)
     |              ^
     | Error 6126: syntax error, unexpected PARSEOP_PACKAGE
00528|         {
00529|             0x80000000, 
00530|             0x80000000, 
================================================================================

ADVICE: (for Error #6126, ASL_MSG_SYNTAX): The disassembled code cannot be
reassembled using the strict IASL compiler as it contains syntax errors.

FAILED [HIGH] AMLAsmASL_MSG_SYNTAX: Test 1, Assembler error in line 528
Line | AML source
--------------------------------------------------------------------------------
00525|         }
00526| 
00527|         Package (0x06)
00528|         {
     |        ^
     | Error 6126: syntax error, unexpected '{'  
00529|             0x80000000, 
00530|             0x80000000, 
00531|             0x80000000, 
================================================================================

ADVICE: (for Error #6126, ASL_MSG_SYNTAX): The disassembled code cannot be
reassembled using the strict IASL compiler as it contains syntax errors.

FAILED [HIGH] AMLAsmASL_MSG_SYNTAX: Test 1, Assembler error in line 547
Line | AML source
--------------------------------------------------------------------------------
00544|             0x80000000
00545|         }
00546| 
00547|         Package (0x06)
     |              ^
     | Error 6126: syntax error, unexpected PARSEOP_PACKAGE
00548|         {
00549|             0x80000000, 
00550|             0x80000000, 
================================================================================

ADVICE: (for Error #6126, ASL_MSG_SYNTAX): The disassembled code cannot be
reassembled using the strict IASL compiler as it contains syntax errors.

FAILED [HIGH] AMLAsmASL_MSG_SYNTAX: Test 1, Assembler error in line 548
Line | AML source
--------------------------------------------------------------------------------
00545|         }
00546| 
00547|         Package (0x06)
00548|         {
     |        ^
     | Error 6126: syntax error, unexpected '{'  
00549|             0x80000000, 
00550|             0x80000000, 
00551|             0x80000000, 
================================================================================

ADVICE: (for Error #6126, ASL_MSG_SYNTAX): The disassembled code cannot be
reassembled using the strict IASL compiler as it contains syntax errors.

FAILED [HIGH] AMLAsmASL_MSG_SYNTAX: Test 1, Assembler error in line 567
Line | AML source
--------------------------------------------------------------------------------
00564|             0x80000000
00565|         }
00566| 
00567|         Package (0x06)
     |              ^
     | Error 6126: syntax error, unexpected PARSEOP_PACKAGE
00568|         {
00569|             0x80000000, 
00570|             0x80000000, 
================================================================================

ADVICE: (for Error #6126, ASL_MSG_SYNTAX): The disassembled code cannot be
reassembled using the strict IASL compiler as it contains syntax errors.

FAILED [HIGH] AMLAsmASL_MSG_SYNTAX: Test 1, Assembler error in line 568
Line | AML source
--------------------------------------------------------------------------------
00565|         }
00566| 
00567|         Package (0x06)
00568|         {
     |        ^
     | Error 6126: syntax error, unexpected '{'  
00569|             0x80000000, 
00570|             0x80000000, 
00571|             0x80000000, 
================================================================================

ADVICE: (for Error #6126, ASL_MSG_SYNTAX): The disassembled code cannot be
reassembled using the strict IASL compiler as it contains syntax errors.

FAILED [HIGH] AMLAsmASL_MSG_SYNTAX: Test 1, Assembler error in line 587
Line | AML source
--------------------------------------------------------------------------------
00584|             0x80000000
00585|         }
00586| 
00587|         Package (0x06)
     |              ^
     | Error 6126: syntax error, unexpected PARSEOP_PACKAGE
00588|         {
00589|             0x80000000, 
00590|             0x80000000, 
================================================================================

ADVICE: (for Error #6126, ASL_MSG_SYNTAX): The disassembled code cannot be
reassembled using the strict IASL compiler as it contains syntax errors.

FAILED [HIGH] AMLAsmASL_MSG_SYNTAX: Test 1, Assembler error in line 588
Line | AML source
--------------------------------------------------------------------------------
00585|         }
00586| 
00587|         Package (0x06)
00588|         {
     |        ^
     | Error 6126: syntax error, unexpected '{'  
00589|             0x80000000, 
00590|             0x80000000, 
00591|             0x80000000, 
================================================================================

ADVICE: (for Error #6126, ASL_MSG_SYNTAX): The disassembled code cannot be
reassembled using the strict IASL compiler as it contains syntax errors.

FAILED [HIGH] AMLAsmASL_MSG_SYNTAX: Test 1, Assembler error in line 607
Line | AML source
--------------------------------------------------------------------------------
00604|             0x80000000
00605|         }
00606| 
00607|         Package (0x06)
     |              ^
     | Error 6126: syntax error, unexpected PARSEOP_PACKAGE
00608|         {
00609|             0x80000000, 
00610|             0x80000000, 
================================================================================

ADVICE: (for Error #6126, ASL_MSG_SYNTAX): The disassembled code cannot be
reassembled using the strict IASL compiler as it contains syntax errors.

FAILED [HIGH] AMLAsmASL_MSG_SYNTAX: Test 1, Assembler error in line 608
Line | AML source
--------------------------------------------------------------------------------
00605|         }
00606| 
00607|         Package (0x06)
00608|         {
     |        ^
     | Error 6126: syntax error, unexpected '{'  
00609|             0x80000000, 
00610|             0x80000000, 
00611|             0x80000000, 
================================================================================

ADVICE: (for Error #6126, ASL_MSG_SYNTAX): The disassembled code cannot be
reassembled using the strict IASL compiler as it contains syntax errors.

FAILED [HIGH] AMLAsmASL_MSG_SYNTAX: Test 1, Assembler error in line 627
Line | AML source
--------------------------------------------------------------------------------
00624|             0x80000000
00625|         }
00626| 
00627|         Package (0x06)
     |              ^
     | Error 6126: syntax error, unexpected PARSEOP_PACKAGE
00628|         {
00629|             0x80000000, 
00630|             0x80000000, 
================================================================================

ADVICE: (for Error #6126, ASL_MSG_SYNTAX): The disassembled code cannot be
reassembled using the strict IASL compiler as it contains syntax errors.

FAILED [HIGH] AMLAsmASL_MSG_SYNTAX: Test 1, Assembler error in line 628
Line | AML source
--------------------------------------------------------------------------------
00625|         }
00626| 
00627|         Package (0x06)
00628|         {
     |        ^
     | Error 6126: syntax error, unexpected '{'  
00629|             0x80000000, 
00630|             0x80000000, 
00631|             0x80000000, 
================================================================================

ADVICE: (for Error #6126, ASL_MSG_SYNTAX): The disassembled code cannot be
reassembled using the strict IASL compiler as it contains syntax errors.

FAILED [HIGH] AMLAsmASL_MSG_SYNTAX: Test 1, Assembler error in line 647
Line | AML source
--------------------------------------------------------------------------------
00644|             0x80000000
00645|         }
00646| 
00647|         Package (0x06)
     |              ^
     | Error 6126: syntax error, unexpected PARSEOP_PACKAGE
00648|         {
00649|             0x80000000, 
00650|             0x80000000, 
================================================================================

ADVICE: (for Error #6126, ASL_MSG_SYNTAX): The disassembled code cannot be
reassembled using the strict IASL compiler as it contains syntax errors.

FAILED [HIGH] AMLAsmASL_MSG_SYNTAX: Test 1, Assembler error in line 648
Line | AML source
--------------------------------------------------------------------------------
00645|         }
00646| 
00647|         Package (0x06)
00648|         {
     |        ^
     | Error 6126: syntax error, unexpected '{'  
00649|             0x80000000, 
00650|             0x80000000, 
00651|             0x80000000, 
================================================================================

ADVICE: (for Error #6126, ASL_MSG_SYNTAX): The disassembled code cannot be
reassembled using the strict IASL compiler as it contains syntax errors.

FAILED [HIGH] AMLAsmASL_MSG_SYNTAX: Test 1, Assembler error in line 667
Line | AML source
--------------------------------------------------------------------------------
00664|             0x80000000
00665|         }
00666| 
00667|         Package (0x06)
     |              ^
     | Error 6126: syntax error, unexpected PARSEOP_PACKAGE
00668|         {
00669|             0x80000000, 
00670|             0x80000000, 
================================================================================

ADVICE: (for Error #6126, ASL_MSG_SYNTAX): The disassembled code cannot be
reassembled using the strict IASL compiler as it contains syntax errors.

FAILED [HIGH] AMLAsmASL_MSG_SYNTAX: Test 1, Assembler error in line 668
Line | AML source
--------------------------------------------------------------------------------
00665|         }
00666| 
00667|         Package (0x06)
00668|         {
     |        ^
     | Error 6126: syntax error, unexpected '{'  
00669|             0x80000000, 
00670|             0x80000000, 
00671|             0x80000000, 
================================================================================

ADVICE: (for Error #6126, ASL_MSG_SYNTAX): The disassembled code cannot be
reassembled using the strict IASL compiler as it contains syntax errors.

FAILED [HIGH] AMLAsmASL_MSG_SYNTAX: Test 1, Assembler error in line 718
Line | AML source
--------------------------------------------------------------------------------
00715|             }
00716|         })
00717|     }
00718| }
     | ^                                         
     | Error 6126: syntax error, unexpected '}', expecting $end and premature End-Of-File
00719| 
================================================================================

ADVICE: (for Error #6126, ASL_MSG_SYNTAX): The disassembled code cannot be
reassembled using the strict IASL compiler as it contains syntax errors.

FAILED [HIGH] SyntaxCheckIASLCompilerAborted: Test 1, Compilation aborted early
due to a parser detected syntax error.

ADVICE: Some subsequent errors may not be detected because the compiler had to
terminate prematurely. If the compiler did not abort early then potentially
correct code may parse incorrectly producing some or many false positive errors.

Table SSDT (2) reassembly: Found 34 errors, 0 warnings, 0 remarks.


Checking ACPI table SSDT (#3)

FAILED [MEDIUM] AMLAsmASL_MSG_RESERVED_NO_RETURN_VAL: Test 1, Assembler warning
in line 108
Line | AML source
--------------------------------------------------------------------------------
00105|             Store (CPPC, \_PR.CPU0._PPC)
00106|             Store (CPDC (Arg0), Local0)
00107|             GCAP (Local0)
00108|             Return (Local0)
     |                         ^
     | Warning 3104: Reserved method should not return a value    (_PDC)
00109|         }
00110| 
00111|         Method (_OSC, 4, NotSerialized)  // _OSC: Operating System Capabilities
================================================================================

ADVICE: (for Warning #3104, ASL_MSG_RESERVED_NO_RETURN_VAL): A reserved method
returned a value however it is not expected to return anything, so this does not
conform to the expected behaviour. The kernel will most probably ignore the
return value, so this is not going to produce any run time errors.

FAILED [LOW] AMLAsmASL_MSG_SERIALIZED_REQUIRED: Test 1, Assembler remark in line
118
Line | AML source
--------------------------------------------------------------------------------
00115|             Return (Local0)
00116|         }
00117| 
00118|         Method (CPDC, 1, NotSerialized)
     |                   ^
     | Remark 2120: Control Method should be made Serialized    (due to creation of named objects within)
00119|         {
00120|             CreateDWordField (Arg0, Zero, REVS)
00121|             CreateDWordField (Arg0, 0x04, SIZE)
================================================================================

ADVICE: (for Remark #2120, ASL_MSG_SERIALIZED_REQUIRED): A named object is
created inside a non-serialized method - this method should be serialized. It is
possible that one thread enters the method and blocks and then a second thread
also executes the method, ending up in two attempts to create the object and
causing a failure.

FAILED [LOW] AMLAsmUnknown: Test 1, Assembler remark in line 133
Line | AML source
--------------------------------------------------------------------------------
00130|             Return (COSC (ToUUID ("4077a616-290c-47be-9ebd-d87058713953"), REVS, SIZE, Local2))
00131|         }
00132| 
00133|         Method (COSC, 4, NotSerialized)
     |                   ^
     | Remark 2146: Method Argument is never used    (Arg2)
00134|         {
00135|             CreateDWordField (Arg3, Zero, STS0)
00136|             CreateDWordField (Arg3, 0x04, CAP0)
================================================================================
FAILED [LOW] AMLAsmASL_MSG_SERIALIZED_REQUIRED: Test 1, Assembler remark in line
133
Line | AML source
--------------------------------------------------------------------------------
00130|             Return (COSC (ToUUID ("4077a616-290c-47be-9ebd-d87058713953"), REVS, SIZE, Local2))
00131|         }
00132| 
00133|         Method (COSC, 4, NotSerialized)
     |                   ^
     | Remark 2120: Control Method should be made Serialized    (due to creation of named objects within)
00134|         {
00135|             CreateDWordField (Arg3, Zero, STS0)
00136|             CreateDWordField (Arg3, 0x04, CAP0)
================================================================================

ADVICE: (for Remark #2120, ASL_MSG_SERIALIZED_REQUIRED): A named object is
created inside a non-serialized method - this method should be serialized. It is
possible that one thread enters the method and blocks and then a second thread
also executes the method, ending up in two attempts to create the object and
causing a failure.

FAILED [LOW] AMLAsmASL_MSG_NOT_REFERENCED: Test 1, Assembler remark in line 136
Line | AML source
--------------------------------------------------------------------------------
00133|         Method (COSC, 4, NotSerialized)
00134|         {
00135|             CreateDWordField (Arg3, Zero, STS0)
00136|             CreateDWordField (Arg3, 0x04, CAP0)
     |                                             ^
     | Remark 2089: Object is not referenced    (Name is within method [COSC])
00137|             CreateDWordField (Arg0, Zero, IID0)
00138|             CreateDWordField (Arg0, 0x04, IID1)
00139|             CreateDWordField (Arg0, 0x08, IID2)
================================================================================
FAILED [LOW] AMLAsmASL_MSG_SERIALIZED_REQUIRED: Test 1, Assembler remark in line
162
Line | AML source
--------------------------------------------------------------------------------
00159|             Return (Arg3)
00160|         }
00161| 
00162|         Method (GCAP, 1, NotSerialized)
     |                   ^
     | Remark 2120: Control Method should be made Serialized    (due to creation of named objects within)
00163|         {
00164|             CreateDWordField (Arg0, Zero, STS0)
00165|             CreateDWordField (Arg0, 0x04, CAP0)
================================================================================

ADVICE: (for Remark #2120, ASL_MSG_SERIALIZED_REQUIRED): A named object is
created inside a non-serialized method - this method should be serialized. It is
possible that one thread enters the method and blocks and then a second thread
also executes the method, ending up in two attempts to create the object and
causing a failure.

FAILED [MEDIUM] AMLAsmASL_MSG_RESERVED_NO_RETURN_VAL: Test 1, Assembler warning
in line 201
Line | AML source
--------------------------------------------------------------------------------
00198|         {
00199|             Store (\_PR.CPU0.CPDC (Arg0), Local0)
00200|             GCAP (Local0)
00201|             Return (Local0)
     |                         ^
     | Warning 3104: Reserved method should not return a value    (_PDC)
00202|         }
00203| 
00204|         Method (_OSC, 4, NotSerialized)  // _OSC: Operating System Capabilities
================================================================================

ADVICE: (for Warning #3104, ASL_MSG_RESERVED_NO_RETURN_VAL): A reserved method
returned a value however it is not expected to return anything, so this does not
conform to the expected behaviour. The kernel will most probably ignore the
return value, so this is not going to produce any run time errors.

FAILED [LOW] AMLAsmASL_MSG_SERIALIZED_REQUIRED: Test 1, Assembler remark in line
241
Line | AML source
--------------------------------------------------------------------------------
00238|             Return (Zero)
00239|         }
00240| 
00241|         Method (APCT, 0, NotSerialized)
     |                   ^
     | Remark 2120: Control Method should be made Serialized    (due to creation of named objects within)
00242|         {
00243|             If (LAnd (And (CFGD, 0x2E), LNot (And (SDTL, 0x20))))
00244|             {
================================================================================

ADVICE: (for Remark #2120, ASL_MSG_SERIALIZED_REQUIRED): A named object is
created inside a non-serialized method - this method should be serialized. It is
possible that one thread enters the method and blocks and then a second thread
also executes the method, ending up in two attempts to create the object and
causing a failure.

FAILED [LOW] AMLAsmASL_MSG_SERIALIZED_REQUIRED: Test 1, Assembler remark in line
251
Line | AML source
--------------------------------------------------------------------------------
00248|             }
00249|         }
00250| 
00251|         Method (APPT, 0, NotSerialized)
     |                   ^
     | Remark 2120: Control Method should be made Serialized    (due to creation of named objects within)
00252|         {
00253|             If (LAnd (And (CFGD, One), LNot (And (SDTL, 0x10))))
00254|             {
================================================================================

ADVICE: (for Remark #2120, ASL_MSG_SERIALIZED_REQUIRED): A named object is
created inside a non-serialized method - this method should be serialized. It is
possible that one thread enters the method and blocks and then a second thread
also executes the method, ending up in two attempts to create the object and
causing a failure.

FAILED [MEDIUM] AMLAsmASL_MSG_RESERVED_NO_RETURN_VAL: Test 1, Assembler warning
in line 268
Line | AML source
--------------------------------------------------------------------------------
00265|         {
00266|             Store (\_PR.CPU0.CPDC (Arg0), Local0)
00267|             GCAP (Local0)
00268|             Return (Local0)
     |                         ^
     | Warning 3104: Reserved method should not return a value    (_PDC)
00269|         }
00270| 
00271|         Method (_OSC, 4, NotSerialized)  // _OSC: Operating System Capabilities
================================================================================

ADVICE: (for Warning #3104, ASL_MSG_RESERVED_NO_RETURN_VAL): A reserved method
returned a value however it is not expected to return anything, so this does not
conform to the expected behaviour. The kernel will most probably ignore the
return value, so this is not going to produce any run time errors.

FAILED [MEDIUM] AMLAsmASL_MSG_RESERVED_NO_RETURN_VAL: Test 1, Assembler warning
in line 315
Line | AML source
--------------------------------------------------------------------------------
00312|         {
00313|             Store (\_PR.CPU0.CPDC (Arg0), Local0)
00314|             GCAP (Local0)
00315|             Return (Local0)
     |                         ^
     | Warning 3104: Reserved method should not return a value    (_PDC)
00316|         }
00317| 
00318|         Method (_OSC, 4, NotSerialized)  // _OSC: Operating System Capabilities
================================================================================

ADVICE: (for Warning #3104, ASL_MSG_RESERVED_NO_RETURN_VAL): A reserved method
returned a value however it is not expected to return anything, so this does not
conform to the expected behaviour. The kernel will most probably ignore the
return value, so this is not going to produce any run time errors.

FAILED [MEDIUM] AMLAsmASL_MSG_RESERVED_NO_RETURN_VAL: Test 1, Assembler warning
in line 362
Line | AML source
--------------------------------------------------------------------------------
00359|         {
00360|             Store (\_PR.CPU0.CPDC (Arg0), Local0)
00361|             GCAP (Local0)
00362|             Return (Local0)
     |                         ^
     | Warning 3104: Reserved method should not return a value    (_PDC)
00363|         }
00364| 
00365|         Method (_OSC, 4, NotSerialized)  // _OSC: Operating System Capabilities
================================================================================

ADVICE: (for Warning #3104, ASL_MSG_RESERVED_NO_RETURN_VAL): A reserved method
returned a value however it is not expected to return anything, so this does not
conform to the expected behaviour. The kernel will most probably ignore the
return value, so this is not going to produce any run time errors.

FAILED [MEDIUM] AMLAsmASL_MSG_RESERVED_NO_RETURN_VAL: Test 1, Assembler warning
in line 409
Line | AML source
--------------------------------------------------------------------------------
00406|         {
00407|             Store (\_PR.CPU0.CPDC (Arg0), Local0)
00408|             GCAP (Local0)
00409|             Return (Local0)
     |                         ^
     | Warning 3104: Reserved method should not return a value    (_PDC)
00410|         }
00411| 
00412|         Method (_OSC, 4, NotSerialized)  // _OSC: Operating System Capabilities
================================================================================

ADVICE: (for Warning #3104, ASL_MSG_RESERVED_NO_RETURN_VAL): A reserved method
returned a value however it is not expected to return anything, so this does not
conform to the expected behaviour. The kernel will most probably ignore the
return value, so this is not going to produce any run time errors.

FAILED [MEDIUM] AMLAsmASL_MSG_RESERVED_NO_RETURN_VAL: Test 1, Assembler warning
in line 456
Line | AML source
--------------------------------------------------------------------------------
00453|         {
00454|             Store (\_PR.CPU0.CPDC (Arg0), Local0)
00455|             GCAP (Local0)
00456|             Return (Local0)
     |                         ^
     | Warning 3104: Reserved method should not return a value    (_PDC)
00457|         }
00458| 
00459|         Method (_OSC, 4, NotSerialized)  // _OSC: Operating System Capabilities
================================================================================

ADVICE: (for Warning #3104, ASL_MSG_RESERVED_NO_RETURN_VAL): A reserved method
returned a value however it is not expected to return anything, so this does not
conform to the expected behaviour. The kernel will most probably ignore the
return value, so this is not going to produce any run time errors.

FAILED [MEDIUM] AMLAsmASL_MSG_RESERVED_NO_RETURN_VAL: Test 1, Assembler warning
in line 503
Line | AML source
--------------------------------------------------------------------------------
00500|         {
00501|             Store (\_PR.CPU0.CPDC (Arg0), Local0)
00502|             GCAP (Local0)
00503|             Return (Local0)
     |                         ^
     | Warning 3104: Reserved method should not return a value    (_PDC)
00504|         }
00505| 
00506|         Method (_OSC, 4, NotSerialized)  // _OSC: Operating System Capabilities
================================================================================

ADVICE: (for Warning #3104, ASL_MSG_RESERVED_NO_RETURN_VAL): A reserved method
returned a value however it is not expected to return anything, so this does not
conform to the expected behaviour. The kernel will most probably ignore the
return value, so this is not going to produce any run time errors.

Table SSDT (3) reassembly: Found 0 errors, 8 warnings, 7 remarks.


================================================================================
0 passed, 69 failed, 0 warning, 0 aborted, 0 skipped, 0 info only.
================================================================================

stao: STAO Status Override Table test.
--------------------------------------------------------------------------------
ACPI STAO table does not exist, skipping test
================================================================================
0 passed, 0 failed, 0 warning, 0 aborted, 1 skipped, 0 info only.
================================================================================

srat: SRAT System Resource Affinity Table test.
--------------------------------------------------------------------------------
ACPI SRAT table does not exist, skipping test
================================================================================
0 passed, 0 failed, 0 warning, 0 aborted, 1 skipped, 0 info only.
================================================================================

spmi: SPMI Service Processor Management Interface Description Table test.
--------------------------------------------------------------------------------
ACPI SPMI table does not exist, skipping test
================================================================================
0 passed, 0 failed, 0 warning, 0 aborted, 1 skipped, 0 info only.
================================================================================

spcr: SPCR Serial Port Console Redirection Table test.
--------------------------------------------------------------------------------
ACPI SPCR table does not exist, skipping test
================================================================================
0 passed, 0 failed, 0 warning, 0 aborted, 1 skipped, 0 info only.
================================================================================

slit: SLIT System Locality Distance Information test.
--------------------------------------------------------------------------------
ACPI SLIT table does not exist, skipping test
================================================================================
0 passed, 0 failed, 0 warning, 0 aborted, 1 skipped, 0 info only.
================================================================================

slic: SLIC Software Licensing Description Table test.
--------------------------------------------------------------------------------
Test 1 of 1: SLIC Software Licensing Description Table test.
Software Licensing Description Table
SLIC Public Key Structure has had minimal check due to proprietary nature of the
table
SLIC Windows Marker Structure has had minimal check due to proprietary nature of
the table
PASSED: Test 1, No issues found in SLIC table.

================================================================================
1 passed, 0 failed, 0 warning, 0 aborted, 0 skipped, 0 info only.
================================================================================

sbst: SBST Smart Battery Specification Table test.
--------------------------------------------------------------------------------
ACPI SBST table does not exist, skipping test
================================================================================
0 passed, 0 failed, 0 warning, 0 aborted, 1 skipped, 0 info only.
================================================================================

rsdt: RSDT Root System Description Table test.
--------------------------------------------------------------------------------
Test 1 of 1: RSDT Root System Description Table test.
PASSED: Test 1, No issues found in RSDT table.

================================================================================
1 passed, 0 failed, 0 warning, 0 aborted, 0 skipped, 0 info only.
================================================================================

rsdp: RSDP Root System Description Pointer test.
--------------------------------------------------------------------------------
Test 1 of 1: RSDP Root System Description Pointer test.
PASSED: Test 1, No issues found in RSDP table.

================================================================================
1 passed, 0 failed, 0 warning, 0 aborted, 0 skipped, 0 info only.
================================================================================

pcc: Processor Clocking Control (PCC) test.
--------------------------------------------------------------------------------
Test 1 of 1: Processor Clocking Control (PCC) test.
This test checks the sanity of the Processor Clocking Control as found on some
HP ProLiant machines. Most computers do not use this interface to control the
CPU clock frequency, so this test will be skipped.

This machine does not use Processor Clocking Control (PCC).

================================================================================
0 passed, 0 failed, 0 warning, 0 aborted, 0 skipped, 1 info only.
================================================================================

osilinux: Disassemble DSDT to check for _OSI("Linux").
--------------------------------------------------------------------------------
Test 1 of 1: Disassemble DSDT to check for _OSI("Linux").
This is not strictly a failure mode, it just alerts one that this has been
defined in the DSDT and probably should be avoided since the Linux ACPI driver
matches onto the Windows _OSI strings
PASSED: Test 1, DSDT does not implement a deprecated _OSI("Linux") test.

================================================================================
1 passed, 0 failed, 0 warning, 0 aborted, 0 skipped, 0 info only.
================================================================================

method: ACPI DSDT Method Semantic tests.
--------------------------------------------------------------------------------
Test 1 of 191: Test Method Names.
Found 1589 Objects 
PASSED: Test 1, Method names contain legal characters.

Test 2 of 191: Test _AEI.
SKIPPED: Test 2, Skipping test for non-existant object _AEI.

Test 3 of 191: Test _EVT (Event Method).
SKIPPED: Test 3, Skipping test for non-existant object _EVT.

Test 4 of 191: Test _DLM (Device Lock Mutex).
SKIPPED: Test 4, Skipping test for non-existant object _DLM.

Test 5 of 191: Test _PIC (Inform AML of Interrupt Model).
PASSED: Test 5, \_PIC returned no values as expected.
PASSED: Test 5, \_PIC returned no values as expected.
PASSED: Test 5, \_PIC returned no values as expected.

Test 6 of 191: Test _CID (Compatible ID).
PASSED: Test 6, \_SB_.PCI0._CID returned an integer 0x030ad041 (EISA ID
PNP0A03).
PASSED: Test 6, \_SB_.PCI0.LPCB.CWDT._CID returned an integer 0x020cd041 (EISA
ID PNP0C02).
PASSED: Test 6, \_SB_.PCI0.LPCB.PS2K._CID returned an integer 0x0303d041 (EISA
ID PNP0303).
PASSED: Test 6, \_SB_.PCI0.LPCB.PS2M._CID returned an integer 0x130fd041 (EISA
ID PNP0F13).
PASSED: Test 6, \_SB_.PTID._CID returned an integer 0x020cd041 (EISA ID
PNP0C02).

Test 7 of 191: Test _DDN (DOS Device Name).
SKIPPED: Test 7, Skipping test for non-existant object _DDN.

Test 8 of 191: Test _HID (Hardware ID).
PASSED: Test 8, \_SB_.PCI0._HID returned an integer 0x080ad041 (EISA ID
PNP0A08).
PASSED: Test 8, \_SB_.PCI0.LPCB.DMAC._HID returned an integer 0x0002d041 (EISA
ID PNP0200).
PASSED: Test 8, \_SB_.PCI0.LPCB.FWHD._HID returned an integer 0x0008d425 (EISA
ID INT0800).
PASSED: Test 8, \_SB_.PCI0.LPCB.HPET._HID returned an integer 0x0301d041 (EISA
ID PNP0103).
PASSED: Test 8, \_SB_.PCI0.LPCB.IPIC._HID returned an integer 0x0000d041 (EISA
ID PNP0000).
PASSED: Test 8, \_SB_.PCI0.LPCB.MATH._HID returned an integer 0x040cd041 (EISA
ID PNP0C04).
PASSED: Test 8, \_SB_.PCI0.LPCB.LDRC._HID returned an integer 0x020cd041 (EISA
ID PNP0C02).
PASSED: Test 8, \_SB_.PCI0.LPCB.RTC_._HID returned an integer 0x000bd041 (EISA
ID PNP0B00).
PASSED: Test 8, \_SB_.PCI0.LPCB.TIMR._HID returned an integer 0x0001d041 (EISA
ID PNP0100).
PASSED: Test 8, \_SB_.PCI0.LPCB.CWDT._HID returned an integer 0x0d3fd425 (EISA
ID INT3F0D).
PASSED: Test 8, \_SB_.PCI0.LPCB.PWRB._HID returned an integer 0x0c0cd041 (EISA
ID PNP0C0C).
PASSED: Test 8, \_SB_.PCI0.LPCB.PS2K._HID returned a string 'DLLK0598' as
expected.
PASSED: Test 8, \_SB_.PCI0.LPCB.PS2M._HID returned an integer 0x98058c11 (EISA
ID DLL0598).
PASSED: Test 8, \_SB_.PCI0.LPCB.EC0_._HID returned an integer 0x090cd041 (EISA
ID PNP0C09).
PASSED: Test 8, \_SB_.PCI0.LPCB.BAT1._HID returned an integer 0x0a0cd041 (EISA
ID PNP0C0A).
PASSED: Test 8, \_SB_.PCI0.LPCB.ACAD._HID returned a string 'ACPI0003' as
expected.
PASSED: Test 8, \_SB_.PCI0.PDRC._HID returned an integer 0x020cd041 (EISA ID
PNP0C02).
PASSED: Test 8, \_SB_.LNKA._HID returned an integer 0x0f0cd041 (EISA ID
PNP0C0F).
PASSED: Test 8, \_SB_.LNKB._HID returned an integer 0x0f0cd041 (EISA ID
PNP0C0F).
PASSED: Test 8, \_SB_.LNKC._HID returned an integer 0x0f0cd041 (EISA ID
PNP0C0F).
PASSED: Test 8, \_SB_.LNKD._HID returned an integer 0x0f0cd041 (EISA ID
PNP0C0F).
PASSED: Test 8, \_SB_.LNKE._HID returned an integer 0x0f0cd041 (EISA ID
PNP0C0F).
PASSED: Test 8, \_SB_.LNKF._HID returned an integer 0x0f0cd041 (EISA ID
PNP0C0F).
PASSED: Test 8, \_SB_.LNKG._HID returned an integer 0x0f0cd041 (EISA ID
PNP0C0F).
PASSED: Test 8, \_SB_.LNKH._HID returned an integer 0x0f0cd041 (EISA ID
PNP0C0F).
PASSED: Test 8, \_SB_.WMID._HID returned a string 'PNP0C14' as expected.
PASSED: Test 8, \_SB_.MEM2._HID returned an integer 0x010cd041 (EISA ID
PNP0C01).
PASSED: Test 8, \_SB_.LID0._HID returned an integer 0x0d0cd041 (EISA ID
PNP0C0D).
PASSED: Test 8, \_SB_.PTID._HID returned an integer 0x0e34d425 (EISA ID
INT340E).

Test 9 of 191: Test _HRV (Hardware Revision Number).
SKIPPED: Test 9, Skipping test for non-existant object _HRV.

Test 10 of 191: Test _MLS (Multiple Language String).
SKIPPED: Test 10, Skipping test for non-existant object _MLS.

Test 11 of 191: Test _PLD (Physical Device Location).
PASSED: Test 11, \_SB_.PCI0.EHC1.HUBN.PR01._PLD correctly returned a sane
looking package.
PASSED: Test 11, \_SB_.PCI0.EHC1.HUBN.PR01.PR11._PLD correctly returned a sane
looking package.
PASSED: Test 11, \_SB_.PCI0.EHC1.HUBN.PR01.PR12._PLD correctly returned a sane
looking package.
PASSED: Test 11, \_SB_.PCI0.EHC1.HUBN.PR01.PR13._PLD correctly returned a sane
looking package.
PASSED: Test 11, \_SB_.PCI0.EHC1.HUBN.PR01.PR14._PLD correctly returned a sane
looking package.
PASSED: Test 11, \_SB_.PCI0.EHC1.HUBN.PR01.PR15._PLD correctly returned a sane
looking package.
PASSED: Test 11, \_SB_.PCI0.EHC1.HUBN.PR01.PR17._PLD correctly returned a sane
looking package.
PASSED: Test 11, \_SB_.PCI0.EHC2.HUBN.PR01._PLD correctly returned a sane
looking package.
PASSED: Test 11, \_SB_.PCI0.EHC2.HUBN.PR01.PR11._PLD correctly returned a sane
looking package.
PASSED: Test 11, \_SB_.PCI0.EHC2.HUBN.PR01.PR13._PLD correctly returned a sane
looking package.
PASSED: Test 11, \_SB_.PCI0.EHC2.HUBN.PR01.PR14._PLD correctly returned a sane
looking package.
PASSED: Test 11, \_SB_.PCI0.EHC2.HUBN.PR01.PR15._PLD correctly returned a sane
looking package.
PASSED: Test 11, \_SB_.PCI0.EHC2.HUBN.PR01.USB0._PLD correctly returned a sane
looking package.
PASSED: Test 11, \_SB_.PCI0.EHC2.HUBN.PR01.USB0.CAM0._PLD correctly returned a
sane looking package.
PASSED: Test 11, \_SB_.PCI0.XHC_.RHUB.HSP1._PLD correctly returned a sane
looking package.
PASSED: Test 11, \_SB_.PCI0.XHC_.RHUB.HSP2._PLD correctly returned a sane
looking package.
PASSED: Test 11, \_SB_.PCI0.XHC_.RHUB.HSP3._PLD correctly returned a sane
looking package.
PASSED: Test 11, \_SB_.PCI0.XHC_.RHUB.HSP4._PLD correctly returned a sane
looking package.
PASSED: Test 11, \_SB_.PCI0.XHC_.RHUB.SSP1._PLD correctly returned a sane
looking package.
PASSED: Test 11, \_SB_.PCI0.XHC_.RHUB.SSP2._PLD correctly returned a sane
looking package.
PASSED: Test 11, \_SB_.PCI0.XHC_.RHUB.SSP3._PLD correctly returned a sane
looking package.
PASSED: Test 11, \_SB_.PCI0.XHC_.RHUB.SSP4._PLD correctly returned a sane
looking package.

Test 12 of 191: Test _SUB (Subsystem ID).
SKIPPED: Test 12, Skipping test for non-existant object _SUB.

Test 13 of 191: Test _SUN (Slot User Number).
SKIPPED: Test 13, Skipping test for non-existant object _SUN.

Test 14 of 191: Test _STR (String).
SKIPPED: Test 14, Skipping test for non-existant object _STR.

Test 15 of 191: Test _UID (Unique ID).
PASSED: Test 15, \_SB_.PCI0._UID correctly returned sane looking value
0x00000000.
PASSED: Test 15, \_SB_.PCI0.LPCB.HPET._UID correctly returned sane looking value
0x00000000.
PASSED: Test 15, \_SB_.PCI0.LPCB.LDRC._UID correctly returned sane looking value
0x00000002.
PASSED: Test 15, \_SB_.PCI0.LPCB.BAT1._UID correctly returned sane looking value
0x00000001.
PASSED: Test 15, \_SB_.PCI0.PDRC._UID correctly returned sane looking value
0x00000001.
PASSED: Test 15, \_SB_.LNKA._UID correctly returned sane looking value
0x00000001.
PASSED: Test 15, \_SB_.LNKB._UID correctly returned sane looking value
0x00000002.
PASSED: Test 15, \_SB_.LNKC._UID correctly returned sane looking value
0x00000003.
PASSED: Test 15, \_SB_.LNKD._UID correctly returned sane looking value
0x00000004.
PASSED: Test 15, \_SB_.LNKE._UID correctly returned sane looking value
0x00000005.
PASSED: Test 15, \_SB_.LNKF._UID correctly returned sane looking value
0x00000006.
PASSED: Test 15, \_SB_.LNKG._UID correctly returned sane looking value
0x00000007.
PASSED: Test 15, \_SB_.LNKH._UID correctly returned sane looking value
0x00000008.
PASSED: Test 15, \_SB_.WMID._UID correctly returned sane looking value
0x00000000.
PASSED: Test 15, \_SB_.MEM2._UID correctly returned sane looking value
0x00000002.

Test 16 of 191: Test _CDM (Clock Domain).
SKIPPED: Test 16, Skipping test for non-existant object _CDM.

Test 17 of 191: Test _CRS (Current Resource Settings).
PASSED: Test 17, \_SB_.PCI0._CRS (WORD Address Space Descriptor) looks sane.
PASSED: Test 17, \_SB_.PCI0.LPCB.DMAC._CRS (I/O Port Descriptor) looks sane.
PASSED: Test 17, \_SB_.PCI0.LPCB.FWHD._CRS (32-bit Fixed Location Memory Range
Descriptor) looks sane.
PASSED: Test 17, \_SB_.PCI0.LPCB.HPET._CRS (32-bit Fixed Location Memory Range
Descriptor) looks sane.
PASSED: Test 17, \_SB_.PCI0.LPCB.IPIC._CRS (I/O Port Descriptor) looks sane.
PASSED: Test 17, \_SB_.PCI0.LPCB.MATH._CRS (I/O Port Descriptor) looks sane.
PASSED: Test 17, \_SB_.PCI0.LPCB.LDRC._CRS (I/O Port Descriptor) looks sane.
PASSED: Test 17, \_SB_.PCI0.LPCB.RTC_._CRS (I/O Port Descriptor) looks sane.
PASSED: Test 17, \_SB_.PCI0.LPCB.TIMR._CRS (I/O Port Descriptor) looks sane.
PASSED: Test 17, \_SB_.PCI0.LPCB.CWDT._CRS (I/O Port Descriptor) looks sane.
PASSED: Test 17, \_SB_.PCI0.LPCB.PS2K._CRS (I/O Port Descriptor) looks sane.
PASSED: Test 17, \_SB_.PCI0.LPCB.PS2M._CRS (IRQ Descriptor) looks sane.
PASSED: Test 17, \_SB_.PCI0.LPCB.EC0_._CRS (I/O Port Descriptor) looks sane.
PASSED: Test 17, \_SB_.PCI0.PDRC._CRS (32-bit Fixed Location Memory Range
Descriptor) looks sane.
PASSED: Test 17, \_SB_.LNKA._CRS (IRQ Descriptor) looks sane.
PASSED: Test 17, \_SB_.LNKB._CRS (IRQ Descriptor) looks sane.
PASSED: Test 17, \_SB_.LNKC._CRS (IRQ Descriptor) looks sane.
PASSED: Test 17, \_SB_.LNKD._CRS (IRQ Descriptor) looks sane.
PASSED: Test 17, \_SB_.LNKE._CRS (IRQ Descriptor) looks sane.
PASSED: Test 17, \_SB_.LNKF._CRS (IRQ Descriptor) looks sane.
PASSED: Test 17, \_SB_.LNKG._CRS (IRQ Descriptor) looks sane.
PASSED: Test 17, \_SB_.LNKH._CRS (IRQ Descriptor) looks sane.
PASSED: Test 17, \_SB_.MEM2._CRS (32-bit Fixed Location Memory Range Descriptor)
looks sane.

Test 18 of 191: Test _DSD (Device Specific Data).
SKIPPED: Test 18, Skipping test for non-existant object _DSD.

Test 19 of 191: Test _DIS (Disable).
PASSED: Test 19, \_SB_.LNKA._DIS returned no values as expected.
PASSED: Test 19, \_SB_.LNKB._DIS returned no values as expected.
PASSED: Test 19, \_SB_.LNKC._DIS returned no values as expected.
PASSED: Test 19, \_SB_.LNKD._DIS returned no values as expected.
PASSED: Test 19, \_SB_.LNKE._DIS returned no values as expected.
PASSED: Test 19, \_SB_.LNKF._DIS returned no values as expected.
PASSED: Test 19, \_SB_.LNKG._DIS returned no values as expected.
PASSED: Test 19, \_SB_.LNKH._DIS returned no values as expected.

Test 20 of 191: Test _DMA (Direct Memory Access).
SKIPPED: Test 20, Skipping test for non-existant object _DMA.

Test 21 of 191: Test _FIX (Fixed Register Resource Provider).
SKIPPED: Test 21, Skipping test for non-existant object _FIX.

Test 22 of 191: Test _GSB (Global System Interrupt Base).
SKIPPED: Test 22, Skipping test for non-existant object _GSB.

Test 23 of 191: Test _HPP (Hot Plug Parameters).
SKIPPED: Test 23, Skipping test for non-existant object _HPP.

Test 24 of 191: Test _PRS (Possible Resource Settings).
PASSED: Test 24, \_SB_.PCI0.LPCB.PS2K._PRS (Start Dependent Functions
Descriptor) looks sane.
PASSED: Test 24, \_SB_.PCI0.LPCB.PS2M._PRS (Start Dependent Functions
Descriptor) looks sane.
PASSED: Test 24, \_SB_.LNKA._PRS (IRQ Descriptor) looks sane.
PASSED: Test 24, \_SB_.LNKB._PRS (IRQ Descriptor) looks sane.
PASSED: Test 24, \_SB_.LNKC._PRS (IRQ Descriptor) looks sane.
PASSED: Test 24, \_SB_.LNKD._PRS (IRQ Descriptor) looks sane.
PASSED: Test 24, \_SB_.LNKE._PRS (IRQ Descriptor) looks sane.
PASSED: Test 24, \_SB_.LNKF._PRS (IRQ Descriptor) looks sane.
PASSED: Test 24, \_SB_.LNKG._PRS (IRQ Descriptor) looks sane.
PASSED: Test 24, \_SB_.LNKH._PRS (IRQ Descriptor) looks sane.

Test 25 of 191: Test _PXM (Proximity).
SKIPPED: Test 25, Skipping test for non-existant object _PXM.

Test 26 of 191: Test _CCA (Cache Coherency Attribute).
SKIPPED: Test 26, Skipping test for non-existant object _CCA.

Test 27 of 191: Test _EDL (Eject Device List).
SKIPPED: Test 27, Skipping test for non-existant object _EDL.

Test 28 of 191: Test _EJD (Ejection Dependent Device).
SKIPPED: Test 28, Skipping test for non-existant object _EJD.

Test 29 of 191: Test _EJ0 (Eject).
SKIPPED: Test 29, Skipping test for non-existant object _EJ0.

Test 30 of 191: Test _EJ1 (Eject).
SKIPPED: Test 30, Skipping test for non-existant object _EJ1.

Test 31 of 191: Test _EJ2 (Eject).
SKIPPED: Test 31, Skipping test for non-existant object _EJ2.

Test 32 of 191: Test _EJ3 (Eject).
SKIPPED: Test 32, Skipping test for non-existant object _EJ3.

Test 33 of 191: Test _EJ4 (Eject).
SKIPPED: Test 33, Skipping test for non-existant object _EJ4.

Test 34 of 191: Test _LCK (Lock).
SKIPPED: Test 34, Skipping test for non-existant object _LCK.

Test 35 of 191: Test _RMV (Remove).
PASSED: Test 35, \_SB_.PCI0.EHC2.HUBN.PR01.PR14._RMV correctly returned sane
looking value 0x00000001.

Test 36 of 191: Test _STA (Status).
PASSED: Test 36, \_SB_.PCI0.LPCB.HPET._STA correctly returned sane looking value
0x00000000.
PASSED: Test 36, \_SB_.PCI0.LPCB.CWDT._STA correctly returned sane looking value
0x0000000f.
PASSED: Test 36, \_SB_.PCI0.LPCB.PS2K._STA correctly returned sane looking value
0x0000000f.
PASSED: Test 36, \_SB_.PCI0.LPCB.PS2M._STA correctly returned sane looking value
0x0000000f.
PASSED: Test 36, \_SB_.PCI0.LPCB.BAT1._STA correctly returned sane looking value
0x0000000f.
PASSED: Test 36, \_SB_.PCI0.PEG0.VGA1._STA correctly returned sane looking value
0x00000000.
PASSED: Test 36, \_SB_.PCI0.PEG0.VGA_._STA correctly returned sane looking value
0x00000000.
PASSED: Test 36, \_SB_.LNKA._STA correctly returned sane looking value
0x0000000b.
PASSED: Test 36, \_SB_.LNKB._STA correctly returned sane looking value
0x0000000b.
PASSED: Test 36, \_SB_.LNKC._STA correctly returned sane looking value
0x0000000b.
PASSED: Test 36, \_SB_.LNKD._STA correctly returned sane looking value
0x0000000b.
PASSED: Test 36, \_SB_.LNKE._STA correctly returned sane looking value
0x0000000b.
PASSED: Test 36, \_SB_.LNKF._STA correctly returned sane looking value
0x0000000b.
PASSED: Test 36, \_SB_.LNKG._STA correctly returned sane looking value
0x0000000b.
PASSED: Test 36, \_SB_.LNKH._STA correctly returned sane looking value
0x0000000b.
PASSED: Test 36, \_SB_.MEM2._STA correctly returned sane looking value
0x00000000.
PASSED: Test 36, \_SB_.PTID._STA correctly returned sane looking value
0x0000000f.

Test 37 of 191: Test _DEP (Operational Region Dependencies).
SKIPPED: Test 37, Skipping test for non-existant object _DEP.

Test 38 of 191: Test _BDN (BIOS Dock Name).
SKIPPED: Test 38, Skipping test for non-existant object _BDN.

Test 39 of 191: Test _BBN (Base Bus Number).
PASSED: Test 39, \_SB_.PCI0._BBN correctly returned an integer.

Test 40 of 191: Test _DCK (Dock).
SKIPPED: Test 40, Skipping test for non-existant object _DCK.

Test 41 of 191: Test _INI (Initialize).
PASSED: Test 41, \_SB_.PCI0._INI returned no values as expected.

Test 42 of 191: Test _GLK (Global Lock).
SKIPPED: Test 42, Skipping test for non-existant object _GLK.

Test 43 of 191: Test _SEG (Segment).
SKIPPED: Test 43, Skipping test for non-existant object _SEG.

Test 44 of 191: Test _OFF (Set resource off).
SKIPPED: Test 44, Skipping test for non-existant object _OFF.

Test 45 of 191: Test _ON (Set resource on).
SKIPPED: Test 45, Skipping test for non-existant object _ON.

Test 46 of 191: Test _DSW (Device Sleep Wake).
SKIPPED: Test 46, Skipping test for non-existant object _DSW.

Test 47 of 191: Test _IRC (In Rush Current).
SKIPPED: Test 47, Skipping test for non-existant object _IRC.

Test 48 of 191: Test _PRE (Power Resources for Enumeration).
SKIPPED: Test 48, Skipping test for non-existant object _PRE.

Test 49 of 191: Test _PR0 (Power Resources for D0).
SKIPPED: Test 49, Skipping test for non-existant object _PR0.

Test 50 of 191: Test _PR1 (Power Resources for D1).
SKIPPED: Test 50, Skipping test for non-existant object _PR1.

Test 51 of 191: Test _PR2 (Power Resources for D2).
SKIPPED: Test 51, Skipping test for non-existant object _PR2.

Test 52 of 191: Test _PR3 (Power Resources for D3).
SKIPPED: Test 52, Skipping test for non-existant object _PR3.

Test 53 of 191: Test _PRW (Power Resources for Wake).
PASSED: Test 53, \_SB_.PCI0.P0P1._PRW correctly returned a sane looking package.
PASSED: Test 53, \_SB_.PCI0.EHC1._PRW correctly returned a sane looking package.
PASSED: Test 53, \_SB_.PCI0.XHC_._PRW correctly returned a sane looking package.
PASSED: Test 53, \_SB_.PCI0.RP01._PRW correctly returned a sane looking package.
PASSED: Test 53, \_SB_.PCI0.RP02._PRW correctly returned a sane looking package.
PASSED: Test 53, \_SB_.PCI0.PEG0._PRW correctly returned a sane looking package.
PASSED: Test 53, \_SB_.PCI0.PEG0.PEGP._PRW correctly returned a sane looking
package.
PASSED: Test 53, \_SB_.PCI0.PEG1._PRW correctly returned a sane looking package.
PASSED: Test 53, \_SB_.PCI0.PEG2._PRW correctly returned a sane looking package.
PASSED: Test 53, \_SB_.PCI0.PEG3._PRW correctly returned a sane looking package.
PASSED: Test 53, \_SB_.LID0._PRW correctly returned a sane looking package.

Test 54 of 191: Test _PS0 (Power State 0).
SKIPPED: Test 54, Skipping test for non-existant object _PS0.

Test 55 of 191: Test _PS1 (Power State 1).
SKIPPED: Test 55, Skipping test for non-existant object _PS1.

Test 56 of 191: Test _PS2 (Power State 2).
SKIPPED: Test 56, Skipping test for non-existant object _PS2.

Test 57 of 191: Test _PS3 (Power State 3).
SKIPPED: Test 57, Skipping test for non-existant object _PS3.

Test 58 of 191: Test _PSC (Power State Current).
SKIPPED: Test 58, Skipping test for non-existant object _PSC.

Test 59 of 191: Test _PSE (Power State for Enumeration).
SKIPPED: Test 59, Skipping test for non-existant object _PSE.

Test 60 of 191: Test _PSW (Power State Wake).
PASSED: Test 60, \_SB_.PCI0.EHC1._PSW returned no values as expected.
PASSED: Test 60, \_SB_.PCI0.XHC_._PSW returned no values as expected.
PASSED: Test 60, \_SB_.PCI0.RP01._PSW returned no values as expected.
PASSED: Test 60, \_SB_.LID0._PSW returned no values as expected.

Test 61 of 191: Test _S1D (S1 Device State).
SKIPPED: Test 61, Skipping test for non-existant object _S1D.

Test 62 of 191: Test _S2D (S2 Device State).
SKIPPED: Test 62, Skipping test for non-existant object _S2D.

Test 63 of 191: Test _S3D (S3 Device State).
PASSED: Test 63, \_SB_.PCI0.EHC1._S3D correctly returned an integer.
PASSED: Test 63, \_SB_.PCI0.EHC2._S3D correctly returned an integer.
PASSED: Test 63, \_SB_.PCI0.XHC_._S3D correctly returned an integer.

Test 64 of 191: Test _S4D (S4 Device State).
PASSED: Test 64, \_SB_.PCI0.EHC1._S4D correctly returned an integer.
PASSED: Test 64, \_SB_.PCI0.EHC2._S4D correctly returned an integer.
PASSED: Test 64, \_SB_.PCI0.XHC_._S4D correctly returned an integer.

Test 65 of 191: Test _S0W (S0 Device Wake State).
SKIPPED: Test 65, Skipping test for non-existant object _S0W.

Test 66 of 191: Test _S1W (S1 Device Wake State).
SKIPPED: Test 66, Skipping test for non-existant object _S1W.

Test 67 of 191: Test _S2W (S2 Device Wake State).
SKIPPED: Test 67, Skipping test for non-existant object _S2W.

Test 68 of 191: Test _S3W (S3 Device Wake State).
SKIPPED: Test 68, Skipping test for non-existant object _S3W.

Test 69 of 191: Test _S4W (S4 Device Wake State).
SKIPPED: Test 69, Skipping test for non-existant object _S4W.

Test 70 of 191: Test _RST (Device Reset).
SKIPPED: Test 70, Skipping test for non-existant object _RST.

Test 71 of 191: Test _PRR (Power Resource for Reset).
SKIPPED: Test 71, Skipping test for non-existant object _PRR.

Test 72 of 191: Test _S0_ (S0 System State).
\_S0_ PM1a_CNT.SLP_TYP value: 0x00000000
\_S0_ PM1b_CNT.SLP_TYP value: 0x00000000
PASSED: Test 72, \_S0_ correctly returned a sane looking package.

Test 73 of 191: Test _S1_ (S1 System State).
SKIPPED: Test 73, Skipping test for non-existant object _S1_.

Test 74 of 191: Test _S2_ (S2 System State).
SKIPPED: Test 74, Skipping test for non-existant object _S2_.

Test 75 of 191: Test _S3_ (S3 System State).
\_S3_ PM1a_CNT.SLP_TYP value: 0x00000005
\_S3_ PM1b_CNT.SLP_TYP value: 0x00000000
PASSED: Test 75, \_S3_ correctly returned a sane looking package.

Test 76 of 191: Test _S4_ (S4 System State).
\_S4_ PM1a_CNT.SLP_TYP value: 0x00000006
\_S4_ PM1b_CNT.SLP_TYP value: 0x00000000
PASSED: Test 76, \_S4_ correctly returned a sane looking package.

Test 77 of 191: Test _S5_ (S5 System State).
\_S5_ PM1a_CNT.SLP_TYP value: 0x00000007
\_S5_ PM1b_CNT.SLP_TYP value: 0x00000000
PASSED: Test 77, \_S5_ correctly returned a sane looking package.

Test 78 of 191: Test _SWS (System Wake Source).
SKIPPED: Test 78, Skipping test for non-existant object _SWS.

Test 79 of 191: Test _PSS (Performance Supported States).
\_PR_.CPU0._PSS values:
P-State  Freq     Power  Latency   Bus Master
         (MHz)    (mW)    (us)    Latency (us)
   0      1801    17000    10        10
   1      1800    17000    10        10
   2      1700    15798    10        10
   3      1600    14620    10        10
   4      1500    13631    10        10
   5      1400    12499    10        10
   6      1300    11552    10        10
   7      1200    10467    10        10
   8      1100     9560    10        10
   9      1000     8518    10        10
  10       900     7651    10        10
  11       800     6652    10        10
  12       774     5677    10        10
PASSED: Test 79, \_PR_.CPU0._PSS correctly returned a sane looking package.

Test 80 of 191: Test _CPC (Continuous Performance Control).
SKIPPED: Test 80, Skipping test for non-existant object _CPC.

Test 81 of 191: Test _CSD (C State Dependencies).
SKIPPED: Test 81, Skipping test for non-existant object _CSD.

Test 82 of 191: Test _CST (C States).
SKIPPED: Test 82, Skipping test for non-existant object _CST.

Test 83 of 191: Test _PCT (Performance Control).
PASSED: Test 83, \_PR_.CPU0._PCT correctly returned a sane looking package.

Test 84 of 191: Test _PDL (P-State Depth Limit).
SKIPPED: Test 84, Skipping test for non-existant object _PDL.

Test 85 of 191: Test _PPC (Performance Present Capabilities).
PASSED: Test 85, \_PR_.CPU0._PPC correctly returned an integer.

Test 86 of 191: Test _PPE (Polling for Platform Error).
SKIPPED: Test 86, Skipping test for non-existant object _PPE.

Test 87 of 191: Test _PSD (Power State Dependencies).
PASSED: Test 87, \_PR_.CPU0._PSD correctly returned a sane looking package.

Test 88 of 191: Test _PTC (Processor Throttling Control).
SKIPPED: Test 88, Skipping test for non-existant object _PTC.

Test 89 of 191: Test _TDL (T-State Depth Limit).
SKIPPED: Test 89, Skipping test for non-existant object _TDL.

Test 90 of 191: Test _TPC (Throttling Present Capabilities).
SKIPPED: Test 90, Skipping test for non-existant object _TPC.

Test 91 of 191: Test _TSD (Throttling State Dependencies).
SKIPPED: Test 91, Skipping test for non-existant object _TSD.

Test 92 of 191: Test _TSS (Throttling Supported States).
SKIPPED: Test 92, Skipping test for non-existant object _TSS.

Test 93 of 191: Test _PUR (Processor Utilization Request).
SKIPPED: Test 93, Skipping test for non-existant object _PUR.

Test 94 of 191: Test _MSG (Message).
SKIPPED: Test 94, Skipping test for non-existant object _MSG.

Test 95 of 191: Test _SST (System Status).
SKIPPED: Test 95, Skipping test for non-existant object _SST.

Test 96 of 191: Test _ALC (Ambient Light Colour Chromaticity).
SKIPPED: Test 96, Skipping test for non-existant object _ALC.

Test 97 of 191: Test _ALI (Ambient Light Illuminance).
SKIPPED: Test 97, Skipping test for non-existant object _ALI.

Test 98 of 191: Test _ALT (Ambient Light Temperature).
SKIPPED: Test 98, Skipping test for non-existant object _ALT.

Test 99 of 191: Test _ALP (Ambient Light Polling).
SKIPPED: Test 99, Skipping test for non-existant object _ALP.

Test 100 of 191: Test _ALR (Ambient Light Response).
SKIPPED: Test 100, Skipping test for non-existant object _ALR.

Test 101 of 191: Test _LID (Lid Status).
PASSED: Test 101, \_SB_.LID0._LID correctly returned sane looking value
0x00000000.

Test 102 of 191: Test _GTF (Get Task File).
SKIPPED: Test 102, Skipping test for non-existant object _GTF.

Test 103 of 191: Test _GTM (Get Timing Mode).
SKIPPED: Test 103, Skipping test for non-existant object _GTM.

Test 104 of 191: Test _MBM (Memory Bandwidth Monitoring Data).
SKIPPED: Test 104, Skipping test for non-existant object _MBM.

Test 105 of 191: Test _UPC (USB Port Capabilities).
PASSED: Test 105, \_SB_.PCI0.EHC1.HUBN.PR01._UPC correctly returned a sane
looking package.
PASSED: Test 105, \_SB_.PCI0.EHC1.HUBN.PR01.PR11._UPC correctly returned a sane
looking package.
PASSED: Test 105, \_SB_.PCI0.EHC1.HUBN.PR01.PR12._UPC correctly returned a sane
looking package.
PASSED: Test 105, \_SB_.PCI0.EHC1.HUBN.PR01.PR13._UPC correctly returned a sane
looking package.
PASSED: Test 105, \_SB_.PCI0.EHC1.HUBN.PR01.PR14._UPC correctly returned a sane
looking package.
PASSED: Test 105, \_SB_.PCI0.EHC1.HUBN.PR01.PR15._UPC correctly returned a sane
looking package.
PASSED: Test 105, \_SB_.PCI0.EHC1.HUBN.PR01.PR16._UPC correctly returned a sane
looking package.
PASSED: Test 105, \_SB_.PCI0.EHC1.HUBN.PR01.PR17._UPC correctly returned a sane
looking package.
PASSED: Test 105, \_SB_.PCI0.EHC1.HUBN.PR01.PR18._UPC correctly returned a sane
looking package.
PASSED: Test 105, \_SB_.PCI0.EHC2.HUBN.PR01._UPC correctly returned a sane
looking package.
PASSED: Test 105, \_SB_.PCI0.EHC2.HUBN.PR01.PR11._UPC correctly returned a sane
looking package.
PASSED: Test 105, \_SB_.PCI0.EHC2.HUBN.PR01.PR12._UPC correctly returned a sane
looking package.
PASSED: Test 105, \_SB_.PCI0.EHC2.HUBN.PR01.PR13._UPC correctly returned a sane
looking package.
PASSED: Test 105, \_SB_.PCI0.EHC2.HUBN.PR01.PR14._UPC correctly returned a sane
looking package.
PASSED: Test 105, \_SB_.PCI0.EHC2.HUBN.PR01.PR15._UPC correctly returned a sane
looking package.
PASSED: Test 105, \_SB_.PCI0.EHC2.HUBN.PR01.PR16._UPC correctly returned a sane
looking package.
PASSED: Test 105, \_SB_.PCI0.EHC2.HUBN.PR01.USB0._UPC correctly returned a sane
looking package.
PASSED: Test 105, \_SB_.PCI0.EHC2.HUBN.PR01.USB0.CAM0._UPC correctly returned a
sane looking package.
PASSED: Test 105, \_SB_.PCI0.XHC_.RHUB.HSP1._UPC correctly returned a sane
looking package.
PASSED: Test 105, \_SB_.PCI0.XHC_.RHUB.HSP2._UPC correctly returned a sane
looking package.
PASSED: Test 105, \_SB_.PCI0.XHC_.RHUB.HSP3._UPC correctly returned a sane
looking package.
PASSED: Test 105, \_SB_.PCI0.XHC_.RHUB.HSP4._UPC correctly returned a sane
looking package.
PASSED: Test 105, \_SB_.PCI0.XHC_.RHUB.SSP1._UPC correctly returned a sane
looking package.
PASSED: Test 105, \_SB_.PCI0.XHC_.RHUB.SSP2._UPC correctly returned a sane
looking package.
PASSED: Test 105, \_SB_.PCI0.XHC_.RHUB.SSP3._UPC correctly returned a sane
looking package.
PASSED: Test 105, \_SB_.PCI0.XHC_.RHUB.SSP4._UPC correctly returned a sane
looking package.

Test 106 of 191: Test _UPD (User Presence Detect).
SKIPPED: Test 106, Skipping test for non-existant object _UPD.

Test 107 of 191: Test _UPP (User Presence Polling).
SKIPPED: Test 107, Skipping test for non-existant object _UPP.

Test 108 of 191: Test _GCP (Get Capabilities).
SKIPPED: Test 108, Skipping test for non-existant object _GCP.

Test 109 of 191: Test _GRT (Get Real Time).
SKIPPED: Test 109, Skipping test for non-existant object _GRT.

Test 110 of 191: Test _GWS (Get Wake Status).
SKIPPED: Test 110, Skipping test for non-existant object _GWS.

Test 111 of 191: Test _CWS (Clear Wake Status).
SKIPPED: Test 111, Skipping test for non-existant object _CWS.

Test 112 of 191: Test _STP (Set Expired Timer Wake Policy).
SKIPPED: Test 112, Skipping test for non-existant object _STP.

Test 113 of 191: Test _STV (Set Timer Value).
SKIPPED: Test 113, Skipping test for non-existant object _STV.

Test 114 of 191: Test _TIP (Expired Timer Wake Policy).
SKIPPED: Test 114, Skipping test for non-existant object _TIP.

Test 115 of 191: Test _TIV (Timer Values).
SKIPPED: Test 115, Skipping test for non-existant object _TIV.

Test 116 of 191: Test _SBS (Smart Battery Subsystem).
SKIPPED: Test 116, Skipping test for non-existant object _SBS.

Test 117 of 191: Test _BCT (Battery Charge Time).
SKIPPED: Test 117, Skipping test for non-existant object _BCT.

Test 118 of 191: Test _BIF (Battery Information).
PASSED: Test 118, \_SB_.PCI0.LPCB.BAT1._BIF correctly returned a sane looking
package.

Test 119 of 191: Test _BIX (Battery Information Extended).
SKIPPED: Test 119, Skipping test for non-existant object _BIX.

Test 120 of 191: Test _BMA (Battery Measurement Averaging).
SKIPPED: Test 120, Skipping test for non-existant object _BMA.

Test 121 of 191: Test _BMC (Battery Maintenance Control).
SKIPPED: Test 121, Skipping test for non-existant object _BMC.

Test 122 of 191: Test _BMD (Battery Maintenance Data).
SKIPPED: Test 122, Skipping test for non-existant object _BMD.

Test 123 of 191: Test _BMS (Battery Measurement Sampling Time).
SKIPPED: Test 123, Skipping test for non-existant object _BMS.

Test 124 of 191: Test _BST (Battery Status).
PASSED: Test 124, \_SB_.PCI0.LPCB.BAT1._BST correctly returned a sane looking
package.

Test 125 of 191: Test _BTP (Battery Trip Point).
SKIPPED: Test 125, Skipping test for non-existant object _BTP.

Test 126 of 191: Test _BTH (Battery Throttle Limit).
SKIPPED: Test 126, Skipping test for non-existant object _BTH.

Test 127 of 191: Test _BTM (Battery Time).
SKIPPED: Test 127, Skipping test for non-existant object _BTM.

Test 128 of 191: Test _PCL (Power Consumer List).
PASSED: Test 128, \_SB_.PCI0.LPCB.BAT1._PCL returned a sane package of 1
references.
PASSED: Test 128, \_SB_.PCI0.LPCB.ACAD._PCL returned a sane package of 1
references.

Test 129 of 191: Test _PIF (Power Source Information).
SKIPPED: Test 129, Skipping test for non-existant object _PIF.

Test 130 of 191: Test _PRL (Power Source Redundancy List).
SKIPPED: Test 130, Skipping test for non-existant object _PRL.

Test 131 of 191: Test _PSR (Power Source).
PASSED: Test 131, \_SB_.PCI0.LPCB.ACAD._PSR correctly returned sane looking
value 0x00000000.

Test 132 of 191: Test _GAI (Get Averaging Level).
SKIPPED: Test 132, Skipping test for non-existant object _GAI.

Test 133 of 191: Test _GHL (Get Harware Limit).
SKIPPED: Test 133, Skipping test for non-existant object _GHL.

Test 134 of 191: Test _PMD (Power Meter Devices).
SKIPPED: Test 134, Skipping test for non-existant object _PMD.

Test 135 of 191: Test _PMM (Power Meter Measurement).
SKIPPED: Test 135, Skipping test for non-existant object _PMM.

Test 136 of 191: Test _FIF (Fan Information).
SKIPPED: Test 136, Skipping test for non-existant object _FIF.

Test 137 of 191: Test _FPS (Fan Performance States).
SKIPPED: Test 137, Skipping test for non-existant object _FPS.

Test 138 of 191: Test _FSL (Fan Set Level).
SKIPPED: Test 138, Skipping test for non-existant object _FSL.

Test 139 of 191: Test _FST (Fan Status).
SKIPPED: Test 139, Skipping test for non-existant object _FST.

Test 140 of 191: Test _ACx (Active Cooling).
SKIPPED: Test 140, Skipping test for non-existant object _AC0.

SKIPPED: Test 140, Skipping test for non-existant object _AC1.

SKIPPED: Test 140, Skipping test for non-existant object _AC2.

SKIPPED: Test 140, Skipping test for non-existant object _AC3.

SKIPPED: Test 140, Skipping test for non-existant object _AC4.

SKIPPED: Test 140, Skipping test for non-existant object _AC5.

SKIPPED: Test 140, Skipping test for non-existant object _AC6.

SKIPPED: Test 140, Skipping test for non-existant object _AC7.

SKIPPED: Test 140, Skipping test for non-existant object _AC8.

SKIPPED: Test 140, Skipping test for non-existant object _AC9.


Test 141 of 191: Test _ART (Active Cooling Relationship Table).
SKIPPED: Test 141, Skipping test for non-existant object _ART.

Test 142 of 191: Test _CRT (Critical Trip Point).
SKIPPED: Test 142, Skipping test for non-existant object _CRT.

Test 143 of 191: Test _CR3 (Warm/Standby Temperature).
SKIPPED: Test 143, Skipping test for non-existant object _CR3.

Test 144 of 191: Test _DTI (Device Temperature Indication).
SKIPPED: Test 144, Skipping test for non-existant object _DTI.

Test 145 of 191: Test _HOT (Hot Temperature).
SKIPPED: Test 145, Skipping test for non-existant object _HOT.

Test 146 of 191: Test _MTL (Minimum Throttle Limit).
SKIPPED: Test 146, Skipping test for non-existant object _MTL.

Test 147 of 191: Test _NTT (Notification Temp Threshold).
SKIPPED: Test 147, Skipping test for non-existant object _NTT.

Test 148 of 191: Test _PSL (Passive List).
SKIPPED: Test 148, Skipping test for non-existant object _PSL.

Test 149 of 191: Test _PSV (Passive Temp).
SKIPPED: Test 149, Skipping test for non-existant object _PSV.

Test 150 of 191: Test _RTV (Relative Temp Values).
SKIPPED: Test 150, Skipping test for non-existant object _RTV.

Test 151 of 191: Test _SCP (Set Cooling Policy).
SKIPPED: Test 151, Skipping test for non-existant object _DTI.

Test 152 of 191: Test _TC1 (Thermal Constant 1).
SKIPPED: Test 152, Skipping test for non-existant object _TC1.

Test 153 of 191: Test _TC2 (Thermal Constant 2).
SKIPPED: Test 153, Skipping test for non-existant object _TC2.

Test 154 of 191: Test _TFP (Thermal fast Sampling Period).
SKIPPED: Test 154, Skipping test for non-existant object _TFP.

Test 155 of 191: Test _TMP (Thermal Zone Current Temp).
SKIPPED: Test 155, Skipping test for non-existant object _TMP.

Test 156 of 191: Test _TPT (Trip Point Temperature).
SKIPPED: Test 156, Skipping test for non-existant object _TPT.

Test 157 of 191: Test _TRT (Thermal Relationship Table).
SKIPPED: Test 157, Skipping test for non-existant object _TRT.

Test 158 of 191: Test _TSN (Thermal Sensor Device).
SKIPPED: Test 158, Skipping test for non-existant object _TSN.

Test 159 of 191: Test _TSP (Thermal Sampling Period).
SKIPPED: Test 159, Skipping test for non-existant object _TSP.

Test 160 of 191: Test _TST (Temperature Sensor Threshold).
SKIPPED: Test 160, Skipping test for non-existant object _TST.

Test 161 of 191: Test _TZD (Thermal Zone Devices).
SKIPPED: Test 161, Skipping test for non-existant object _TZD.

Test 162 of 191: Test _TZM (Thermal Zone member).
SKIPPED: Test 162, Skipping test for non-existant object _TZM.

Test 163 of 191: Test _TZP (Thermal Zone Polling).
SKIPPED: Test 163, Skipping test for non-existant object _TZP.

Test 164 of 191: Test _GPE (General Purpose Events).
PASSED: Test 164, \_SB_.PCI0.LPCB.EC0_._GPE returned an integer 0x00000017

Test 165 of 191: Test _EC (EC Offset Query).
SKIPPED: Test 165, Skipping test for non-existant object _EC.

Test 166 of 191: Test _PTS (Prepare to Sleep).
Test _PTS(1).
PASSED: Test 166, \_PTS returned no values as expected.

Test _PTS(2).
PASSED: Test 166, \_PTS returned no values as expected.

Test _PTS(3).
PASSED: Test 166, \_PTS returned no values as expected.

Test _PTS(4).
PASSED: Test 166, \_PTS returned no values as expected.

Test _PTS(5).
PASSED: Test 166, \_PTS returned no values as expected.


Test 167 of 191: Test _TTS (Transition to State).
SKIPPED: Test 167, Optional control method _TTS does not exist.

Test 168 of 191: Test _S0 (System S0 State).
SKIPPED: Test 168, Skipping test for non-existant object _S0.

Test 169 of 191: Test _S1 (System S1 State).
SKIPPED: Test 169, Skipping test for non-existant object _S1.

Test 170 of 191: Test _S2 (System S2 State).
SKIPPED: Test 170, Skipping test for non-existant object _S2.

Test 171 of 191: Test _S3 (System S3 State).
SKIPPED: Test 171, Skipping test for non-existant object _S3.

Test 172 of 191: Test _S4 (System S4 State).
SKIPPED: Test 172, Skipping test for non-existant object _S4.

Test 173 of 191: Test _S5 (System S5 State).
SKIPPED: Test 173, Skipping test for non-existant object _S5.

Test 174 of 191: Test _WAK (System Wake).
Test _WAK(1) System Wake, State S1.
PASSED: Test 174, \_WAK correctly returned a sane looking package.

Test _WAK(2) System Wake, State S2.
PASSED: Test 174, \_WAK correctly returned a sane looking package.

Test _WAK(3) System Wake, State S3.
PASSED: Test 174, \_WAK correctly returned a sane looking package.

Test _WAK(4) System Wake, State S4.
PASSED: Test 174, \_WAK correctly returned a sane looking package.

Test _WAK(5) System Wake, State S5.
PASSED: Test 174, \_WAK correctly returned a sane looking package.


Test 175 of 191: Test _ADR (Return Unique ID for Device).
PASSED: Test 175, \_SB_.PCI0._ADR correctly returned an integer.
PASSED: Test 175, \_SB_.PCI0.P0P1._ADR correctly returned an integer.
PASSED: Test 175, \_SB_.PCI0.LPCB._ADR correctly returned an integer.
PASSED: Test 175, \_SB_.PCI0.EHC1._ADR correctly returned an integer.
PASSED: Test 175, \_SB_.PCI0.EHC1.HUBN._ADR correctly returned an integer.
PASSED: Test 175, \_SB_.PCI0.EHC1.HUBN.PR01._ADR correctly returned an integer.
PASSED: Test 175, \_SB_.PCI0.EHC1.HUBN.PR01.PR11._ADR correctly returned an
integer.
PASSED: Test 175, \_SB_.PCI0.EHC1.HUBN.PR01.PR12._ADR correctly returned an
integer.
PASSED: Test 175, \_SB_.PCI0.EHC1.HUBN.PR01.PR13._ADR correctly returned an
integer.
PASSED: Test 175, \_SB_.PCI0.EHC1.HUBN.PR01.PR14._ADR correctly returned an
integer.
PASSED: Test 175, \_SB_.PCI0.EHC1.HUBN.PR01.PR15._ADR correctly returned an
integer.
PASSED: Test 175, \_SB_.PCI0.EHC1.HUBN.PR01.PR16._ADR correctly returned an
integer.
PASSED: Test 175, \_SB_.PCI0.EHC1.HUBN.PR01.PR17._ADR correctly returned an
integer.
PASSED: Test 175, \_SB_.PCI0.EHC1.HUBN.PR01.PR18._ADR correctly returned an
integer.
PASSED: Test 175, \_SB_.PCI0.EHC2._ADR correctly returned an integer.
PASSED: Test 175, \_SB_.PCI0.EHC2.HUBN._ADR correctly returned an integer.
PASSED: Test 175, \_SB_.PCI0.EHC2.HUBN.PR01._ADR correctly returned an integer.
PASSED: Test 175, \_SB_.PCI0.EHC2.HUBN.PR01.PR11._ADR correctly returned an
integer.
PASSED: Test 175, \_SB_.PCI0.EHC2.HUBN.PR01.PR12._ADR correctly returned an
integer.
PASSED: Test 175, \_SB_.PCI0.EHC2.HUBN.PR01.PR13._ADR correctly returned an
integer.
PASSED: Test 175, \_SB_.PCI0.EHC2.HUBN.PR01.PR14._ADR correctly returned an
integer.
PASSED: Test 175, \_SB_.PCI0.EHC2.HUBN.PR01.PR15._ADR correctly returned an
integer.
PASSED: Test 175, \_SB_.PCI0.EHC2.HUBN.PR01.PR16._ADR correctly returned an
integer.
PASSED: Test 175, \_SB_.PCI0.EHC2.HUBN.PR01.USB0._ADR correctly returned an
integer.
PASSED: Test 175, \_SB_.PCI0.EHC2.HUBN.PR01.USB0.CAM0._ADR correctly returned an
integer.
PASSED: Test 175, \_SB_.PCI0.XHC_._ADR correctly returned an integer.
PASSED: Test 175, \_SB_.PCI0.XHC_.RHUB._ADR correctly returned an integer.
PASSED: Test 175, \_SB_.PCI0.XHC_.RHUB.HSP1._ADR correctly returned an integer.
PASSED: Test 175, \_SB_.PCI0.XHC_.RHUB.HSP2._ADR correctly returned an integer.
PASSED: Test 175, \_SB_.PCI0.XHC_.RHUB.HSP3._ADR correctly returned an integer.
PASSED: Test 175, \_SB_.PCI0.XHC_.RHUB.HSP4._ADR correctly returned an integer.
PASSED: Test 175, \_SB_.PCI0.XHC_.RHUB.SSP1._ADR correctly returned an integer.
PASSED: Test 175, \_SB_.PCI0.XHC_.RHUB.SSP2._ADR correctly returned an integer.
PASSED: Test 175, \_SB_.PCI0.XHC_.RHUB.SSP3._ADR correctly returned an integer.
PASSED: Test 175, \_SB_.PCI0.XHC_.RHUB.SSP4._ADR correctly returned an integer.
PASSED: Test 175, \_SB_.PCI0.HDEF._ADR correctly returned an integer.
PASSED: Test 175, \_SB_.PCI0.RP01._ADR correctly returned an integer.
PASSED: Test 175, \_SB_.PCI0.RP01.PXSX._ADR correctly returned an integer.
PASSED: Test 175, \_SB_.PCI0.RP02._ADR correctly returned an integer.
PASSED: Test 175, \_SB_.PCI0.RP02.PXSX._ADR correctly returned an integer.
PASSED: Test 175, \_SB_.PCI0.SAT0._ADR correctly returned an integer.
PASSED: Test 175, \_SB_.PCI0.SAT0.PRT2._ADR correctly returned an integer.
PASSED: Test 175, \_SB_.PCI0.SAT1._ADR correctly returned an integer.
PASSED: Test 175, \_SB_.PCI0.SBUS._ADR correctly returned an integer.
PASSED: Test 175, \_SB_.PCI0.PEG0._ADR correctly returned an integer.
PASSED: Test 175, \_SB_.PCI0.PEG0.PEGP._ADR correctly returned an integer.
PASSED: Test 175, \_SB_.PCI0.PEG0.VGA1._ADR correctly returned an integer.
PASSED: Test 175, \_SB_.PCI0.PEG0.VGA_._ADR correctly returned an integer.
PASSED: Test 175, \_SB_.PCI0.PEG0.VGA_.LCD_._ADR correctly returned an integer.
PASSED: Test 175, \_SB_.PCI0.PEG1._ADR correctly returned an integer.
PASSED: Test 175, \_SB_.PCI0.PEG2._ADR correctly returned an integer.
PASSED: Test 175, \_SB_.PCI0.PEG3._ADR correctly returned an integer.
PASSED: Test 175, \_SB_.PCI0.B0D4._ADR correctly returned an integer.
PASSED: Test 175, \_SB_.PCI0.GFX0._ADR correctly returned an integer.
PASSED: Test 175, \_SB_.PCI0.GFX0.DD01._ADR correctly returned an integer.
PASSED: Test 175, \_SB_.PCI0.GFX0.DD02._ADR correctly returned an integer.
PASSED: Test 175, \_SB_.PCI0.GFX0.DD03._ADR correctly returned an integer.
PASSED: Test 175, \_SB_.PCI0.GFX0.DD04._ADR correctly returned an integer.
PASSED: Test 175, \_SB_.PCI0.GFX0.DD05._ADR correctly returned an integer.
PASSED: Test 175, \_SB_.PCI0.GFX0.DD06._ADR correctly returned an integer.
PASSED: Test 175, \_SB_.PCI0.GFX0.DD07._ADR correctly returned an integer.
PASSED: Test 175, \_SB_.PCI0.GFX0.DD08._ADR correctly returned an integer.

Test 176 of 191: Test _BCL (Query List of Brightness Control Levels Supported).
Brightness levels for \_SB_.PCI0.PEG0.VGA_.LCD_._BCL:
  Level on full power   : 100
  Level on battery power: 50
  Brightness Levels     : 10, 20, 30, 40, 50, 60, 70, 80, 90, 100
PASSED: Test 176, \_SB_.PCI0.PEG0.VGA_.LCD_._BCL returned a sane package of 12
integers.
Brightness levels for \_SB_.PCI0.GFX0.DD01._BCL:
  Level on full power   : 100
  Level on battery power: 24
  Brightness Levels     : 12, 18, 24, 30, 35, 40, 45, 50, 55, 60, 65, 70, 77, 85, 92, 100
PASSED: Test 176, \_SB_.PCI0.GFX0.DD01._BCL returned a sane package of 18
integers.

Test 177 of 191: Test _BCM (Set Brightness Level).
PASSED: Test 177, \_SB_.PCI0.PEG0.VGA_.LCD_._BCM returned no values as expected.
PASSED: Test 177, \_SB_.PCI0.GFX0.DD01._BCM returned no values as expected.

Test 178 of 191: Test _BQC (Brightness Query Current Level).
PASSED: Test 178, \_SB_.PCI0.PEG0.VGA_.LCD_._BQC correctly returned an integer.
PASSED: Test 178, \_SB_.PCI0.GFX0.DD01._BQC correctly returned an integer.

Test 179 of 191: Test _DCS (Return the Status of Output Device).
PASSED: Test 179, \_SB_.PCI0.GFX0.DD01._DCS correctly returned an integer.
PASSED: Test 179, \_SB_.PCI0.GFX0.DD02._DCS correctly returned an integer.
PASSED: Test 179, \_SB_.PCI0.GFX0.DD03._DCS correctly returned an integer.
PASSED: Test 179, \_SB_.PCI0.GFX0.DD04._DCS correctly returned an integer.
PASSED: Test 179, \_SB_.PCI0.GFX0.DD05._DCS correctly returned an integer.
PASSED: Test 179, \_SB_.PCI0.GFX0.DD06._DCS correctly returned an integer.
PASSED: Test 179, \_SB_.PCI0.GFX0.DD07._DCS correctly returned an integer.
PASSED: Test 179, \_SB_.PCI0.GFX0.DD08._DCS correctly returned an integer.

Test 180 of 191: Test _DDC (Return the EDID for this Device).
SKIPPED: Test 180, Skipping test for non-existant object _DDC.

Test 181 of 191: Test _DSS (Device Set State).
PASSED: Test 181, \_SB_.PCI0.GFX0.DD01._DSS returned no values as expected.
PASSED: Test 181, \_SB_.PCI0.GFX0.DD02._DSS returned no values as expected.
PASSED: Test 181, \_SB_.PCI0.GFX0.DD03._DSS returned no values as expected.
PASSED: Test 181, \_SB_.PCI0.GFX0.DD04._DSS returned no values as expected.
PASSED: Test 181, \_SB_.PCI0.GFX0.DD05._DSS returned no values as expected.
PASSED: Test 181, \_SB_.PCI0.GFX0.DD06._DSS returned no values as expected.
PASSED: Test 181, \_SB_.PCI0.GFX0.DD07._DSS returned no values as expected.
PASSED: Test 181, \_SB_.PCI0.GFX0.DD08._DSS returned no values as expected.

Test 182 of 191: Test _DGS (Query Graphics State).
PASSED: Test 182, \_SB_.PCI0.GFX0.DD01._DGS correctly returned an integer.
PASSED: Test 182, \_SB_.PCI0.GFX0.DD02._DGS correctly returned an integer.
PASSED: Test 182, \_SB_.PCI0.GFX0.DD03._DGS correctly returned an integer.
PASSED: Test 182, \_SB_.PCI0.GFX0.DD04._DGS correctly returned an integer.
PASSED: Test 182, \_SB_.PCI0.GFX0.DD05._DGS correctly returned an integer.
PASSED: Test 182, \_SB_.PCI0.GFX0.DD06._DGS correctly returned an integer.
PASSED: Test 182, \_SB_.PCI0.GFX0.DD07._DGS correctly returned an integer.
PASSED: Test 182, \_SB_.PCI0.GFX0.DD08._DGS correctly returned an integer.

Test 183 of 191: Test _DOD (Enumerate All Devices Attached to Display Adapter).
Device 0:
  Instance:                0
  Display port attachment: 1
  Type of display:         1 (VGA, CRT or VESA Compatible Analog Monitor)
  BIOS can detect device:  0
  Non-VGA device:          0
  Head or pipe ID:         0
Device 1:
  Instance:                0
  Display port attachment: 0
  Type of display:         1 (VGA, CRT or VESA Compatible Analog Monitor)
  BIOS can detect device:  0
  Non-VGA device:          0
  Head or pipe ID:         0
Device 2:
  Video Chip Vendor Scheme 2147513136
PASSED: Test 183, \_SB_.PCI0.PEG0.VGA_._DOD correctly returned a sane looking
package.
Device 0:
  Instance:                0
  Display port attachment: 0
  Type of display:         4 (Internal/Integrated Digital Flat Panel)
  BIOS can detect device:  0
  Non-VGA device:          0
  Head or pipe ID:         0
PASSED: Test 183, \_SB_.PCI0.GFX0._DOD correctly returned a sane looking
package.

Test 184 of 191: Test _DOS (Enable/Disable Output Switching).
PASSED: Test 184, \_SB_.PCI0.PEG0.VGA_._DOS returned no values as expected.
PASSED: Test 184, \_SB_.PCI0.GFX0._DOS returned no values as expected.

Test 185 of 191: Test _GPD (Get POST Device).
SKIPPED: Test 185, Skipping test for non-existant object _GPD.

Test 186 of 191: Test _ROM (Get ROM Data).
SKIPPED: Test 186, Skipping test for non-existant object _ROM.

Test 187 of 191: Test _SPD (Set POST Device).
SKIPPED: Test 187, Skipping test for non-existant object _SPD.

Test 188 of 191: Test _VPO (Video POST Options).
SKIPPED: Test 188, Skipping test for non-existant object _VPO.

Test 189 of 191: Test _CBA (Configuration Base Address).
SKIPPED: Test 189, Skipping test for non-existant object _CBA.

Test 190 of 191: Test _IFT (IPMI Interface Type).
SKIPPED: Test 190, Skipping test for non-existant object _IFT.

Test 191 of 191: Test _SRV (IPMI Interface Revision).
SKIPPED: Test 191, Skipping test for non-existant object _SRV.

================================================================================
304 passed, 0 failed, 0 warning, 0 aborted, 157 skipped, 0 info only.
================================================================================

msdm: MSDM Microsoft Data Management Table test.
--------------------------------------------------------------------------------
Test 1 of 1: MSDM Microsoft Data Management Table test.
  Reserved:                 0x00000000
  Data Type:                0x00000001
  Data Reserved:            0x00000000
  Data Length:              0x0000001d
  Data:                     'Q2NRY-Y4TP8-37J62-YF3G8-TQ4D6'
MSDM has had minimal check due to proprietary nature of the table
PASSED: Test 1, No issues found in MSDM table.

================================================================================
1 passed, 0 failed, 0 warning, 0 aborted, 0 skipped, 0 info only.
================================================================================

mchi: MCHI Management Controller Host Interface Table test.
--------------------------------------------------------------------------------
ACPI MCHI table does not exist, skipping test
================================================================================
0 passed, 0 failed, 0 warning, 0 aborted, 1 skipped, 0 info only.
================================================================================

mcfg: MCFG PCI Express* memory mapped config space test.
--------------------------------------------------------------------------------
Test 1 of 2: Validate MCFG table.
This test tries to validate the MCFG table by comparing the first 16 bytes in
the MMIO mapped config space with the 'traditional' config space of the first
PCI device (root bridge). The MCFG data is only trusted if it is marked reserved
in the UEFI run-time service memory map

Memory Map Layout
-----------------
0x0000000000000000 - 0x0000000000087fff (System RAM)
0x0000000000088000 - 0x00000000000bffff (reserved)
0x0000000000100000 - 0x000000001fffffff (System RAM)
0x0000000020000000 - 0x00000000201fffff (reserved)
0x0000000020200000 - 0x0000000040003fff (System RAM)
0x0000000040004000 - 0x0000000040004fff (reserved)
0x0000000040005000 - 0x00000000a0baffff (System RAM)
0x00000000a0bb0000 - 0x00000000a13affff (reserved)
0x00000000a13b0000 - 0x00000000a9dbefff (System RAM)
0x00000000a9dbf000 - 0x00000000aa1befff (reserved)
0x00000000aa1bf000 - 0x00000000aaebefff (reserved)
0x00000000aaebf000 - 0x00000000aafbefff (ACPI Non-volatile Storage)
0x00000000aafbf000 - 0x00000000aaffefff (ACPI Non-volatile Storage)
0x00000000aafff000 - 0x00000000aaffffff (System RAM)
0x00000000ab000000 - 0x00000000af9fffff (reserved)
0x00000000e0000000 - 0x00000000efffffff (reserved)
0x00000000feb00000 - 0x00000000feb03fff (reserved)
0x00000000fec00000 - 0x00000000fec00fff (reserved)
0x00000000fed10000 - 0x00000000fed19fff (reserved)
0x00000000fed1c000 - 0x00000000fed1ffff (reserved)
0x00000000fee00000 - 0x00000000fee00fff (reserved)
0x00000000ffb80000 - 0x00000000ffffffff (reserved)
0x0000000100000000 - 0x000000034f5fffff (System RAM)

MCFG table found, size is 16 bytes (excluding header) (1 entries).
Configuration Entry #0:
  Base Address  : 0xe0000000
  Segment       : 0
  Start bus     : 0
  End bus       : 255
PASSED: Test 1, MCFG MMIO config space is reserved in memory map table.

Test 2 of 2: Validate MCFG PCI config space.
PASSED: Test 2, PCI config space verified.

================================================================================
2 passed, 0 failed, 0 warning, 0 aborted, 0 skipped, 0 info only.
================================================================================

madt: MADT Multiple APIC Description Table test.
--------------------------------------------------------------------------------
Test 1 of 1: MADT Multiple APIC Description Table test.
PASSED: Test 1, No issues found in MADT table.

================================================================================
1 passed, 0 failed, 0 warning, 0 aborted, 0 skipped, 0 info only.
================================================================================

lpit: LPIT Low Power Idle Table test.
--------------------------------------------------------------------------------
ACPI LPIT table does not exist, skipping test
================================================================================
0 passed, 0 failed, 0 warning, 0 aborted, 1 skipped, 0 info only.
================================================================================

iort: IORT IO Remapping Table test.
--------------------------------------------------------------------------------
ACPI IORT table does not exist, skipping test
================================================================================
0 passed, 0 failed, 0 warning, 0 aborted, 1 skipped, 0 info only.
================================================================================

hpet: HPET IA-PC High Precision Event Timer Table tests.
--------------------------------------------------------------------------------
Test 1 of 4: Test HPET base in kernel log.
This test checks the HPET PCI BAR for each timer block in the timer. The base
address is passed by the firmware via an ACPI table. IRQ routing and
initialization is also verified by the test.
PASSED: Test 1, Found HPET base 0xfed00000 in kernel log.

Test 2 of 4: Test HPET base in HPET table.
Hardware ID of Event Block:
  PCI Vendor ID              : 0x8086
  Legacy IRQ Routing Capable : 1
  COUNT_SIZE_CAP counter size: 1
  Number of comparitors      : 2
  Hardwre Revision ID        : 0x1
Lower 32 bit base Address    : 0xfed00000
  Address Space ID           : 0x0
  Register Bit Width         : 0x0
  Register Bit Offset        : 0x0
  Address Width              : 0x0
HPET sequence number         : 0x0
Minimum clock tick           : 0x80
Page Protection              : 0x0 (No guaranteed protection)
OEM attributes               : 0x0
PASSED: Test 2, HPET looks sane.

Test 3 of 4: Test HPET base in DSDT and/or SSDT.
PASSED: Test 3, HPET base matches that between DSDT and the kernel (0xfed00000).

Test 4 of 4: Test HPET configuration.
PASSED: Test 4, Vendor ID looks sane: 0x8086.
PASSED: Test 4, Valid clock period 69841279.

================================================================================
5 passed, 0 failed, 0 warning, 0 aborted, 0 skipped, 0 info only.
================================================================================

hest: HEST Hardware Error Source Table test.
--------------------------------------------------------------------------------
ACPI HEST table does not exist, skipping test
================================================================================
0 passed, 0 failed, 0 warning, 0 aborted, 1 skipped, 0 info only.
================================================================================

gtdt: GTDT Generic Timer Description Table test.
--------------------------------------------------------------------------------
ACPI GTDT table does not exist, skipping test
================================================================================
0 passed, 0 failed, 0 warning, 0 aborted, 1 skipped, 0 info only.
================================================================================

fpdt: FPDT Firmware Performance Data Table test.
--------------------------------------------------------------------------------
Test 1 of 1: FPDT Firmware Performance Data Table test.
    Firmware Basic Boot Performance Pointer Record:
    Perf Rec Type:	0x0000
    Rec Length:	0x10
    Revision:	0x01
    Reserved:	0x00000000
    FBPT Pointer:	0x00000000aafe5f98
Note: currently fwts does not check FBPT validity and the associated data
  S3 Performance Table Pointer Record:
    Perf Rec Type:	0x0001
    Rec Length:	0x10
    Revision:	0x01
    Reserved:	0x00000000
    S3PT Pointer:	0x00000000aafe5f18
Note: currently fwts does not check S3PT validity and the associated data
PASSED: Test 1, No issues found in FPDT table.

================================================================================
1 passed, 0 failed, 0 warning, 0 aborted, 0 skipped, 0 info only.
================================================================================

fan: Simple fan tests.
--------------------------------------------------------------------------------
Test 1 of 2: Test fan status.
Test how many fans there are in the system. Check for the current status of the
fan(s).
PASSED: Test 1, Fan cooling_device0 of type Processor has max cooling state 10
and current cooling state 0.
PASSED: Test 1, Fan cooling_device1 of type Processor has max cooling state 10
and current cooling state 0.
PASSED: Test 1, Fan cooling_device2 of type Processor has max cooling state 10
and current cooling state 0.
PASSED: Test 1, Fan cooling_device3 of type Processor has max cooling state 10
and current cooling state 0.
FAILED [MEDIUM] NoFanCurState: Test 1, Fan present but has no cur_state present.

Test 2 of 2: Load system, check CPU fan status.
Test how many fans there are in the system. Check for the current status of the
fan(s).
Loading CPUs for 20 seconds to try and get fan speeds to change.
Fan cooling_device0 current state did not change from value 0 while CPUs were
busy.
Fan cooling_device1 current state did not change from value 0 while CPUs were
busy.
Fan cooling_device2 current state did not change from value 0 while CPUs were
busy.
Fan cooling_device3 current state did not change from value 0 while CPUs were
busy.

ADVICE: Did not detect any change in the CPU related thermal cooling device
states. It could be that the devices are returning static information back to
the driver and/or the fan speed is automatically being controlled by firmware
using System Management Mode in which case the kernel interfaces being examined
may not work anyway.


================================================================================
4 passed, 1 failed, 0 warning, 0 aborted, 0 skipped, 0 info only.
================================================================================

fadt: FADT Fixed ACPI Description Table tests.
--------------------------------------------------------------------------------
Test 1 of 3: Test FADT ACPI Description Table tests.
PASSED: Test 1, No issues found in FADT table.

Test 2 of 3: Test FADT SCI_EN bit is enabled.
FADT Preferred PM Profile: 2 (Mobile) 
FADT is greater than ACPI version 1.0
PASSED: Test 2, SCI_EN bit in PM1a Control Register Block is enabled.

Test 3 of 3: Test FADT reset register.
PASSED: Test 3, FADT reset register width is 8 bits wide as expected.
PASSED: Test 3, FADT register bit offset is 0 as expected.

================================================================================
4 passed, 0 failed, 0 warning, 0 aborted, 0 skipped, 0 info only.
================================================================================

facs: FACS Firmware ACPI Control Structure test.
--------------------------------------------------------------------------------
Test 1 of 1: FACS Firmware ACPI Control Structure test.
FACS Firmware ACPI Control Structure:
  Signature:                'FACS'
  Length:                   0x00000040
  Hardware Signature:       0x00000000
  Firmware Waking Vector:   0x00000000
  Global Lock:              0x00000000
  Flags:                    0x00000000
  X-Firmware Waking Vector: 0x0000000000000000
  Version:                  0x02
  Reserved:                 0x00 0x00 0x00
  OSPM Flags:               0x00000000
  Reserved:                 0x00 0x00 0x00 0x00
  Reserved:                 0x00 0x00 0x00 0x00
  Reserved:                 0x00 0x00 0x00 0x00
  Reserved:                 0x00 0x00 0x00 0x00
  Reserved:                 0x00 0x00 0x00 0x00
  Reserved:                 0x00 0x00 0x00 0x00
PASSED: Test 1, No issues found in FACS table.

================================================================================
1 passed, 0 failed, 0 warning, 0 aborted, 0 skipped, 0 info only.
================================================================================

erst: ERST Error Record Serialization Table test.
--------------------------------------------------------------------------------
ACPI ERST table does not exist, skipping test
================================================================================
0 passed, 0 failed, 0 warning, 0 aborted, 1 skipped, 0 info only.
================================================================================

ecdt: ECDT Embedded Controller Boot Resources Table test.
--------------------------------------------------------------------------------
ACPI ECDT table does not exist, skipping test
================================================================================
0 passed, 0 failed, 0 warning, 0 aborted, 1 skipped, 0 info only.
================================================================================

dmar: DMA Remapping (VT-d) test.
--------------------------------------------------------------------------------
Test 1 of 1: DMA Remapping test.
PASSED: Test 1, DMAR ACPI table has passed test.
PASSED: Test 1, Found no DMAR errors in kernel log.

================================================================================
2 passed, 0 failed, 0 warning, 0 aborted, 0 skipped, 0 info only.
================================================================================

dbg2: DBG2 (Debug Port Table 2) test.
--------------------------------------------------------------------------------
ACPI DBG2 table does not exist, skipping test
================================================================================
0 passed, 0 failed, 0 warning, 0 aborted, 1 skipped, 0 info only.
================================================================================

dbgp: DBGP (Debug Port) Table test.
--------------------------------------------------------------------------------
Test 1 of 1: DBGP (Debug Port) Table test.
DBGP Table:
  Interface Type            0x01 (16550 subset interface)
  Reserved:                 0x00
  Reserved:                 0x00
  Reserved:                 0x00
  Base Address:
    Address Space ID:       0x01
    Register Bit Width      0x10
    Register Bit Offset     0x00
    Access Size             0x00
    Address                 0x00000000000003f8

PASSED: Test 1, No issues found in DBGP table.

================================================================================
1 passed, 0 failed, 0 warning, 0 aborted, 0 skipped, 0 info only.
================================================================================

cstates: Processor C state support test.
--------------------------------------------------------------------------------
Test 1 of 1: Test all CPUs C-states.
This test checks if all processors have the same number of C-states, if the
C-state counter works and if C-state transitions happen.
Processor 0 has not reached C1 C3 C6 during tests. This is not a failure,
however it is not a complete and thorough test.
Processor 1 has not reached C3 C6 during tests. This is not a failure, however
it is not a complete and thorough test.
PASSED: Test 1, Processor 1 has the same number of C-states as processor 0
Processor 2 has not reached C1 C3 C6 during tests. This is not a failure,
however it is not a complete and thorough test.
PASSED: Test 1, Processor 2 has the same number of C-states as processor 0
Processor 3 has not reached C1 C3 C6 during tests. This is not a failure,
however it is not a complete and thorough test.
PASSED: Test 1, Processor 3 has the same number of C-states as processor 0

================================================================================
3 passed, 0 failed, 0 warning, 0 aborted, 0 skipped, 0 info only.
================================================================================

csrt: CSRT Core System Resource Table test.
--------------------------------------------------------------------------------
ACPI CSRT table does not exist, skipping test
================================================================================
0 passed, 0 failed, 0 warning, 0 aborted, 1 skipped, 0 info only.
================================================================================

cpep: CPEP Corrected Platform Error Polling Table test.
--------------------------------------------------------------------------------
ACPI CPEP table does not exist, skipping test
================================================================================
0 passed, 0 failed, 0 warning, 0 aborted, 1 skipped, 0 info only.
================================================================================

checksum: ACPI table checksum test.
--------------------------------------------------------------------------------
Test 1 of 1: ACPI table checksum test.
PASSED: Test 1, Table RSDP has correct checksum 0xd0.
PASSED: Test 1, Table RSDP has correct extended checksum 0x41.
PASSED: Test 1, Table XSDT has correct checksum 0xc3
PASSED: Test 1, Table DSDT has correct checksum 0x98
PASSED: Test 1, Table FACP has correct checksum 0xd1
PASSED: Test 1, Table SLIC has correct checksum 0x13
PASSED: Test 1, Table UEFI has correct checksum 0x86
PASSED: Test 1, Table ASF! has correct checksum 0x1e
PASSED: Test 1, Table HPET has correct checksum 0xe1
PASSED: Test 1, Table APIC has correct checksum 0x45
PASSED: Test 1, Table MCFG has correct checksum 0x09
PASSED: Test 1, Table SLIC has correct checksum 0x13
PASSED: Test 1, Table SSDT has correct checksum 0x1c
PASSED: Test 1, Table BOOT has correct checksum 0xa1
PASSED: Test 1, Table ASPT has correct checksum 0xcf
PASSED: Test 1, Table DBGP has correct checksum 0xe3
PASSED: Test 1, Table FPDT has correct checksum 0xee
PASSED: Test 1, Table MSDM has correct checksum 0x41
PASSED: Test 1, Table SSDT has correct checksum 0x16
PASSED: Test 1, Table SSDT has correct checksum 0x28
PASSED: Test 1, Table DMAR has correct checksum 0x3c
PASSED: Test 1, Table RSDT has correct checksum 0x0d

================================================================================
22 passed, 0 failed, 0 warning, 0 aborted, 0 skipped, 0 info only.
================================================================================

autobrightness: Automated LCD brightness test.
--------------------------------------------------------------------------------
Test 1 of 2: Test for maximum and actual brightness.
PASSED: Test 1, Maximum brightness for intel_backlight is 4882 which is sane.
PASSED: Test 1, Actual brightness for intel_backlight is 4095 which is in range
0..4882.

Test 2 of 2: Change actual brightness.
FAILED [MEDIUM] BrightnessMismatch: Test 2, 249 brightness levels did not match
the brightnesss level just set for backlight intel_backlight.
The failed brightness levels were: 10 29 49 69 88 108 127 147 167 186 206 225
245 265 284 304 324 343 363 382 402 422 441 461 480 500 520 539 559 578 598 618
637 657 676 696 716 735 755 774 794 814 833 853 872 892 912 931 951 971 990 1010
1029 1049 1069 1088 1108 1127 1147 1167 1186 1206 1225 1245 1265 1284 1304 1323
1343 1363 1382 1402 1421 1441 1461 1480 1500 1519 1539 1559 1578 1598 1618 1637
1657 1676 1696 1716 1735 1755 1774 1794 1814 1833 1853 1872 1892 1912 1931 1951
1970 1990 2010 2029 2049 2068 2088 2108 2127 2147 2167 2186 2206 2225 2245 2265
2284 2304 2323 2343 2363 2382 2402 2421 2441 2461 2480 2500 2519 2539 2559 2578
2598 2617 2637 2657 2676 2696 2715 2735 2755 2774 2794 2814 2833 2853 2872 2892
2912 2931 2951 2970 2990 3010 3029 3049 3068 3088 3108 3127 3147 3166 3186 3206
3225 3245 3264 3284 3304 3323 3343 3363 3382 3402 3421 3441 3461 3480 3500 3519
3539 3559 3578 3598 3617 3637 3657 3676 3696 3715 3735 3755 3774 3794 3813 3833
3853 3872 3892 3911 3931 3951 3970 3990 4010 4029 4049 4068 4088 4108 4127 4147
4166 4186 4206 4225 4245 4264 4284 4304 4323 4343 4362 4382 4402 4421 4441 4460
4480 4500 4519 4539 4558 4578 4598 4617 4637 4657 4676 4696 4715 4735 4755 4774
4794 4813 4833 4853 4872.

================================================================================
2 passed, 1 failed, 0 warning, 0 aborted, 0 skipped, 0 info only.
================================================================================

boot: BOOT Table test.
--------------------------------------------------------------------------------
Test 1 of 1: BOOT Table test.
BOOT Table:
  CMOS Index:               0x44
  Reserved:                 0x00
  Reserved:                 0x00
  Reserved:                 0x00

CMOS value:             Bit 0x1
  PnP OS                [0] 0x1
  Booting Bit           [1] 0x0
  DIAG Bit              [2] 0x0
  SUPPRESSBOOTDISPLAY   [3] 0x0
  RESERVED            [4-6] 0x0
  PARITY                [7] 0x0
PASSED: Test 1, No issues found in BOOT table.

================================================================================
1 passed, 0 failed, 0 warning, 0 aborted, 0 skipped, 0 info only.
================================================================================

bgrt: BGRT Boot Graphics Resource Table test.
--------------------------------------------------------------------------------
ACPI BGRT table does not exist, skipping test
================================================================================
0 passed, 0 failed, 0 warning, 0 aborted, 1 skipped, 0 info only.
================================================================================

bert: BERT Boot Error Record Table test.
--------------------------------------------------------------------------------
ACPI BERT table does not exist, skipping test
================================================================================
0 passed, 0 failed, 0 warning, 0 aborted, 1 skipped, 0 info only.
================================================================================

aspt: ASPT Table test.
--------------------------------------------------------------------------------
Test 1 of 1: ASPT Table test.
ASPT Table:
  SPTT Start Address: 0x00000000
  SPTT End Address:   0x00000000
  AMRT Start Address: 0x00000000
  AMRT End Address:   0x00000000

PASSED: Test 1, No issues found in ASPT table.

================================================================================
1 passed, 0 failed, 0 warning, 0 aborted, 0 skipped, 0 info only.
================================================================================

asf: ASF! Alert Standard Format Table test.
--------------------------------------------------------------------------------
Test 1 of 1: ASF! Alert Standard Format Table test.
ASF! Hardware Error Source Table
PASSED: Test 1, No issues found in ASF! ASF_INFO record.
PASSED: Test 1, No issues found in ASF! ASF_ALRT record.
PASSED: Test 1, No issues found in ASF! ASF_RCTL record.
PASSED: Test 1, No issues found in ASF! ASF_RMCP record.
PASSED: Test 1, No issues found in ASF! ASF_ADDR record.
PASSED: Test 1, No issues found in ASF! table.

================================================================================
6 passed, 0 failed, 0 warning, 0 aborted, 0 skipped, 0 info only.
================================================================================

apicinstance: Test for single instance of APIC/MADT table.
--------------------------------------------------------------------------------
Test 1 of 1: Test for single instance of APIC/MADT table.
Found APIC/MADT table APIC @ aaff8000, length 0x140 
PASSED: Test 1, Found 1 APIC/MADT table(s), as expected.

================================================================================
1 passed, 0 failed, 0 warning, 0 aborted, 0 skipped, 0 info only.
================================================================================

acpitables: ACPI table headers sanity tests.
--------------------------------------------------------------------------------
Test 1 of 1: Test ACPI headers.
PASSED: Test 1, Table XSDT has valid signature and ID strings.
PASSED: Test 1, Table DSDT has valid signature and ID strings.
PASSED: Test 1, Table FACP has valid signature and ID strings.
PASSED: Test 1, Table SLIC has valid signature and ID strings.
PASSED: Test 1, Table UEFI has valid signature and ID strings.
PASSED: Test 1, Table ASF! has valid signature and ID strings.
PASSED: Test 1, Table HPET has valid signature and ID strings.
PASSED: Test 1, Table APIC has valid signature and ID strings.
PASSED: Test 1, Table MCFG has valid signature and ID strings.
PASSED: Test 1, Table SLIC has valid signature and ID strings.
PASSED: Test 1, Table SSDT has valid signature and ID strings.
PASSED: Test 1, Table BOOT has valid signature and ID strings.
PASSED: Test 1, Table ASPT has valid signature and ID strings.
PASSED: Test 1, Table DBGP has valid signature and ID strings.
PASSED: Test 1, Table FPDT has valid signature and ID strings.
PASSED: Test 1, Table MSDM has valid signature and ID strings.
PASSED: Test 1, Table SSDT has valid signature and ID strings.
PASSED: Test 1, Table SSDT has valid signature and ID strings.
PASSED: Test 1, Table DMAR has valid signature and ID strings.
PASSED: Test 1, Table RSDT has valid signature and ID strings.

================================================================================
20 passed, 0 failed, 0 warning, 0 aborted, 0 skipped, 0 info only.
================================================================================


664 passed, 111 failed, 5 warnings, 3 aborted, 191 skipped, 10 info only.

Test Failure Summary
================================================================================

Critical failures: NONE

High failures: 43
 klog: HIGH Kernel message: [    0.307651] \_SB_.PCI0:_OSC invalid UUID
 klog: HIGH Kernel message: [   29.262046] ACPI Warning: SystemIO range 0x0000000000000428-0x000000000000042F conflicts with OpRegion 0x0000000000000400-0x000000000000047F (\PMIO) (20150619/utaddress-254)
 klog: HIGH Kernel message: [   29.262060] ACPI Warning: SystemIO range 0x0000000000000540-0x000000000000054F conflicts with OpRegion 0x0000000000000500-0x0000000000000563 (\GPIO) (20150619/utaddress-254)
 klog: HIGH Kernel message: [   29.262068] ACPI Warning: SystemIO range 0x0000000000000530-0x000000000000053F conflicts with OpRegion 0x0000000000000500-0x0000000000000563 (\GPIO) (20150619/utaddress-254)
 klog: HIGH Kernel message: [   29.262116] ACPI Warning: SystemIO range 0x0000000000000500-0x000000000000052F conflicts with OpRegion 0x0000000000000500-0x0000000000000563 (\GPIO) (20150619/utaddress-254)
 uefirtauthvar: Failed to create authenticated variable with UEFI runtime service.
 uefirtauthvar: Failed to set authenticated variable with UEFI runtime service.
 uefirttime: Failed to get wakeup time with UEFI runtime service.
 syntaxcheck: Assembler error in line 225
 syntaxcheck: Assembler error in line 245
 syntaxcheck: Assembler error in line 246
 syntaxcheck: Assembler error in line 265
 syntaxcheck: Assembler error in line 266
 syntaxcheck: Assembler error in line 285
 syntaxcheck: Assembler error in line 286
 syntaxcheck: Assembler error in line 305
 syntaxcheck: Assembler error in line 306
 syntaxcheck: Assembler error in line 325
 syntaxcheck: Assembler error in line 326
 syntaxcheck: Assembler error in line 345
 syntaxcheck: Assembler error in line 346
 syntaxcheck: Assembler error in line 365
 syntaxcheck: Assembler error in line 366
 syntaxcheck: Assembler error in line 385
 syntaxcheck: Assembler error in line 516
 syntaxcheck: Assembler error in line 527
 syntaxcheck: Assembler error in line 528
 syntaxcheck: Assembler error in line 547
 syntaxcheck: Assembler error in line 548
 syntaxcheck: Assembler error in line 567
 syntaxcheck: Assembler error in line 568
 syntaxcheck: Assembler error in line 587
 syntaxcheck: Assembler error in line 588
 syntaxcheck: Assembler error in line 607
 syntaxcheck: Assembler error in line 608
 syntaxcheck: Assembler error in line 627
 syntaxcheck: Assembler error in line 628
 syntaxcheck: Assembler error in line 647
 syntaxcheck: Assembler error in line 648
 syntaxcheck: Assembler error in line 667
 syntaxcheck: Assembler error in line 668
 syntaxcheck: Assembler error in line 718
 syntaxcheck: Compilation aborted early due to a parser detected syntax error.

Medium failures: 21
 uefibootpath: The length of BIOS Boot Specification Device Path is 9 bytes is not matching with adding the length of Description String 13 bytes.
 aspm: PCIe ASPM setting was not matched.
 cpufreq: CPU max frequency is unreachable
 cpufreq: Can't set CPU frequencies
 apicedge: Non-Legacy interrupt 0 is incorrectly level triggered.
 apicedge: Non-Legacy interrupt 1 is incorrectly level triggered.
 apicedge: Non-Legacy interrupt 8 is incorrectly level triggered.
 apicedge: Non-Legacy interrupt 12 is incorrectly level triggered.
 syntaxcheck: Assembler warning in line 1449
 syntaxcheck: Assembler warning in line 3612
 syntaxcheck: Assembler warning in line 6861
 syntaxcheck: Assembler warning in line 108
 syntaxcheck: Assembler warning in line 201
 syntaxcheck: Assembler warning in line 268
 syntaxcheck: Assembler warning in line 315
 syntaxcheck: Assembler warning in line 362
 syntaxcheck: Assembler warning in line 409
 syntaxcheck: Assembler warning in line 456
 syntaxcheck: Assembler warning in line 503
 fan: Fan present but has no cur_state present.
 autobrightness: 249 brightness levels did not match the brightnesss level just set for backlight intel_backlight.

Low failures: 28
 klog: LOW Kernel message: [   29.262123] lpc_ich: Resource conflict(s) found affecting gpio_ich
 dmicheck: String index 0x03 in table entry 'Processor Information (Type 4)' @ 0xaaebc118, field 'Serial Number', offset 0x20 has a default value 'To Be Filled By O.E.M.' and probably has not been updated by the BIOS vendor.
 dmicheck: String index 0x05 in table entry 'Processor Information (Type 4)' @ 0xaaebc118, field 'Asset Tag', offset 0x21 has a default value 'To Be Filled By O.E.M.' and probably has not been updated by the BIOS vendor.
 dmicheck: String index 0x06 in table entry 'Processor Information (Type 4)' @ 0xaaebc118, field 'Part Number', offset 0x22 has a default value 'To Be Filled By O.E.M.' and probably has not been updated by the BIOS vendor.
 dmicheck: String index 0x02 in table entry 'Memory Device (Type 17)' @ 0xaaebc61d, field 'Manufacturer', offset 0x17 has a default value 'Unknown' and probably has not been updated by the BIOS vendor.
 dmicheck: String index 0x04 in table entry 'Memory Device (Type 17)' @ 0xaaebc61d, field 'Asset Tag', offset 0x19 has a default value 'Unknown' and probably has not been updated by the BIOS vendor.
 dmicheck: String index 0x04 in table entry 'Memory Device (Type 17)' @ 0xaaebc673, field 'Asset Tag', offset 0x19 has a default value 'Unknown' and probably has not been updated by the BIOS vendor.
 dmicheck: Out of range string index 0x06 while accessing entry 'Portable Battery (Type 22)' @ 0xaaebc78e, field 'Device Chemistry', offset 0x09
 syntaxcheck: Assembler remark in line 3316
 syntaxcheck: Assembler remark in line 3370
 syntaxcheck: Assembler remark in line 3396
 syntaxcheck: Assembler remark in line 3401
 syntaxcheck: Assembler remark in line 4181
 syntaxcheck: Assembler remark in line 4234
 syntaxcheck: Assembler remark in line 5282
 syntaxcheck: Assembler remark in line 7169
 syntaxcheck: Assembler remark in line 9182
 syntaxcheck: Assembler remark in line 9255
 syntaxcheck: Assembler remark in line 9379
 syntaxcheck: Assembler remark in line 9538
 syntaxcheck: Assembler remark in line 9665
 syntaxcheck: Assembler remark in line 172
 syntaxcheck: Assembler remark in line 118
 syntaxcheck: Assembler remark in line 133
 syntaxcheck: Assembler remark in line 136
 syntaxcheck: Assembler remark in line 162
 syntaxcheck: Assembler remark in line 241
 syntaxcheck: Assembler remark in line 251

Other failures: NONE

Test           |Pass |Fail |Abort|Warn |Skip |Info |
---------------+-----+-----+-----+-----+-----+-----+
acpiinfo       |     |     |     |     |     |    3|
acpitables     |   20|     |     |     |     |     |
apicedge       |     |    4|     |     |     |     |
apicinstance   |    1|     |     |     |     |     |
asf            |    6|     |     |     |     |     |
aspm           |    1|    1|     |    1|     |     |
aspt           |    1|     |     |     |     |     |
autobrightness |    2|    1|     |     |     |     |
bert           |     |     |     |     |    1|     |
bgrt           |     |     |     |     |    1|     |
bios32         |     |     |     |     |    1|     |
bios_info      |     |     |     |     |     |    1|
boot           |    1|     |     |     |     |     |
checksum       |   22|     |     |     |     |     |
cpep           |     |     |     |     |    1|     |
cpufreq        |    3|    2|     |    4|    2|     |
crs            |    1|     |     |     |     |     |
csm            |     |     |     |     |     |    1|
csrt           |     |     |     |     |    1|     |
cstates        |    3|     |     |     |     |     |
dbg2           |     |     |     |     |    1|     |
dbgp           |    1|     |     |     |     |     |
dmar           |    2|     |     |     |     |     |
dmicheck       |   74|    7|     |     |    1|     |
ebda           |     |     |     |     |    1|     |
ecdt           |     |     |     |     |    1|     |
erst           |     |     |     |     |    1|     |
facs           |    1|     |     |     |     |     |
fadt           |    4|     |     |     |     |     |
fan            |    4|    1|     |     |     |     |
fpdt           |    1|     |     |     |     |     |
gtdt           |     |     |     |     |    1|     |
hda_audio      |    2|     |     |     |     |     |
hest           |     |     |     |     |    1|     |
hpet           |    5|     |     |     |     |     |
iort           |     |     |     |     |    1|     |
klog           |     |    6|     |     |     |     |
lpit           |     |     |     |     |    1|     |
madt           |    1|     |     |     |     |     |
maxfreq        |    1|     |     |     |     |     |
maxreadreq     |    1|     |     |     |     |     |
mcfg           |    2|     |     |     |     |     |
mchi           |     |     |     |     |    1|     |
method         |  304|     |     |     |  157|     |
microcode      |     |     |     |     |    1|     |
mpcheck        |    9|     |     |     |     |     |
msdm           |    1|     |     |     |     |     |
msr            |   96|     |     |     |     |     |
mtrr           |    2|     |     |     |    1|     |
nx             |    3|     |     |     |     |     |
oops           |    2|     |     |     |     |     |
osilinux       |    1|     |     |     |     |     |
pcc            |     |     |     |     |     |    1|
pciirq         |    4|     |     |     |     |     |
pnp            |    2|     |     |     |     |     |
rsdp           |    1|     |     |     |     |     |
rsdt           |    1|     |     |     |     |     |
sbst           |     |     |     |     |    1|     |
securebootcert |    3|     |     |     |    1|     |
slic           |    1|     |     |     |     |     |
slit           |     |     |     |     |    1|     |
spcr           |     |     |     |     |    1|     |
spmi           |     |     |     |     |    1|     |
srat           |     |     |     |     |    1|     |
stao           |     |     |     |     |    1|     |
syntaxcheck    |     |   69|     |     |     |     |
tcpa           |     |     |    1|     |     |     |
tpm2           |     |     |    1|     |     |     |
uefi           |    1|     |     |     |     |     |
uefibootpath   |    2|    4|     |     |     |     |
uefirtauthvar  |    4|    2|     |     |    6|     |
uefirtmisc     |   13|     |     |     |     |     |
uefirttime     |   21|   14|     |     |     |     |
uefirtvariable |   25|     |     |     |     |     |
version        |     |     |     |     |     |    4|
virt           |    1|     |     |     |     |     |
waet           |     |     |     |     |    1|     |
wakealarm      |    4|     |     |     |     |     |
wdat           |     |     |     |     |    1|     |
wmi            |    2|     |     |     |     |     |
xenv           |     |     |    1|     |     |     |
xsdt           |    1|     |     |     |     |     |
---------------+-----+-----+-----+-----+-----+-----+
Total:         |  664|  111|    3|    5|  191|   10|
---------------+-----+-----+-----+-----+-----+-----+
